#
# There is insufficient memory for the Java Runtime Environment to continue.
# Native memory allocation (malloc) failed to allocate 2115056 bytes for Chunk::new
# Possible reasons:
#   The system is out of physical RAM or swap space
#   The process is running with CompressedOops enabled, and the Java Heap may be blocking the growth of the native heap
# Possible solutions:
#   Reduce memory load on the system
#   Increase physical memory or swap space
#   Check if swap backing store is full
#   Decrease Java heap size (-Xmx/-Xms)
#   Decrease number of Java threads
#   Decrease Java thread stack sizes (-Xss)
#   Set larger code cache with -XX:ReservedCodeCacheSize=
#   JVM is running with Unscaled Compressed Oops mode in which the Java heap is
#     placed in the first 4GB address space. The Java Heap base address is the
#     maximum limit for the native heap growth. Please use -XX:HeapBaseMinAddress
#     to set the Java Heap base and to place the Java Heap above 4GB virtual address.
# This output file may be truncated or incomplete.
#
#  Out of Memory Error (./src/hotspot/share/memory/arena.cpp:197), pid=14104, tid=20376
#
# JRE version: OpenJDK Runtime Environment (11.0.13) (build 11.0.13+0-b1751.21-8125866)
# Java VM: OpenJDK 64-Bit Server VM (11.0.13+0-b1751.21-8125866, mixed mode, tiered, compressed oops, g1 gc, windows-amd64)
# No core dump will be written. Minidumps are not enabled by default on client versions of Windows
#

---------------  S U M M A R Y ------------

Command Line: --add-opens=java.base/java.util=ALL-UNNAMED --add-opens=java.base/java.lang=ALL-UNNAMED --add-opens=java.base/java.lang.invoke=ALL-UNNAMED --add-opens=java.base/java.util=ALL-UNNAMED --add-opens=java.prefs/java.util.prefs=ALL-UNNAMED --add-opens=java.prefs/java.util.prefs=ALL-UNNAMED --add-opens=java.base/java.nio.charset=ALL-UNNAMED --add-opens=java.base/java.net=ALL-UNNAMED --add-opens=java.base/java.util.concurrent.atomic=ALL-UNNAMED -Xmx2048m -Dfile.encoding=UTF-8 -Duser.country=US -Duser.language=en -Duser.variant org.gradle.launcher.daemon.bootstrap.GradleDaemon 7.4

Host: Intel(R) Core(TM) i5-8250U CPU @ 1.60GHz, 8 cores, 15G,  Windows 11 , 64 bit Build 22000 (10.0.22000.1761)
Time: Fri Apr 28 15:47:15 2023 FLE Daylight Time elapsed time: 13.074024 seconds (0d 0h 0m 13s)

---------------  T H R E A D  ---------------

Current thread (0x0000023504062000):  JavaThread "C2 CompilerThread0" daemon [_thread_in_native, id=20376, stack(0x000000672d900000,0x000000672da00000)]


Current CompileTask:
C2:  13074 7418       4       org.gradle.internal.instantiation.generator.AbstractClassGenerator::inspectType (560 bytes)

Stack: [0x000000672d900000,0x000000672da00000]
Native frames: (J=compiled Java code, j=interpreted, Vv=VM code, C=native code)
V  [jvm.dll+0x6100fa]
V  [jvm.dll+0x747090]
V  [jvm.dll+0x7486ad]
V  [jvm.dll+0x748d83]
V  [jvm.dll+0x24ab48]
V  [jvm.dll+0xc04dc]
V  [jvm.dll+0xc0a0c]
V  [jvm.dll+0x35eb9d]
V  [jvm.dll+0x32b833]
V  [jvm.dll+0x32ad2a]
V  [jvm.dll+0x2032b2]
V  [jvm.dll+0x202437]
V  [jvm.dll+0x188e01]
V  [jvm.dll+0x21106b]
V  [jvm.dll+0x20f8c1]
V  [jvm.dll+0x70de0f]
V  [jvm.dll+0x706a75]
V  [jvm.dll+0x60ed66]
C  [ucrtbase.dll+0x26c0c]
C  [KERNEL32.DLL+0x15590]
C  [ntdll.dll+0x485b]


---------------  P R O C E S S  ---------------

Threads class SMR info:
_java_thread_list=0x000002350c6b52a0, length=124, elements={
0x00000235692d3000, 0x0000023504034000, 0x0000023504038000, 0x000002350405f000,
0x0000023504060000, 0x0000023504061000, 0x0000023504062000, 0x0000023504065800,
0x00000235040aa800, 0x0000023504228800, 0x00000235062e7800, 0x000002350451e800,
0x00000235049cc800, 0x00000235067b2800, 0x00000235061db000, 0x0000023506aa7800,
0x00000235056c5800, 0x00000235056c6800, 0x00000235056dd800, 0x0000023507042800,
0x0000023506e69000, 0x0000023506e68800, 0x0000023506e6a000, 0x0000023506e6b000,
0x0000023506e6c800, 0x0000023506e6b800, 0x0000023506e6d000, 0x0000023506e67800,
0x0000023506e6e000, 0x0000023506926000, 0x0000023506927000, 0x0000023506925800,
0x0000023506928000, 0x0000023506928800, 0x0000023506923000, 0x000002350692e800,
0x000002350692f000, 0x000002350692a800, 0x000002350692d800, 0x0000023506929800,
0x000002350692b000, 0x000002350692c000, 0x000002350692c800, 0x0000023507875000,
0x000002350787a000, 0x000002350787b000, 0x000002350787b800, 0x0000023507876800,
0x0000023507879000, 0x0000023507877800, 0x0000023507876000, 0x000002350787d800,
0x000002350787c800, 0x000002350787e000, 0x0000023507878800, 0x000002350787f000,
0x000002350787f800, 0x0000023507883000, 0x0000023507882000, 0x0000023507880800,
0x0000023507881800, 0x0000023507884000, 0x000002350a9a5800, 0x000002350a9a4000,
0x000002350a9a8000, 0x000002350a9a6800, 0x000002350a9a3000, 0x000002350a9a7000,
0x000002350a9a8800, 0x000002350a9aa800, 0x000002350a9a9800, 0x000002350a9a4800,
0x000002350a9ae800, 0x000002350a9ad800, 0x000002350a9b0000, 0x000002350a9b1000,
0x000002350a9af800, 0x000002350a9ab000, 0x000002350a9b1800, 0x000002350a9ac000,
0x000002350a9ad000, 0x0000023507a3a800, 0x0000023507a40800, 0x0000023507a41000,
0x0000023507a3f000, 0x0000023507a3b800, 0x0000023507a3f800, 0x0000023507a3c800,
0x0000023507a42000, 0x0000023507a43000, 0x0000023507a3d000, 0x0000023507a43800,
0x0000023507a3e000, 0x0000023507a44800, 0x0000023507a48800, 0x0000023507a45800,
0x0000023507a46000, 0x0000023507a47000, 0x0000023507a49800, 0x0000023507a47800,
0x0000023507b12800, 0x0000023507b13800, 0x0000023507b11800, 0x0000023507b0d800,
0x0000023507b10000, 0x0000023507b11000, 0x0000023507b14000, 0x0000023507b0e800,
0x0000023507b15000, 0x0000023507b0f800, 0x0000023507b1b800, 0x0000023507b16000,
0x0000023507b18000, 0x0000023507b1c800, 0x0000023507b17800, 0x0000023507b19000,
0x0000023507b16800, 0x0000023507b1a000, 0x0000023507b1a800, 0x0000023507b00000,
0x0000023507aff800, 0x0000023505c17000, 0x0000023507b01000, 0x000002350c751000
}

Java Threads: ( => current thread )
  0x00000235692d3000 JavaThread "main" [_thread_blocked, id=4144, stack(0x000000672cd00000,0x000000672ce00000)]
  0x0000023504034000 JavaThread "Reference Handler" daemon [_thread_blocked, id=16060, stack(0x000000672d400000,0x000000672d500000)]
  0x0000023504038000 JavaThread "Finalizer" daemon [_thread_blocked, id=20092, stack(0x000000672d500000,0x000000672d600000)]
  0x000002350405f000 JavaThread "Signal Dispatcher" daemon [_thread_blocked, id=10732, stack(0x000000672d600000,0x000000672d700000)]
  0x0000023504060000 JavaThread "Attach Listener" daemon [_thread_blocked, id=12048, stack(0x000000672d700000,0x000000672d800000)]
  0x0000023504061000 JavaThread "Service Thread" daemon [_thread_blocked, id=3456, stack(0x000000672d800000,0x000000672d900000)]
=>0x0000023504062000 JavaThread "C2 CompilerThread0" daemon [_thread_in_native, id=20376, stack(0x000000672d900000,0x000000672da00000)]
  0x0000023504065800 JavaThread "C1 CompilerThread0" daemon [_thread_in_native, id=7644, stack(0x000000672da00000,0x000000672db00000)]
  0x00000235040aa800 JavaThread "Sweeper thread" daemon [_thread_blocked, id=7196, stack(0x000000672db00000,0x000000672dc00000)]
  0x0000023504228800 JavaThread "Common-Cleaner" daemon [_thread_blocked, id=16008, stack(0x000000672dc00000,0x000000672dd00000)]
  0x00000235062e7800 JavaThread "Daemon health stats" [_thread_blocked, id=2896, stack(0x000000672e500000,0x000000672e600000)]
  0x000002350451e800 JavaThread "Incoming local TCP Connector on port 53237" [_thread_in_native, id=16164, stack(0x000000672de00000,0x000000672df00000)]
  0x00000235049cc800 JavaThread "Daemon periodic checks" [_thread_blocked, id=15968, stack(0x000000672df00000,0x000000672e000000)]
  0x00000235067b2800 JavaThread "Daemon" [_thread_blocked, id=19588, stack(0x000000672e600000,0x000000672e700000)]
  0x00000235061db000 JavaThread "Handler for socket connection from /127.0.0.1:53237 to /127.0.0.1:53238" [_thread_in_native, id=9288, stack(0x000000672e700000,0x000000672e800000)]
  0x0000023506aa7800 JavaThread "Cancel handler" [_thread_blocked, id=14552, stack(0x000000672e800000,0x000000672e900000)]
  0x00000235056c5800 JavaThread "Daemon worker" [_thread_in_Java, id=17248, stack(0x000000672e900000,0x000000672ea00000)]
  0x00000235056c6800 JavaThread "Asynchronous log dispatcher for DefaultDaemonConnection: socket connection from /127.0.0.1:53237 to /127.0.0.1:53238" [_thread_blocked, id=2928, stack(0x000000672ea00000,0x000000672eb00000)]
  0x00000235056dd800 JavaThread "Stdin handler" [_thread_blocked, id=14408, stack(0x000000672eb00000,0x000000672ec00000)]
  0x0000023507042800 JavaThread "Daemon client event forwarder" [_thread_blocked, id=2904, stack(0x000000672ec00000,0x000000672ed00000)]
  0x0000023506e69000 JavaThread "Cache worker for journal cache (C:\Users\kosmo\.gradle\caches\journal-1)" [_thread_blocked, id=20080, stack(0x000000672ed00000,0x000000672ee00000)]
  0x0000023506e68800 JavaThread "File lock request listener" [_thread_in_native, id=10340, stack(0x000000672ee00000,0x000000672ef00000)]
  0x0000023506e6a000 JavaThread "Cache worker for file hash cache (C:\Users\kosmo\.gradle\caches\7.4\fileHashes)" [_thread_blocked, id=18728, stack(0x000000672ef00000,0x000000672f000000)]
  0x0000023506e6b000 JavaThread "File watcher server" daemon [_thread_in_native, id=2332, stack(0x000000672f400000,0x000000672f500000)]
  0x0000023506e6c800 JavaThread "File watcher consumer" daemon [_thread_blocked, id=19836, stack(0x000000672f500000,0x000000672f600000)]
  0x0000023506e6b800 JavaThread "Cache worker for checksums cache (E:\AndroidApps\ServertTest\.gradle\7.4\checksums)" [_thread_blocked, id=19160, stack(0x000000672f600000,0x000000672f700000)]
  0x0000023506e6d000 JavaThread "Cache worker for cache directory md-rule (C:\Users\kosmo\.gradle\caches\7.4\md-rule)" [_thread_blocked, id=13832, stack(0x000000672f700000,0x000000672f800000)]
  0x0000023506e67800 JavaThread "Cache worker for file hash cache (E:\AndroidApps\ServertTest\.gradle\7.4\fileHashes)" [_thread_blocked, id=20472, stack(0x000000672f800000,0x000000672f900000)]
  0x0000023506e6e000 JavaThread "Cache worker for cache directory md-supplier (C:\Users\kosmo\.gradle\caches\7.4\md-supplier)" [_thread_blocked, id=9336, stack(0x000000672f900000,0x000000672fa00000)]
  0x0000023506926000 JavaThread "Cache worker for execution history cache (C:\Users\kosmo\.gradle\caches\7.4\executionHistory)" [_thread_blocked, id=8640, stack(0x000000672fa00000,0x000000672fb00000)]
  0x0000023506927000 JavaThread "jar transforms" [_thread_blocked, id=11328, stack(0x000000672fc00000,0x000000672fd00000)]
  0x0000023506925800 JavaThread "Cache worker for file content cache (C:\Users\kosmo\.gradle\caches\7.4\fileContent)" [_thread_blocked, id=16976, stack(0x000000672fd00000,0x000000672fe00000)]
  0x0000023506928000 JavaThread "jar transforms Thread 2" [_thread_blocked, id=6608, stack(0x000000672fe00000,0x000000672ff00000)]
  0x0000023506928800 JavaThread "Cache worker for dependencies-accessors (E:\AndroidApps\ServertTest\.gradle\7.4\dependencies-accessors)" [_thread_blocked, id=1668, stack(0x000000672ff00000,0x0000006730000000)]
  0x0000023506923000 JavaThread "jar transforms Thread 3" [_thread_blocked, id=15172, stack(0x0000006730000000,0x0000006730100000)]
  0x000002350692e800 JavaThread "Cache worker for Build Output Cleanup Cache (E:\AndroidApps\ServertTest\.gradle\buildOutputCleanup)" [_thread_blocked, id=20108, stack(0x0000006730100000,0x0000006730200000)]
  0x000002350692f000 JavaThread "Unconstrained build operations" [_thread_blocked, id=464, stack(0x0000006730200000,0x0000006730300000)]
  0x000002350692a800 JavaThread "Unconstrained build operations Thread 2" [_thread_blocked, id=7768, stack(0x0000006730300000,0x0000006730400000)]
  0x000002350692d800 JavaThread "Unconstrained build operations Thread 3" [_thread_blocked, id=19468, stack(0x0000006730400000,0x0000006730500000)]
  0x0000023506929800 JavaThread "Unconstrained build operations Thread 4" [_thread_blocked, id=16732, stack(0x0000006730500000,0x0000006730600000)]
  0x000002350692b000 JavaThread "Unconstrained build operations Thread 5" [_thread_blocked, id=11020, stack(0x0000006730600000,0x0000006730700000)]
  0x000002350692c000 JavaThread "Unconstrained build operations Thread 6" [_thread_blocked, id=9048, stack(0x0000006730700000,0x0000006730800000)]
  0x000002350692c800 JavaThread "Unconstrained build operations Thread 7" [_thread_blocked, id=1708, stack(0x0000006730800000,0x0000006730900000)]
  0x0000023507875000 JavaThread "Unconstrained build operations Thread 8" [_thread_blocked, id=6476, stack(0x0000006730900000,0x0000006730a00000)]
  0x000002350787a000 JavaThread "Unconstrained build operations Thread 9" [_thread_blocked, id=19796, stack(0x0000006730a00000,0x0000006730b00000)]
  0x000002350787b000 JavaThread "Unconstrained build operations Thread 10" [_thread_blocked, id=15388, stack(0x0000006730b00000,0x0000006730c00000)]
  0x000002350787b800 JavaThread "Unconstrained build operations Thread 11" [_thread_blocked, id=14760, stack(0x0000006730c00000,0x0000006730d00000)]
  0x0000023507876800 JavaThread "Unconstrained build operations Thread 12" [_thread_blocked, id=16660, stack(0x0000006730d00000,0x0000006730e00000)]
  0x0000023507879000 JavaThread "Unconstrained build operations Thread 13" [_thread_blocked, id=11092, stack(0x0000006730e00000,0x0000006730f00000)]
  0x0000023507877800 JavaThread "Unconstrained build operations Thread 14" [_thread_blocked, id=11856, stack(0x0000006730f00000,0x0000006731000000)]
  0x0000023507876000 JavaThread "Unconstrained build operations Thread 15" [_thread_blocked, id=5104, stack(0x0000006731000000,0x0000006731100000)]
  0x000002350787d800 JavaThread "Unconstrained build operations Thread 16" [_thread_blocked, id=19964, stack(0x0000006731100000,0x0000006731200000)]
  0x000002350787c800 JavaThread "Unconstrained build operations Thread 17" [_thread_blocked, id=8508, stack(0x0000006731200000,0x0000006731300000)]
  0x000002350787e000 JavaThread "Unconstrained build operations Thread 18" [_thread_blocked, id=1664, stack(0x0000006731300000,0x0000006731400000)]
  0x0000023507878800 JavaThread "Unconstrained build operations Thread 19" [_thread_blocked, id=6660, stack(0x0000006731400000,0x0000006731500000)]
  0x000002350787f000 JavaThread "Unconstrained build operations Thread 20" [_thread_blocked, id=17288, stack(0x0000006731500000,0x0000006731600000)]
  0x000002350787f800 JavaThread "Unconstrained build operations Thread 21" [_thread_blocked, id=20400, stack(0x0000006731600000,0x0000006731700000)]
  0x0000023507883000 JavaThread "Unconstrained build operations Thread 22" [_thread_blocked, id=8996, stack(0x0000006731700000,0x0000006731800000)]
  0x0000023507882000 JavaThread "Unconstrained build operations Thread 23" [_thread_blocked, id=19996, stack(0x0000006731800000,0x0000006731900000)]
  0x0000023507880800 JavaThread "Unconstrained build operations Thread 24" [_thread_blocked, id=19820, stack(0x0000006731900000,0x0000006731a00000)]
  0x0000023507881800 JavaThread "Unconstrained build operations Thread 25" [_thread_blocked, id=19960, stack(0x0000006731a00000,0x0000006731b00000)]
  0x0000023507884000 JavaThread "Unconstrained build operations Thread 26" [_thread_blocked, id=8896, stack(0x0000006731b00000,0x0000006731c00000)]
  0x000002350a9a5800 JavaThread "Unconstrained build operations Thread 27" [_thread_blocked, id=12720, stack(0x0000006731c00000,0x0000006731d00000)]
  0x000002350a9a4000 JavaThread "Unconstrained build operations Thread 28" [_thread_blocked, id=17620, stack(0x0000006731d00000,0x0000006731e00000)]
  0x000002350a9a8000 JavaThread "Unconstrained build operations Thread 29" [_thread_blocked, id=7120, stack(0x0000006731e00000,0x0000006731f00000)]
  0x000002350a9a6800 JavaThread "Unconstrained build operations Thread 30" [_thread_blocked, id=9932, stack(0x0000006731f00000,0x0000006732000000)]
  0x000002350a9a3000 JavaThread "Unconstrained build operations Thread 31" [_thread_blocked, id=9592, stack(0x0000006732000000,0x0000006732100000)]
  0x000002350a9a7000 JavaThread "Unconstrained build operations Thread 32" [_thread_blocked, id=7728, stack(0x0000006732100000,0x0000006732200000)]
  0x000002350a9a8800 JavaThread "Unconstrained build operations Thread 33" [_thread_blocked, id=11924, stack(0x0000006732200000,0x0000006732300000)]
  0x000002350a9aa800 JavaThread "Unconstrained build operations Thread 34" [_thread_blocked, id=14636, stack(0x0000006732300000,0x0000006732400000)]
  0x000002350a9a9800 JavaThread "Unconstrained build operations Thread 35" [_thread_blocked, id=16076, stack(0x0000006732400000,0x0000006732500000)]
  0x000002350a9a4800 JavaThread "Unconstrained build operations Thread 36" [_thread_blocked, id=11820, stack(0x0000006732500000,0x0000006732600000)]
  0x000002350a9ae800 JavaThread "Unconstrained build operations Thread 37" [_thread_blocked, id=18464, stack(0x0000006732600000,0x0000006732700000)]
  0x000002350a9ad800 JavaThread "Unconstrained build operations Thread 38" [_thread_blocked, id=19924, stack(0x0000006732700000,0x0000006732800000)]
  0x000002350a9b0000 JavaThread "Unconstrained build operations Thread 39" [_thread_blocked, id=2224, stack(0x0000006732800000,0x0000006732900000)]
  0x000002350a9b1000 JavaThread "Unconstrained build operations Thread 40" [_thread_blocked, id=8224, stack(0x0000006732900000,0x0000006732a00000)]
  0x000002350a9af800 JavaThread "Unconstrained build operations Thread 41" [_thread_blocked, id=6396, stack(0x0000006732a00000,0x0000006732b00000)]
  0x000002350a9ab000 JavaThread "Unconstrained build operations Thread 42" [_thread_blocked, id=15688, stack(0x0000006732b00000,0x0000006732c00000)]
  0x000002350a9b1800 JavaThread "Unconstrained build operations Thread 43" [_thread_blocked, id=6284, stack(0x0000006732c00000,0x0000006732d00000)]
  0x000002350a9ac000 JavaThread "Unconstrained build operations Thread 44" [_thread_blocked, id=4496, stack(0x0000006732d00000,0x0000006732e00000)]
  0x000002350a9ad000 JavaThread "Unconstrained build operations Thread 45" [_thread_blocked, id=8444, stack(0x0000006732e00000,0x0000006732f00000)]
  0x0000023507a3a800 JavaThread "Unconstrained build operations Thread 46" [_thread_blocked, id=2664, stack(0x0000006732f00000,0x0000006733000000)]
  0x0000023507a40800 JavaThread "Unconstrained build operations Thread 47" [_thread_blocked, id=19548, stack(0x0000006733000000,0x0000006733100000)]
  0x0000023507a41000 JavaThread "Unconstrained build operations Thread 48" [_thread_blocked, id=11036, stack(0x0000006733100000,0x0000006733200000)]
  0x0000023507a3f000 JavaThread "Unconstrained build operations Thread 49" [_thread_blocked, id=20088, stack(0x0000006733200000,0x0000006733300000)]
  0x0000023507a3b800 JavaThread "Unconstrained build operations Thread 50" [_thread_blocked, id=3412, stack(0x0000006733300000,0x0000006733400000)]
  0x0000023507a3f800 JavaThread "Unconstrained build operations Thread 51" [_thread_blocked, id=20476, stack(0x0000006733400000,0x0000006733500000)]
  0x0000023507a3c800 JavaThread "Unconstrained build operations Thread 52" [_thread_blocked, id=10356, stack(0x0000006733500000,0x0000006733600000)]
  0x0000023507a42000 JavaThread "Unconstrained build operations Thread 53" [_thread_blocked, id=16700, stack(0x0000006733600000,0x0000006733700000)]
  0x0000023507a43000 JavaThread "Unconstrained build operations Thread 54" [_thread_blocked, id=11400, stack(0x0000006733700000,0x0000006733800000)]
  0x0000023507a3d000 JavaThread "Unconstrained build operations Thread 55" [_thread_blocked, id=5840, stack(0x0000006733800000,0x0000006733900000)]
  0x0000023507a43800 JavaThread "Unconstrained build operations Thread 56" [_thread_blocked, id=4652, stack(0x0000006733900000,0x0000006733a00000)]
  0x0000023507a3e000 JavaThread "Unconstrained build operations Thread 57" [_thread_blocked, id=10804, stack(0x0000006733a00000,0x0000006733b00000)]
  0x0000023507a44800 JavaThread "Unconstrained build operations Thread 58" [_thread_blocked, id=13024, stack(0x0000006733b00000,0x0000006733c00000)]
  0x0000023507a48800 JavaThread "Unconstrained build operations Thread 59" [_thread_blocked, id=11492, stack(0x0000006733c00000,0x0000006733d00000)]
  0x0000023507a45800 JavaThread "Unconstrained build operations Thread 60" [_thread_blocked, id=19720, stack(0x0000006733d00000,0x0000006733e00000)]
  0x0000023507a46000 JavaThread "Unconstrained build operations Thread 61" [_thread_blocked, id=12792, stack(0x0000006733e00000,0x0000006733f00000)]
  0x0000023507a47000 JavaThread "Unconstrained build operations Thread 62" [_thread_blocked, id=8832, stack(0x0000006733f00000,0x0000006734000000)]
  0x0000023507a49800 JavaThread "Unconstrained build operations Thread 63" [_thread_blocked, id=12632, stack(0x0000006734000000,0x0000006734100000)]
  0x0000023507a47800 JavaThread "Unconstrained build operations Thread 64" [_thread_blocked, id=14620, stack(0x0000006734100000,0x0000006734200000)]
  0x0000023507b12800 JavaThread "Unconstrained build operations Thread 65" [_thread_blocked, id=4820, stack(0x0000006734200000,0x0000006734300000)]
  0x0000023507b13800 JavaThread "Unconstrained build operations Thread 66" [_thread_blocked, id=15620, stack(0x0000006734300000,0x0000006734400000)]
  0x0000023507b11800 JavaThread "Unconstrained build operations Thread 67" [_thread_blocked, id=18336, stack(0x0000006734400000,0x0000006734500000)]
  0x0000023507b0d800 JavaThread "Unconstrained build operations Thread 68" [_thread_blocked, id=16372, stack(0x0000006734500000,0x0000006734600000)]
  0x0000023507b10000 JavaThread "Unconstrained build operations Thread 69" [_thread_blocked, id=6464, stack(0x0000006734600000,0x0000006734700000)]
  0x0000023507b11000 JavaThread "Unconstrained build operations Thread 70" [_thread_blocked, id=20352, stack(0x0000006734700000,0x0000006734800000)]
  0x0000023507b14000 JavaThread "Unconstrained build operations Thread 71" [_thread_blocked, id=1212, stack(0x0000006734800000,0x0000006734900000)]
  0x0000023507b0e800 JavaThread "Unconstrained build operations Thread 72" [_thread_blocked, id=15552, stack(0x0000006734900000,0x0000006734a00000)]
  0x0000023507b15000 JavaThread "Unconstrained build operations Thread 73" [_thread_blocked, id=17736, stack(0x0000006734a00000,0x0000006734b00000)]
  0x0000023507b0f800 JavaThread "Unconstrained build operations Thread 74" [_thread_blocked, id=6020, stack(0x0000006734b00000,0x0000006734c00000)]
  0x0000023507b1b800 JavaThread "Unconstrained build operations Thread 75" [_thread_blocked, id=13236, stack(0x0000006734c00000,0x0000006734d00000)]
  0x0000023507b16000 JavaThread "Unconstrained build operations Thread 76" [_thread_blocked, id=7636, stack(0x0000006734d00000,0x0000006734e00000)]
  0x0000023507b18000 JavaThread "Unconstrained build operations Thread 77" [_thread_blocked, id=9376, stack(0x0000006734e00000,0x0000006734f00000)]
  0x0000023507b1c800 JavaThread "Unconstrained build operations Thread 78" [_thread_blocked, id=8696, stack(0x0000006734f00000,0x0000006735000000)]
  0x0000023507b17800 JavaThread "Unconstrained build operations Thread 79" [_thread_blocked, id=20104, stack(0x0000006735000000,0x0000006735100000)]
  0x0000023507b19000 JavaThread "Unconstrained build operations Thread 80" [_thread_blocked, id=18156, stack(0x0000006735100000,0x0000006735200000)]
  0x0000023507b16800 JavaThread "jar transforms Thread 4" [_thread_blocked, id=5688, stack(0x0000006735200000,0x0000006735300000)]
  0x0000023507b1a000 JavaThread "jar transforms Thread 5" [_thread_blocked, id=15188, stack(0x0000006735300000,0x0000006735400000)]
  0x0000023507b1a800 JavaThread "jar transforms Thread 6" [_thread_blocked, id=18704, stack(0x0000006735400000,0x0000006735500000)]
  0x0000023507b00000 JavaThread "jar transforms Thread 7" [_thread_blocked, id=10980, stack(0x0000006735500000,0x0000006735600000)]
  0x0000023507aff800 JavaThread "jar transforms Thread 8" [_thread_blocked, id=11484, stack(0x0000006735600000,0x0000006735700000)]
  0x0000023505c17000 JavaThread "C2 CompilerThread1" daemon [_thread_in_native, id=8984, stack(0x000000672f300000,0x000000672f400000)]
  0x0000023507b01000 JavaThread "Memory manager" [_thread_blocked, id=17092, stack(0x000000672fb00000,0x000000672fc00000)]
  0x000002350c751000 JavaThread "C2 CompilerThread2" daemon [_thread_in_native, id=18652, stack(0x0000006735700000,0x0000006735800000)]

Other Threads:
  0x000002357f7ad800 VMThread "VM Thread" [stack: 0x000000672d300000,0x000000672d400000] [id=10436]
  0x0000023504245000 WatcherThread [stack: 0x000000672dd00000,0x000000672de00000] [id=9956]
  0x00000235692ed800 GCTaskThread "GC Thread#0" [stack: 0x000000672ce00000,0x000000672cf00000] [id=5876]
  0x000002350527f000 GCTaskThread "GC Thread#1" [stack: 0x000000672e000000,0x000000672e100000] [id=2784]
  0x00000235048d9800 GCTaskThread "GC Thread#2" [stack: 0x000000672e100000,0x000000672e200000] [id=13520]
  0x0000023504c05800 GCTaskThread "GC Thread#3" [stack: 0x000000672e200000,0x000000672e300000] [id=16932]
  0x00000235052c6000 GCTaskThread "GC Thread#4" [stack: 0x000000672e300000,0x000000672e400000] [id=11324]
  0x0000023505328800 GCTaskThread "GC Thread#5" [stack: 0x000000672e400000,0x000000672e500000] [id=18488]
  0x0000023506ed6000 GCTaskThread "GC Thread#6" [stack: 0x000000672f000000,0x000000672f100000] [id=2056]
  0x0000023506172000 GCTaskThread "GC Thread#7" [stack: 0x000000672f100000,0x000000672f200000] [id=14980]
  0x000002356931e800 ConcurrentGCThread "G1 Main Marker" [stack: 0x000000672cf00000,0x000000672d000000] [id=11532]
  0x0000023569320800 ConcurrentGCThread "G1 Conc#0" [stack: 0x000000672d000000,0x000000672d100000] [id=5268]
  0x0000023505f2b000 ConcurrentGCThread "G1 Conc#1" [stack: 0x000000672f200000,0x000000672f300000] [id=1020]
  0x00000235693ae000 ConcurrentGCThread "G1 Refine#0" [stack: 0x000000672d100000,0x000000672d200000] [id=20360]
  0x000002357f632800 ConcurrentGCThread "G1 Young RemSet Sampling" [stack: 0x000000672d200000,0x000000672d300000] [id=20176]

Threads with active compile tasks:
C2 CompilerThread0  13115 7418       4       org.gradle.internal.instantiation.generator.AbstractClassGenerator::inspectType (560 bytes)
C2 CompilerThread1  13115 7647       4       org.objectweb.asm.MethodWriter::visitLabel (328 bytes)
C2 CompilerThread2  13115 7616       4       org.gradle.internal.reflect.MethodSet::add (50 bytes)

VM state:not at safepoint (normal execution)

VM Mutex/Monitor currently owned by a thread: None

Heap address: 0x0000000080000000, size: 2048 MB, Compressed Oops mode: 32-bit
Narrow klass base: 0x0000000000000000, Narrow klass shift: 3
Compressed class space size: 1073741824 Address: 0x0000000100000000

Heap:
 garbage-first heap   total 262144K, used 103607K [0x0000000080000000, 0x0000000100000000)
  region size 1024K, 52 young (53248K), 15 survivors (15360K)
 Metaspace       used 77665K, capacity 79417K, committed 79624K, reserved 1118208K
  class space    used 10025K, capacity 10686K, committed 10752K, reserved 1048576K
Heap Regions: E=young(eden), S=young(survivor), O=old, HS=humongous(starts), HC=humongous(continues), CS=collection set, F=free, A=archive, TAMS=top-at-mark-start (previous, next)
|   0|0x0000000080000000, 0x0000000080100000, 0x0000000080100000|100%| O|  |TAMS 0x0000000080100000, 0x0000000080000000| Untracked 
|   1|0x0000000080100000, 0x0000000080200000, 0x0000000080200000|100%| O|  |TAMS 0x0000000080200000, 0x0000000080100000| Untracked 
|   2|0x0000000080200000, 0x0000000080300000, 0x0000000080300000|100%| O|  |TAMS 0x0000000080300000, 0x0000000080200000| Untracked 
|   3|0x0000000080300000, 0x0000000080400000, 0x0000000080400000|100%|HS|  |TAMS 0x0000000080400000, 0x0000000080300000| Complete 
|   4|0x0000000080400000, 0x0000000080500000, 0x0000000080500000|100%|HC|  |TAMS 0x0000000080500000, 0x0000000080400000| Complete 
|   5|0x0000000080500000, 0x0000000080600000, 0x0000000080600000|100%|HC|  |TAMS 0x0000000080600000, 0x0000000080500000| Complete 
|   6|0x0000000080600000, 0x0000000080700000, 0x0000000080700000|100%| O|  |TAMS 0x0000000080700000, 0x0000000080600000| Untracked 
|   7|0x0000000080700000, 0x0000000080800000, 0x0000000080800000|100%| O|  |TAMS 0x0000000080800000, 0x0000000080700000| Untracked 
|   8|0x0000000080800000, 0x0000000080900000, 0x0000000080900000|100%| O|  |TAMS 0x0000000080900000, 0x0000000080800000| Untracked 
|   9|0x0000000080900000, 0x0000000080a00000, 0x0000000080a00000|100%| O|  |TAMS 0x0000000080a00000, 0x0000000080900000| Untracked 
|  10|0x0000000080a00000, 0x0000000080b00000, 0x0000000080b00000|100%| O|  |TAMS 0x0000000080b00000, 0x0000000080a00000| Untracked 
|  11|0x0000000080b00000, 0x0000000080c00000, 0x0000000080c00000|100%| O|  |TAMS 0x0000000080c00000, 0x0000000080b00000| Untracked 
|  12|0x0000000080c00000, 0x0000000080d00000, 0x0000000080d00000|100%| O|  |TAMS 0x0000000080d00000, 0x0000000080c00000| Untracked 
|  13|0x0000000080d00000, 0x0000000080e00000, 0x0000000080e00000|100%| O|  |TAMS 0x0000000080e00000, 0x0000000080d00000| Untracked 
|  14|0x0000000080e00000, 0x0000000080f00000, 0x0000000080f00000|100%| O|  |TAMS 0x0000000080f00000, 0x0000000080e00000| Untracked 
|  15|0x0000000080f00000, 0x0000000081000000, 0x0000000081000000|100%| O|  |TAMS 0x0000000081000000, 0x0000000080f00000| Untracked 
|  16|0x0000000081000000, 0x0000000081100000, 0x0000000081100000|100%| O|  |TAMS 0x0000000081100000, 0x0000000081000000| Untracked 
|  17|0x0000000081100000, 0x0000000081200000, 0x0000000081200000|100%|HS|  |TAMS 0x0000000081200000, 0x0000000081100000| Complete 
|  18|0x0000000081200000, 0x0000000081300000, 0x0000000081300000|100%|HS|  |TAMS 0x0000000081300000, 0x0000000081200000| Complete 
|  19|0x0000000081300000, 0x0000000081400000, 0x0000000081400000|100%|HS|  |TAMS 0x0000000081400000, 0x0000000081300000| Complete 
|  20|0x0000000081400000, 0x0000000081500000, 0x0000000081500000|100%|HS|  |TAMS 0x0000000081500000, 0x0000000081400000| Complete 
|  21|0x0000000081500000, 0x0000000081600000, 0x0000000081600000|100%|HC|  |TAMS 0x0000000081600000, 0x0000000081500000| Complete 
|  22|0x0000000081600000, 0x0000000081700000, 0x0000000081700000|100%|HC|  |TAMS 0x0000000081700000, 0x0000000081600000| Complete 
|  23|0x0000000081700000, 0x0000000081800000, 0x0000000081800000|100%|HC|  |TAMS 0x0000000081800000, 0x0000000081700000| Complete 
|  24|0x0000000081800000, 0x0000000081900000, 0x0000000081900000|100%| O|  |TAMS 0x0000000081900000, 0x0000000081800000| Untracked 
|  25|0x0000000081900000, 0x0000000081a00000, 0x0000000081a00000|100%|HS|  |TAMS 0x0000000081a00000, 0x0000000081900000| Complete 
|  26|0x0000000081a00000, 0x0000000081b00000, 0x0000000081b00000|100%|HC|  |TAMS 0x0000000081b00000, 0x0000000081a00000| Complete 
|  27|0x0000000081b00000, 0x0000000081c00000, 0x0000000081c00000|100%| O|  |TAMS 0x0000000081c00000, 0x0000000081b00000| Untracked 
|  28|0x0000000081c00000, 0x0000000081d00000, 0x0000000081d00000|100%| O|  |TAMS 0x0000000081d00000, 0x0000000081c00000| Untracked 
|  29|0x0000000081d00000, 0x0000000081e00000, 0x0000000081e00000|100%| O|  |TAMS 0x0000000081e00000, 0x0000000081d00000| Untracked 
|  30|0x0000000081e00000, 0x0000000081f00000, 0x0000000081f00000|100%| O|  |TAMS 0x0000000081f00000, 0x0000000081e00000| Untracked 
|  31|0x0000000081f00000, 0x0000000082000000, 0x0000000082000000|100%| O|  |TAMS 0x0000000082000000, 0x0000000081f00000| Untracked 
|  32|0x0000000082000000, 0x0000000082100000, 0x0000000082100000|100%| O|  |TAMS 0x0000000082100000, 0x0000000082000000| Untracked 
|  33|0x0000000082100000, 0x0000000082200000, 0x0000000082200000|100%| O|  |TAMS 0x0000000082200000, 0x0000000082100000| Untracked 
|  34|0x0000000082200000, 0x0000000082300000, 0x0000000082300000|100%| O|  |TAMS 0x0000000082300000, 0x0000000082200000| Untracked 
|  35|0x0000000082300000, 0x0000000082400000, 0x0000000082400000|100%| O|  |TAMS 0x0000000082400000, 0x0000000082300000| Untracked 
|  36|0x0000000082400000, 0x0000000082500000, 0x0000000082500000|100%| O|  |TAMS 0x0000000082500000, 0x0000000082400000| Untracked 
|  37|0x0000000082500000, 0x0000000082600000, 0x0000000082600000|100%| O|  |TAMS 0x0000000082600000, 0x0000000082500000| Untracked 
|  38|0x0000000082600000, 0x0000000082700000, 0x0000000082700000|100%| O|  |TAMS 0x0000000082700000, 0x0000000082600000| Untracked 
|  39|0x0000000082700000, 0x0000000082800000, 0x0000000082800000|100%| O|  |TAMS 0x0000000082800000, 0x0000000082700000| Untracked 
|  40|0x0000000082800000, 0x0000000082900000, 0x0000000082900000|100%| O|  |TAMS 0x0000000082900000, 0x0000000082800000| Untracked 
|  41|0x0000000082900000, 0x0000000082a00000, 0x0000000082a00000|100%| O|  |TAMS 0x0000000082a00000, 0x0000000082900000| Untracked 
|  42|0x0000000082a00000, 0x0000000082b00000, 0x0000000082b00000|100%| O|  |TAMS 0x0000000082b00000, 0x0000000082a00000| Untracked 
|  43|0x0000000082b00000, 0x0000000082c00000, 0x0000000082c00000|100%| O|  |TAMS 0x0000000082c00000, 0x0000000082b00000| Untracked 
|  44|0x0000000082c00000, 0x0000000082d00000, 0x0000000082d00000|100%| O|  |TAMS 0x0000000082d00000, 0x0000000082c00000| Untracked 
|  45|0x0000000082d00000, 0x0000000082e00000, 0x0000000082e00000|100%| O|  |TAMS 0x0000000082e00000, 0x0000000082d00000| Untracked 
|  46|0x0000000082e00000, 0x0000000082f00000, 0x0000000082f00000|100%| O|  |TAMS 0x0000000082f00000, 0x0000000082e00000| Untracked 
|  47|0x0000000082f00000, 0x0000000083000000, 0x0000000083000000|100%| O|  |TAMS 0x0000000083000000, 0x0000000082f00000| Untracked 
|  48|0x0000000083000000, 0x0000000083100000, 0x0000000083100000|100%| O|  |TAMS 0x00000000830a9000, 0x0000000083000000| Untracked 
|  49|0x0000000083100000, 0x0000000083200000, 0x0000000083200000|100%| O|  |TAMS 0x0000000083100000, 0x0000000083100000| Untracked 
|  50|0x0000000083200000, 0x000000008322dc00, 0x0000000083300000| 17%| O|  |TAMS 0x0000000083200000, 0x0000000083200000| Untracked 
|  51|0x0000000083300000, 0x0000000083300000, 0x0000000083400000|  0%| F|  |TAMS 0x0000000083300000, 0x0000000083300000| Untracked 
|  52|0x0000000083400000, 0x0000000083400000, 0x0000000083500000|  0%| F|  |TAMS 0x0000000083400000, 0x0000000083400000| Untracked 
|  53|0x0000000083500000, 0x0000000083500000, 0x0000000083600000|  0%| F|  |TAMS 0x0000000083500000, 0x0000000083500000| Untracked 
|  54|0x0000000083600000, 0x0000000083600000, 0x0000000083700000|  0%| F|  |TAMS 0x0000000083600000, 0x0000000083600000| Untracked 
|  55|0x0000000083700000, 0x0000000083700000, 0x0000000083800000|  0%| F|  |TAMS 0x0000000083700000, 0x0000000083700000| Untracked 
|  56|0x0000000083800000, 0x0000000083800000, 0x0000000083900000|  0%| F|  |TAMS 0x0000000083800000, 0x0000000083800000| Untracked 
|  57|0x0000000083900000, 0x0000000083900000, 0x0000000083a00000|  0%| F|  |TAMS 0x0000000083900000, 0x0000000083900000| Untracked 
|  58|0x0000000083a00000, 0x0000000083a00000, 0x0000000083b00000|  0%| F|  |TAMS 0x0000000083a00000, 0x0000000083a00000| Untracked 
|  59|0x0000000083b00000, 0x0000000083b00000, 0x0000000083c00000|  0%| F|  |TAMS 0x0000000083b00000, 0x0000000083b00000| Untracked 
|  60|0x0000000083c00000, 0x0000000083c00000, 0x0000000083d00000|  0%| F|  |TAMS 0x0000000083c00000, 0x0000000083c00000| Untracked 
|  61|0x0000000083d00000, 0x0000000083d00000, 0x0000000083e00000|  0%| F|  |TAMS 0x0000000083d00000, 0x0000000083d00000| Untracked 
|  62|0x0000000083e00000, 0x0000000083e00000, 0x0000000083f00000|  0%| F|  |TAMS 0x0000000083e00000, 0x0000000083e00000| Untracked 
|  63|0x0000000083f00000, 0x0000000083f00000, 0x0000000084000000|  0%| F|  |TAMS 0x0000000083f00000, 0x0000000083f00000| Untracked 
|  64|0x0000000084000000, 0x0000000084000000, 0x0000000084100000|  0%| F|  |TAMS 0x0000000084000000, 0x0000000084000000| Untracked 
|  65|0x0000000084100000, 0x0000000084100000, 0x0000000084200000|  0%| F|  |TAMS 0x0000000084100000, 0x0000000084100000| Untracked 
|  66|0x0000000084200000, 0x0000000084200000, 0x0000000084300000|  0%| F|  |TAMS 0x0000000084200000, 0x0000000084200000| Untracked 
|  67|0x0000000084300000, 0x0000000084300000, 0x0000000084400000|  0%| F|  |TAMS 0x0000000084300000, 0x0000000084300000| Untracked 
|  68|0x0000000084400000, 0x0000000084400000, 0x0000000084500000|  0%| F|  |TAMS 0x0000000084400000, 0x0000000084400000| Untracked 
|  69|0x0000000084500000, 0x0000000084500000, 0x0000000084600000|  0%| F|  |TAMS 0x0000000084500000, 0x0000000084500000| Untracked 
|  70|0x0000000084600000, 0x0000000084600000, 0x0000000084700000|  0%| F|  |TAMS 0x0000000084600000, 0x0000000084600000| Untracked 
|  71|0x0000000084700000, 0x0000000084700000, 0x0000000084800000|  0%| F|  |TAMS 0x0000000084700000, 0x0000000084700000| Untracked 
|  72|0x0000000084800000, 0x0000000084800000, 0x0000000084900000|  0%| F|  |TAMS 0x0000000084800000, 0x0000000084800000| Untracked 
|  73|0x0000000084900000, 0x0000000084900000, 0x0000000084a00000|  0%| F|  |TAMS 0x0000000084900000, 0x0000000084900000| Untracked 
|  74|0x0000000084a00000, 0x0000000084a00000, 0x0000000084b00000|  0%| F|  |TAMS 0x0000000084a00000, 0x0000000084a00000| Untracked 
|  75|0x0000000084b00000, 0x0000000084b00000, 0x0000000084c00000|  0%| F|  |TAMS 0x0000000084b00000, 0x0000000084b00000| Untracked 
|  76|0x0000000084c00000, 0x0000000084c00000, 0x0000000084d00000|  0%| F|  |TAMS 0x0000000084c00000, 0x0000000084c00000| Untracked 
|  77|0x0000000084d00000, 0x0000000084d00000, 0x0000000084e00000|  0%| F|  |TAMS 0x0000000084d00000, 0x0000000084d00000| Untracked 
|  78|0x0000000084e00000, 0x0000000084e00000, 0x0000000084f00000|  0%| F|  |TAMS 0x0000000084e00000, 0x0000000084e00000| Untracked 
|  79|0x0000000084f00000, 0x0000000084f00000, 0x0000000085000000|  0%| F|  |TAMS 0x0000000084f00000, 0x0000000084f00000| Untracked 
|  80|0x0000000085000000, 0x0000000085000000, 0x0000000085100000|  0%| F|  |TAMS 0x0000000085000000, 0x0000000085000000| Untracked 
|  81|0x0000000085100000, 0x0000000085100000, 0x0000000085200000|  0%| F|  |TAMS 0x0000000085100000, 0x0000000085100000| Untracked 
|  82|0x0000000085200000, 0x0000000085200000, 0x0000000085300000|  0%| F|  |TAMS 0x0000000085200000, 0x0000000085200000| Untracked 
|  83|0x0000000085300000, 0x0000000085300000, 0x0000000085400000|  0%| F|  |TAMS 0x0000000085300000, 0x0000000085300000| Untracked 
|  84|0x0000000085400000, 0x0000000085400000, 0x0000000085500000|  0%| F|  |TAMS 0x0000000085400000, 0x0000000085400000| Untracked 
|  85|0x0000000085500000, 0x0000000085500000, 0x0000000085600000|  0%| F|  |TAMS 0x0000000085500000, 0x0000000085500000| Untracked 
|  86|0x0000000085600000, 0x0000000085600000, 0x0000000085700000|  0%| F|  |TAMS 0x0000000085600000, 0x0000000085600000| Untracked 
|  87|0x0000000085700000, 0x0000000085700000, 0x0000000085800000|  0%| F|  |TAMS 0x0000000085700000, 0x0000000085700000| Untracked 
|  88|0x0000000085800000, 0x0000000085800000, 0x0000000085900000|  0%| F|  |TAMS 0x0000000085800000, 0x0000000085800000| Untracked 
|  89|0x0000000085900000, 0x0000000085900000, 0x0000000085a00000|  0%| F|  |TAMS 0x0000000085900000, 0x0000000085900000| Untracked 
|  90|0x0000000085a00000, 0x0000000085a00000, 0x0000000085b00000|  0%| F|  |TAMS 0x0000000085a00000, 0x0000000085a00000| Untracked 
|  91|0x0000000085b00000, 0x0000000085b00000, 0x0000000085c00000|  0%| F|  |TAMS 0x0000000085b00000, 0x0000000085b00000| Untracked 
|  92|0x0000000085c00000, 0x0000000085c00000, 0x0000000085d00000|  0%| F|  |TAMS 0x0000000085c00000, 0x0000000085c00000| Untracked 
|  93|0x0000000085d00000, 0x0000000085d00000, 0x0000000085e00000|  0%| F|  |TAMS 0x0000000085d00000, 0x0000000085d00000| Untracked 
|  94|0x0000000085e00000, 0x0000000085e00000, 0x0000000085f00000|  0%| F|  |TAMS 0x0000000085e00000, 0x0000000085e00000| Untracked 
|  95|0x0000000085f00000, 0x0000000085f00000, 0x0000000086000000|  0%| F|  |TAMS 0x0000000085f00000, 0x0000000085f00000| Untracked 
|  96|0x0000000086000000, 0x0000000086000000, 0x0000000086100000|  0%| F|  |TAMS 0x0000000086000000, 0x0000000086000000| Untracked 
|  97|0x0000000086100000, 0x0000000086100000, 0x0000000086200000|  0%| F|  |TAMS 0x0000000086100000, 0x0000000086100000| Untracked 
|  98|0x0000000086200000, 0x0000000086200000, 0x0000000086300000|  0%| F|  |TAMS 0x0000000086200000, 0x0000000086200000| Untracked 
|  99|0x0000000086300000, 0x0000000086300000, 0x0000000086400000|  0%| F|  |TAMS 0x0000000086300000, 0x0000000086300000| Untracked 
| 100|0x0000000086400000, 0x0000000086400000, 0x0000000086500000|  0%| F|  |TAMS 0x0000000086400000, 0x0000000086400000| Untracked 
| 101|0x0000000086500000, 0x0000000086500000, 0x0000000086600000|  0%| F|  |TAMS 0x0000000086500000, 0x0000000086500000| Untracked 
| 102|0x0000000086600000, 0x0000000086600000, 0x0000000086700000|  0%| F|  |TAMS 0x0000000086600000, 0x0000000086600000| Untracked 
| 103|0x0000000086700000, 0x0000000086700000, 0x0000000086800000|  0%| F|  |TAMS 0x0000000086700000, 0x0000000086700000| Untracked 
| 104|0x0000000086800000, 0x0000000086800000, 0x0000000086900000|  0%| F|  |TAMS 0x0000000086800000, 0x0000000086800000| Untracked 
| 105|0x0000000086900000, 0x0000000086900000, 0x0000000086a00000|  0%| F|  |TAMS 0x0000000086900000, 0x0000000086900000| Untracked 
| 106|0x0000000086a00000, 0x0000000086a00000, 0x0000000086b00000|  0%| F|  |TAMS 0x0000000086a00000, 0x0000000086a00000| Untracked 
| 107|0x0000000086b00000, 0x0000000086b00000, 0x0000000086c00000|  0%| F|  |TAMS 0x0000000086b00000, 0x0000000086b00000| Untracked 
| 108|0x0000000086c00000, 0x0000000086c00000, 0x0000000086d00000|  0%| F|  |TAMS 0x0000000086c00000, 0x0000000086c00000| Untracked 
| 109|0x0000000086d00000, 0x0000000086d00000, 0x0000000086e00000|  0%| F|  |TAMS 0x0000000086d00000, 0x0000000086d00000| Untracked 
| 110|0x0000000086e00000, 0x0000000086e00000, 0x0000000086f00000|  0%| F|  |TAMS 0x0000000086e00000, 0x0000000086e00000| Untracked 
| 111|0x0000000086f00000, 0x0000000086f00000, 0x0000000087000000|  0%| F|  |TAMS 0x0000000086f00000, 0x0000000086f00000| Untracked 
| 112|0x0000000087000000, 0x0000000087000000, 0x0000000087100000|  0%| F|  |TAMS 0x0000000087000000, 0x0000000087000000| Untracked 
| 113|0x0000000087100000, 0x0000000087100000, 0x0000000087200000|  0%| F|  |TAMS 0x0000000087100000, 0x0000000087100000| Untracked 
| 114|0x0000000087200000, 0x0000000087200000, 0x0000000087300000|  0%| F|  |TAMS 0x0000000087200000, 0x0000000087200000| Untracked 
| 115|0x0000000087300000, 0x0000000087300000, 0x0000000087400000|  0%| F|  |TAMS 0x0000000087300000, 0x0000000087300000| Untracked 
| 116|0x0000000087400000, 0x0000000087400000, 0x0000000087500000|  0%| F|  |TAMS 0x0000000087400000, 0x0000000087400000| Untracked 
| 117|0x0000000087500000, 0x0000000087500000, 0x0000000087600000|  0%| F|  |TAMS 0x0000000087500000, 0x0000000087500000| Untracked 
| 118|0x0000000087600000, 0x0000000087600000, 0x0000000087700000|  0%| F|  |TAMS 0x0000000087600000, 0x0000000087600000| Untracked 
| 119|0x0000000087700000, 0x0000000087700000, 0x0000000087800000|  0%| F|  |TAMS 0x0000000087700000, 0x0000000087700000| Untracked 
| 120|0x0000000087800000, 0x0000000087800000, 0x0000000087900000|  0%| F|  |TAMS 0x0000000087800000, 0x0000000087800000| Untracked 
| 121|0x0000000087900000, 0x0000000087900000, 0x0000000087a00000|  0%| F|  |TAMS 0x0000000087900000, 0x0000000087900000| Untracked 
| 122|0x0000000087a00000, 0x0000000087a00000, 0x0000000087b00000|  0%| F|  |TAMS 0x0000000087a00000, 0x0000000087a00000| Untracked 
| 123|0x0000000087b00000, 0x0000000087b00000, 0x0000000087c00000|  0%| F|  |TAMS 0x0000000087b00000, 0x0000000087b00000| Untracked 
| 124|0x0000000087c00000, 0x0000000087c00000, 0x0000000087d00000|  0%| F|  |TAMS 0x0000000087c00000, 0x0000000087c00000| Untracked 
| 125|0x0000000087d00000, 0x0000000087d00000, 0x0000000087e00000|  0%| F|  |TAMS 0x0000000087d00000, 0x0000000087d00000| Untracked 
| 126|0x0000000087e00000, 0x0000000087f00000, 0x0000000087f00000|100%| S|CS|TAMS 0x0000000087e00000, 0x0000000087e00000| Complete 
| 127|0x0000000087f00000, 0x0000000088000000, 0x0000000088000000|100%| S|CS|TAMS 0x0000000087f00000, 0x0000000087f00000| Complete 
| 128|0x0000000088000000, 0x0000000088100000, 0x0000000088100000|100%| S|CS|TAMS 0x0000000088000000, 0x0000000088000000| Complete 
| 129|0x0000000088100000, 0x0000000088200000, 0x0000000088200000|100%| S|CS|TAMS 0x0000000088100000, 0x0000000088100000| Complete 
| 130|0x0000000088200000, 0x0000000088300000, 0x0000000088300000|100%| S|CS|TAMS 0x0000000088200000, 0x0000000088200000| Complete 
| 131|0x0000000088300000, 0x0000000088400000, 0x0000000088400000|100%| S|CS|TAMS 0x0000000088300000, 0x0000000088300000| Complete 
| 132|0x0000000088400000, 0x0000000088500000, 0x0000000088500000|100%| S|CS|TAMS 0x0000000088400000, 0x0000000088400000| Complete 
| 133|0x0000000088500000, 0x0000000088600000, 0x0000000088600000|100%| S|CS|TAMS 0x0000000088500000, 0x0000000088500000| Complete 
| 134|0x0000000088600000, 0x0000000088700000, 0x0000000088700000|100%| S|CS|TAMS 0x0000000088600000, 0x0000000088600000| Complete 
| 135|0x0000000088700000, 0x0000000088800000, 0x0000000088800000|100%| S|CS|TAMS 0x0000000088700000, 0x0000000088700000| Complete 
| 136|0x0000000088800000, 0x0000000088900000, 0x0000000088900000|100%| S|CS|TAMS 0x0000000088800000, 0x0000000088800000| Complete 
| 137|0x0000000088900000, 0x0000000088a00000, 0x0000000088a00000|100%| S|CS|TAMS 0x0000000088900000, 0x0000000088900000| Complete 
| 138|0x0000000088a00000, 0x0000000088b00000, 0x0000000088b00000|100%| S|CS|TAMS 0x0000000088a00000, 0x0000000088a00000| Complete 
| 139|0x0000000088b00000, 0x0000000088c00000, 0x0000000088c00000|100%| S|CS|TAMS 0x0000000088b00000, 0x0000000088b00000| Complete 
| 140|0x0000000088c00000, 0x0000000088d00000, 0x0000000088d00000|100%| S|CS|TAMS 0x0000000088c00000, 0x0000000088c00000| Complete 
| 141|0x0000000088d00000, 0x0000000088d00000, 0x0000000088e00000|  0%| F|  |TAMS 0x0000000088d00000, 0x0000000088d00000| Untracked 
| 142|0x0000000088e00000, 0x0000000088e00000, 0x0000000088f00000|  0%| F|  |TAMS 0x0000000088e00000, 0x0000000088e00000| Untracked 
| 143|0x0000000088f00000, 0x0000000088f00000, 0x0000000089000000|  0%| F|  |TAMS 0x0000000088f00000, 0x0000000088f00000| Untracked 
| 144|0x0000000089000000, 0x0000000089000000, 0x0000000089100000|  0%| F|  |TAMS 0x0000000089000000, 0x0000000089000000| Untracked 
| 145|0x0000000089100000, 0x0000000089100000, 0x0000000089200000|  0%| F|  |TAMS 0x0000000089100000, 0x0000000089100000| Untracked 
| 146|0x0000000089200000, 0x0000000089200000, 0x0000000089300000|  0%| F|  |TAMS 0x0000000089200000, 0x0000000089200000| Untracked 
| 147|0x0000000089300000, 0x0000000089300000, 0x0000000089400000|  0%| F|  |TAMS 0x0000000089300000, 0x0000000089300000| Untracked 
| 148|0x0000000089400000, 0x0000000089400000, 0x0000000089500000|  0%| F|  |TAMS 0x0000000089400000, 0x0000000089400000| Untracked 
| 149|0x0000000089500000, 0x0000000089500000, 0x0000000089600000|  0%| F|  |TAMS 0x0000000089500000, 0x0000000089500000| Untracked 
| 150|0x0000000089600000, 0x0000000089600000, 0x0000000089700000|  0%| F|  |TAMS 0x0000000089600000, 0x0000000089600000| Untracked 
| 151|0x0000000089700000, 0x0000000089700000, 0x0000000089800000|  0%| F|  |TAMS 0x0000000089700000, 0x0000000089700000| Untracked 
| 152|0x0000000089800000, 0x0000000089800000, 0x0000000089900000|  0%| F|  |TAMS 0x0000000089800000, 0x0000000089800000| Untracked 
| 153|0x0000000089900000, 0x0000000089900000, 0x0000000089a00000|  0%| F|  |TAMS 0x0000000089900000, 0x0000000089900000| Untracked 
| 154|0x0000000089a00000, 0x0000000089a00000, 0x0000000089b00000|  0%| F|  |TAMS 0x0000000089a00000, 0x0000000089a00000| Untracked 
| 155|0x0000000089b00000, 0x0000000089b00000, 0x0000000089c00000|  0%| F|  |TAMS 0x0000000089b00000, 0x0000000089b00000| Untracked 
| 156|0x0000000089c00000, 0x0000000089c00000, 0x0000000089d00000|  0%| F|  |TAMS 0x0000000089c00000, 0x0000000089c00000| Untracked 
| 157|0x0000000089d00000, 0x0000000089d00000, 0x0000000089e00000|  0%| F|  |TAMS 0x0000000089d00000, 0x0000000089d00000| Untracked 
| 158|0x0000000089e00000, 0x0000000089e00000, 0x0000000089f00000|  0%| F|  |TAMS 0x0000000089e00000, 0x0000000089e00000| Untracked 
| 159|0x0000000089f00000, 0x0000000089f00000, 0x000000008a000000|  0%| F|  |TAMS 0x0000000089f00000, 0x0000000089f00000| Untracked 
| 160|0x000000008a000000, 0x000000008a000000, 0x000000008a100000|  0%| F|  |TAMS 0x000000008a000000, 0x000000008a000000| Untracked 
| 161|0x000000008a100000, 0x000000008a100000, 0x000000008a200000|  0%| F|  |TAMS 0x000000008a100000, 0x000000008a100000| Untracked 
| 162|0x000000008a200000, 0x000000008a200000, 0x000000008a300000|  0%| F|  |TAMS 0x000000008a200000, 0x000000008a200000| Untracked 
| 163|0x000000008a300000, 0x000000008a300000, 0x000000008a400000|  0%| F|  |TAMS 0x000000008a300000, 0x000000008a300000| Untracked 
| 164|0x000000008a400000, 0x000000008a400000, 0x000000008a500000|  0%| F|  |TAMS 0x000000008a400000, 0x000000008a400000| Untracked 
| 165|0x000000008a500000, 0x000000008a500000, 0x000000008a600000|  0%| F|  |TAMS 0x000000008a500000, 0x000000008a500000| Untracked 
| 166|0x000000008a600000, 0x000000008a600000, 0x000000008a700000|  0%| F|  |TAMS 0x000000008a600000, 0x000000008a600000| Untracked 
| 167|0x000000008a700000, 0x000000008a700000, 0x000000008a800000|  0%| F|  |TAMS 0x000000008a700000, 0x000000008a700000| Untracked 
| 168|0x000000008a800000, 0x000000008a800000, 0x000000008a900000|  0%| F|  |TAMS 0x000000008a800000, 0x000000008a800000| Untracked 
| 169|0x000000008a900000, 0x000000008a900000, 0x000000008aa00000|  0%| F|  |TAMS 0x000000008a900000, 0x000000008a900000| Untracked 
| 170|0x000000008aa00000, 0x000000008aa00000, 0x000000008ab00000|  0%| F|  |TAMS 0x000000008aa00000, 0x000000008aa00000| Untracked 
| 171|0x000000008ab00000, 0x000000008ab00000, 0x000000008ac00000|  0%| F|  |TAMS 0x000000008ab00000, 0x000000008ab00000| Untracked 
| 172|0x000000008ac00000, 0x000000008ac00000, 0x000000008ad00000|  0%| F|  |TAMS 0x000000008ac00000, 0x000000008ac00000| Untracked 
| 173|0x000000008ad00000, 0x000000008ad00000, 0x000000008ae00000|  0%| F|  |TAMS 0x000000008ad00000, 0x000000008ad00000| Untracked 
| 174|0x000000008ae00000, 0x000000008ae00000, 0x000000008af00000|  0%| F|  |TAMS 0x000000008ae00000, 0x000000008ae00000| Untracked 
| 175|0x000000008af00000, 0x000000008af00000, 0x000000008b000000|  0%| F|  |TAMS 0x000000008af00000, 0x000000008af00000| Untracked 
| 176|0x000000008b000000, 0x000000008b000000, 0x000000008b100000|  0%| F|  |TAMS 0x000000008b000000, 0x000000008b000000| Untracked 
| 177|0x000000008b100000, 0x000000008b100000, 0x000000008b200000|  0%| F|  |TAMS 0x000000008b100000, 0x000000008b100000| Untracked 
| 178|0x000000008b200000, 0x000000008b200000, 0x000000008b300000|  0%| F|  |TAMS 0x000000008b200000, 0x000000008b200000| Untracked 
| 179|0x000000008b300000, 0x000000008b300000, 0x000000008b400000|  0%| F|  |TAMS 0x000000008b300000, 0x000000008b300000| Untracked 
| 180|0x000000008b400000, 0x000000008b400000, 0x000000008b500000|  0%| F|  |TAMS 0x000000008b400000, 0x000000008b400000| Untracked 
| 181|0x000000008b500000, 0x000000008b500000, 0x000000008b600000|  0%| F|  |TAMS 0x000000008b500000, 0x000000008b500000| Untracked 
| 182|0x000000008b600000, 0x000000008b600000, 0x000000008b700000|  0%| F|  |TAMS 0x000000008b600000, 0x000000008b600000| Untracked 
| 183|0x000000008b700000, 0x000000008b700000, 0x000000008b800000|  0%| F|  |TAMS 0x000000008b700000, 0x000000008b700000| Untracked 
| 184|0x000000008b800000, 0x000000008b800000, 0x000000008b900000|  0%| F|  |TAMS 0x000000008b800000, 0x000000008b800000| Untracked 
| 185|0x000000008b900000, 0x000000008b900000, 0x000000008ba00000|  0%| F|  |TAMS 0x000000008b900000, 0x000000008b900000| Untracked 
| 186|0x000000008ba00000, 0x000000008ba00000, 0x000000008bb00000|  0%| F|  |TAMS 0x000000008ba00000, 0x000000008ba00000| Untracked 
| 187|0x000000008bb00000, 0x000000008bb00000, 0x000000008bc00000|  0%| F|  |TAMS 0x000000008bb00000, 0x000000008bb00000| Untracked 
| 188|0x000000008bc00000, 0x000000008bc00000, 0x000000008bd00000|  0%| F|  |TAMS 0x000000008bc00000, 0x000000008bc00000| Untracked 
| 189|0x000000008bd00000, 0x000000008bd00000, 0x000000008be00000|  0%| F|  |TAMS 0x000000008bd00000, 0x000000008bd00000| Untracked 
| 190|0x000000008be00000, 0x000000008be00000, 0x000000008bf00000|  0%| F|  |TAMS 0x000000008be00000, 0x000000008be00000| Untracked 
| 191|0x000000008bf00000, 0x000000008bf00000, 0x000000008c000000|  0%| F|  |TAMS 0x000000008bf00000, 0x000000008bf00000| Untracked 
| 192|0x000000008c000000, 0x000000008c000000, 0x000000008c100000|  0%| F|  |TAMS 0x000000008c000000, 0x000000008c000000| Untracked 
| 193|0x000000008c100000, 0x000000008c100000, 0x000000008c200000|  0%| F|  |TAMS 0x000000008c100000, 0x000000008c100000| Untracked 
| 194|0x000000008c200000, 0x000000008c200000, 0x000000008c300000|  0%| F|  |TAMS 0x000000008c200000, 0x000000008c200000| Untracked 
| 195|0x000000008c300000, 0x000000008c300000, 0x000000008c400000|  0%| F|  |TAMS 0x000000008c300000, 0x000000008c300000| Untracked 
| 196|0x000000008c400000, 0x000000008c400000, 0x000000008c500000|  0%| F|  |TAMS 0x000000008c400000, 0x000000008c400000| Untracked 
| 197|0x000000008c500000, 0x000000008c500000, 0x000000008c600000|  0%| F|  |TAMS 0x000000008c500000, 0x000000008c500000| Untracked 
| 198|0x000000008c600000, 0x000000008c600000, 0x000000008c700000|  0%| F|  |TAMS 0x000000008c600000, 0x000000008c600000| Untracked 
| 199|0x000000008c700000, 0x000000008c700000, 0x000000008c800000|  0%| F|  |TAMS 0x000000008c700000, 0x000000008c700000| Untracked 
| 200|0x000000008c800000, 0x000000008c800000, 0x000000008c900000|  0%| F|  |TAMS 0x000000008c800000, 0x000000008c800000| Untracked 
| 201|0x000000008c900000, 0x000000008c900000, 0x000000008ca00000|  0%| F|  |TAMS 0x000000008c900000, 0x000000008c900000| Untracked 
| 202|0x000000008ca00000, 0x000000008ca00000, 0x000000008cb00000|  0%| F|  |TAMS 0x000000008ca00000, 0x000000008ca00000| Untracked 
| 203|0x000000008cb00000, 0x000000008cb00000, 0x000000008cc00000|  0%| F|  |TAMS 0x000000008cb00000, 0x000000008cb00000| Untracked 
| 204|0x000000008cc00000, 0x000000008cc00000, 0x000000008cd00000|  0%| F|  |TAMS 0x000000008cc00000, 0x000000008cc00000| Untracked 
| 205|0x000000008cd00000, 0x000000008cd00000, 0x000000008ce00000|  0%| F|  |TAMS 0x000000008cd00000, 0x000000008cd00000| Untracked 
| 206|0x000000008ce00000, 0x000000008ce00000, 0x000000008cf00000|  0%| F|  |TAMS 0x000000008ce00000, 0x000000008ce00000| Untracked 
| 207|0x000000008cf00000, 0x000000008cf00000, 0x000000008d000000|  0%| F|  |TAMS 0x000000008cf00000, 0x000000008cf00000| Untracked 
| 208|0x000000008d000000, 0x000000008d000000, 0x000000008d100000|  0%| F|  |TAMS 0x000000008d000000, 0x000000008d000000| Untracked 
| 209|0x000000008d100000, 0x000000008d100000, 0x000000008d200000|  0%| F|  |TAMS 0x000000008d100000, 0x000000008d100000| Untracked 
| 210|0x000000008d200000, 0x000000008d200000, 0x000000008d300000|  0%| F|  |TAMS 0x000000008d200000, 0x000000008d200000| Untracked 
| 211|0x000000008d300000, 0x000000008d300000, 0x000000008d400000|  0%| F|  |TAMS 0x000000008d300000, 0x000000008d300000| Untracked 
| 212|0x000000008d400000, 0x000000008d400000, 0x000000008d500000|  0%| F|  |TAMS 0x000000008d400000, 0x000000008d400000| Untracked 
| 213|0x000000008d500000, 0x000000008d500000, 0x000000008d600000|  0%| F|  |TAMS 0x000000008d500000, 0x000000008d500000| Untracked 
| 214|0x000000008d600000, 0x000000008d600000, 0x000000008d700000|  0%| F|  |TAMS 0x000000008d600000, 0x000000008d600000| Untracked 
| 215|0x000000008d700000, 0x000000008d700000, 0x000000008d800000|  0%| F|  |TAMS 0x000000008d700000, 0x000000008d700000| Untracked 
| 216|0x000000008d800000, 0x000000008d800000, 0x000000008d900000|  0%| F|  |TAMS 0x000000008d800000, 0x000000008d800000| Untracked 
| 217|0x000000008d900000, 0x000000008d900000, 0x000000008da00000|  0%| F|  |TAMS 0x000000008d900000, 0x000000008d900000| Untracked 
| 218|0x000000008da00000, 0x000000008da80800, 0x000000008db00000| 50%| E|  |TAMS 0x000000008da00000, 0x000000008da00000| Complete 
| 219|0x000000008db00000, 0x000000008dc00000, 0x000000008dc00000|100%| E|CS|TAMS 0x000000008db00000, 0x000000008db00000| Complete 
| 220|0x000000008dc00000, 0x000000008dd00000, 0x000000008dd00000|100%| E|CS|TAMS 0x000000008dc00000, 0x000000008dc00000| Complete 
| 221|0x000000008dd00000, 0x000000008de00000, 0x000000008de00000|100%| E|CS|TAMS 0x000000008dd00000, 0x000000008dd00000| Complete 
| 222|0x000000008de00000, 0x000000008df00000, 0x000000008df00000|100%| E|CS|TAMS 0x000000008de00000, 0x000000008de00000| Complete 
| 223|0x000000008df00000, 0x000000008e000000, 0x000000008e000000|100%| E|CS|TAMS 0x000000008df00000, 0x000000008df00000| Complete 
| 224|0x000000008e000000, 0x000000008e100000, 0x000000008e100000|100%| E|CS|TAMS 0x000000008e000000, 0x000000008e000000| Complete 
| 225|0x000000008e100000, 0x000000008e200000, 0x000000008e200000|100%| E|CS|TAMS 0x000000008e100000, 0x000000008e100000| Complete 
| 226|0x000000008e200000, 0x000000008e300000, 0x000000008e300000|100%| E|CS|TAMS 0x000000008e200000, 0x000000008e200000| Complete 
| 227|0x000000008e300000, 0x000000008e400000, 0x000000008e400000|100%| E|CS|TAMS 0x000000008e300000, 0x000000008e300000| Complete 
| 228|0x000000008e400000, 0x000000008e500000, 0x000000008e500000|100%| E|CS|TAMS 0x000000008e400000, 0x000000008e400000| Complete 
| 229|0x000000008e500000, 0x000000008e600000, 0x000000008e600000|100%| E|CS|TAMS 0x000000008e500000, 0x000000008e500000| Complete 
| 230|0x000000008e600000, 0x000000008e700000, 0x000000008e700000|100%| E|CS|TAMS 0x000000008e600000, 0x000000008e600000| Complete 
| 231|0x000000008e700000, 0x000000008e800000, 0x000000008e800000|100%| E|CS|TAMS 0x000000008e700000, 0x000000008e700000| Complete 
| 232|0x000000008e800000, 0x000000008e900000, 0x000000008e900000|100%| E|CS|TAMS 0x000000008e800000, 0x000000008e800000| Complete 
| 233|0x000000008e900000, 0x000000008ea00000, 0x000000008ea00000|100%| E|CS|TAMS 0x000000008e900000, 0x000000008e900000| Complete 
| 234|0x000000008ea00000, 0x000000008eb00000, 0x000000008eb00000|100%| E|CS|TAMS 0x000000008ea00000, 0x000000008ea00000| Complete 
| 235|0x000000008eb00000, 0x000000008ec00000, 0x000000008ec00000|100%| E|CS|TAMS 0x000000008eb00000, 0x000000008eb00000| Complete 
| 236|0x000000008ec00000, 0x000000008ed00000, 0x000000008ed00000|100%| E|CS|TAMS 0x000000008ec00000, 0x000000008ec00000| Complete 
| 237|0x000000008ed00000, 0x000000008ee00000, 0x000000008ee00000|100%| E|CS|TAMS 0x000000008ed00000, 0x000000008ed00000| Complete 
| 238|0x000000008ee00000, 0x000000008ef00000, 0x000000008ef00000|100%| E|CS|TAMS 0x000000008ee00000, 0x000000008ee00000| Complete 
| 239|0x000000008ef00000, 0x000000008f000000, 0x000000008f000000|100%| E|CS|TAMS 0x000000008ef00000, 0x000000008ef00000| Complete 
| 240|0x000000008f000000, 0x000000008f100000, 0x000000008f100000|100%| E|CS|TAMS 0x000000008f000000, 0x000000008f000000| Complete 
| 241|0x000000008f100000, 0x000000008f200000, 0x000000008f200000|100%| E|CS|TAMS 0x000000008f100000, 0x000000008f100000| Complete 
| 242|0x000000008f200000, 0x000000008f300000, 0x000000008f300000|100%| E|CS|TAMS 0x000000008f200000, 0x000000008f200000| Complete 
| 243|0x000000008f300000, 0x000000008f400000, 0x000000008f400000|100%| E|CS|TAMS 0x000000008f300000, 0x000000008f300000| Complete 
| 244|0x000000008f400000, 0x000000008f500000, 0x000000008f500000|100%| E|CS|TAMS 0x000000008f400000, 0x000000008f400000| Complete 
| 245|0x000000008f500000, 0x000000008f600000, 0x000000008f600000|100%| E|CS|TAMS 0x000000008f500000, 0x000000008f500000| Complete 
| 246|0x000000008f600000, 0x000000008f700000, 0x000000008f700000|100%| E|CS|TAMS 0x000000008f600000, 0x000000008f600000| Complete 
| 247|0x000000008f700000, 0x000000008f800000, 0x000000008f800000|100%| E|CS|TAMS 0x000000008f700000, 0x000000008f700000| Complete 
| 248|0x000000008f800000, 0x000000008f900000, 0x000000008f900000|100%| E|CS|TAMS 0x000000008f800000, 0x000000008f800000| Complete 
| 249|0x000000008f900000, 0x000000008fa00000, 0x000000008fa00000|100%| E|CS|TAMS 0x000000008f900000, 0x000000008f900000| Complete 
| 250|0x000000008fa00000, 0x000000008fb00000, 0x000000008fb00000|100%| E|CS|TAMS 0x000000008fa00000, 0x000000008fa00000| Complete 
| 251|0x000000008fb00000, 0x000000008fc00000, 0x000000008fc00000|100%| E|CS|TAMS 0x000000008fb00000, 0x000000008fb00000| Complete 
| 252|0x000000008fc00000, 0x000000008fd00000, 0x000000008fd00000|100%| E|CS|TAMS 0x000000008fc00000, 0x000000008fc00000| Complete 
| 253|0x000000008fd00000, 0x000000008fe00000, 0x000000008fe00000|100%| E|CS|TAMS 0x000000008fd00000, 0x000000008fd00000| Complete 
| 254|0x000000008fe00000, 0x000000008ff00000, 0x000000008ff00000|100%| E|CS|TAMS 0x000000008fe00000, 0x000000008fe00000| Complete 
| 255|0x000000008ff00000, 0x0000000090000000, 0x0000000090000000|100%| E|CS|TAMS 0x000000008ff00000, 0x000000008ff00000| Complete 

Card table byte_map: [0x000002357c520000,0x000002357c920000] _byte_map_base: 0x000002357c120000

Marking Bits (Prev, Next): (CMBitMap*) 0x00000235693147b0, (CMBitMap*) 0x0000023569314778
 Prev Bits: [0x0000023500000000, 0x0000023502000000)
 Next Bits: [0x000002357cd20000, 0x000002357ed20000)

Polling page: 0x0000023568ab0000

Metaspace:

Usage:
  Non-class:     67.12 MB capacity,    66.09 MB ( 98%) used,   857.59 KB (  1%) free+waste,   200.75 KB ( <1%) overhead. 
      Class:     10.44 MB capacity,     9.79 MB ( 94%) used,   564.47 KB (  5%) free+waste,    92.69 KB ( <1%) overhead. 
       Both:     77.56 MB capacity,    75.88 MB ( 98%) used,     1.39 MB (  2%) free+waste,   293.44 KB ( <1%) overhead. 

Virtual space:
  Non-class space:       68.00 MB reserved,      67.26 MB ( 99%) committed 
      Class space:        1.00 GB reserved,      10.50 MB (  1%) committed 
             Both:        1.07 GB reserved,      77.76 MB (  7%) committed 

Chunk freelists:
   Non-Class:  12.00 KB
       Class:  2.00 KB
        Both:  14.00 KB

MaxMetaspaceSize: 17179869184.00 GB
CompressedClassSpaceSize: 1.00 GB
Initial GC threshold: 20.80 MB
Current GC threshold: 98.55 MB
CDS: off

CodeHeap 'non-profiled nmethods': size=120000Kb used=4996Kb max_used=4996Kb free=115003Kb
 bounds [0x00000235748c0000, 0x0000023574db0000, 0x000002357bdf0000]
CodeHeap 'profiled nmethods': size=120000Kb used=16189Kb max_used=16189Kb free=103810Kb
 bounds [0x000002356d390000, 0x000002356e370000, 0x00000235748c0000]
CodeHeap 'non-nmethods': size=5760Kb used=2370Kb max_used=2405Kb free=3389Kb
 bounds [0x000002356cdf0000, 0x000002356d060000, 0x000002356d390000]
 total_blobs=8521 nmethods=7647 adapters=783
 compilation: enabled
              stopped_count=0, restarted_count=0
 full_count=0

Compilation events (20 events):
Event: 13.060 Thread 0x0000023505c17000 7619       4       org.objectweb.asm.ByteVector::put11 (52 bytes)
Event: 13.062 Thread 0x0000023505c17000 nmethod 7619 0x0000023574d9eb10 code [0x0000023574d9ecc0, 0x0000023574d9ee28]
Event: 13.063 Thread 0x0000023504065800 7620       3       org.gradle.internal.instantiation.generator.AbstractClassGenerator$$Lambda$91/0x000000010021f040::apply (12 bytes)
Event: 13.064 Thread 0x0000023504065800 nmethod 7620 0x000002356e349190 code [0x000002356e349360, 0x000002356e349588]
Event: 13.064 Thread 0x0000023504065800 7621       3       org.gradle.internal.instantiation.generator.AsmBackedClassGenerator::start (68 bytes)
Event: 13.064 Thread 0x0000023504065800 nmethod 7621 0x000002356e349690 code [0x000002356e349900, 0x000002356e34a168]
Event: 13.064 Thread 0x0000023504065800 7622       3       org.gradle.internal.instantiation.generator.AsmBackedClassGenerator$ClassInspectionVisitorImpl::<init> (48 bytes)
Event: 13.064 Thread 0x0000023504065800 nmethod 7622 0x000002356e34a410 code [0x000002356e34a620, 0x000002356e34ad78]
Event: 13.065 Thread 0x0000023505c17000 7623       4       org.gradle.internal.reflect.MethodSet::shouldReplace (45 bytes)
Event: 13.065 Thread 0x0000023504065800 7624       3       org.gradle.internal.instantiation.generator.AbstractClassGenerator$ExtensibleTypePropertyHandler::startType (91 bytes)
Event: 13.066 Thread 0x0000023504065800 nmethod 7624 0x000002356e34af90 code [0x000002356e34b1e0, 0x000002356e34b9f8]
Event: 13.066 Thread 0x0000023504065800 7626       3       org.gradle.internal.instantiation.generator.AbstractClassGenerator$ExtensibleTypePropertyHandler::applyTo (95 bytes)
Event: 13.066 Thread 0x0000023505c17000 nmethod 7623 0x0000023574d9ef90 code [0x0000023574d9f120, 0x0000023574d9f1d8]
Event: 13.066 Thread 0x0000023504065800 nmethod 7626 0x000002356e34bc90 code [0x000002356e34bf00, 0x000002356e34c8e8]
Event: 13.066 Thread 0x0000023504065800 7625       3       org.gradle.internal.instantiation.generator.AbstractClassGenerator$DslMixInPropertyType::startType (37 bytes)
Event: 13.067 Thread 0x0000023504065800 nmethod 7625 0x000002356e34cc90 code [0x000002356e34ce60, 0x000002356e34d0b8]
Event: 13.067 Thread 0x0000023504065800 7627       3       org.gradle.internal.instantiation.generator.ConstructorComparator::<init> (5 bytes)
Event: 13.067 Thread 0x0000023504065800 nmethod 7627 0x000002356e34d190 code [0x000002356e34d340, 0x000002356e34d498]
Event: 13.068 Thread 0x0000023504065800 7628       3       java.util.HashMap$TreeNode::find (172 bytes)
Event: 13.069 Thread 0x0000023504065800 nmethod 7628 0x000002356e34d590 code [0x000002356e34d7e0, 0x000002356e34e1d8]

GC Heap History (18 events):
Event: 0.777 GC heap before
{Heap before GC invocations=0 (full 0):
 garbage-first heap   total 262144K, used 29696K [0x0000000080000000, 0x0000000100000000)
  region size 1024K, 24 young (24576K), 0 survivors (0K)
 Metaspace       used 9806K, capacity 9964K, committed 10112K, reserved 1058816K
  class space    used 1009K, capacity 1069K, committed 1152K, reserved 1048576K
}
Event: 0.782 GC heap after
{Heap after GC invocations=1 (full 0):
 garbage-first heap   total 262144K, used 9089K [0x0000000080000000, 0x0000000100000000)
  region size 1024K, 3 young (3072K), 3 survivors (3072K)
 Metaspace       used 9806K, capacity 9964K, committed 10112K, reserved 1058816K
  class space    used 1009K, capacity 1069K, committed 1152K, reserved 1048576K
}
Event: 3.344 GC heap before
{Heap before GC invocations=1 (full 0):
 garbage-first heap   total 262144K, used 113537K [0x0000000080000000, 0x0000000100000000)
  region size 1024K, 106 young (108544K), 3 survivors (3072K)
 Metaspace       used 20740K, capacity 21193K, committed 21296K, reserved 1069056K
  class space    used 2527K, capacity 2684K, committed 2688K, reserved 1048576K
}
Event: 3.360 GC heap after
{Heap after GC invocations=2 (full 0):
 garbage-first heap   total 262144K, used 16917K [0x0000000080000000, 0x0000000100000000)
  region size 1024K, 11 young (11264K), 11 survivors (11264K)
 Metaspace       used 20740K, capacity 21193K, committed 21296K, reserved 1069056K
  class space    used 2527K, capacity 2684K, committed 2688K, reserved 1048576K
}
Event: 3.816 GC heap before
{Heap before GC invocations=3 (full 0):
 garbage-first heap   total 262144K, used 50709K [0x0000000080000000, 0x0000000100000000)
  region size 1024K, 44 young (45056K), 11 survivors (11264K)
 Metaspace       used 24052K, capacity 24577K, committed 24752K, reserved 1071104K
  class space    used 3047K, capacity 3221K, committed 3328K, reserved 1048576K
}
Event: 3.822 GC heap after
{Heap after GC invocations=4 (full 0):
 garbage-first heap   total 262144K, used 18691K [0x0000000080000000, 0x0000000100000000)
  region size 1024K, 2 young (2048K), 2 survivors (2048K)
 Metaspace       used 24052K, capacity 24577K, committed 24752K, reserved 1071104K
  class space    used 3047K, capacity 3221K, committed 3328K, reserved 1048576K
}
Event: 5.306 GC heap before
{Heap before GC invocations=4 (full 0):
 garbage-first heap   total 262144K, used 100611K [0x0000000080000000, 0x0000000100000000)
  region size 1024K, 83 young (84992K), 2 survivors (2048K)
 Metaspace       used 35003K, capacity 35767K, committed 35920K, reserved 1081344K
  class space    used 4490K, capacity 4788K, committed 4864K, reserved 1048576K
}
Event: 5.316 GC heap after
{Heap after GC invocations=5 (full 0):
 garbage-first heap   total 262144K, used 22393K [0x0000000080000000, 0x0000000100000000)
  region size 1024K, 6 young (6144K), 6 survivors (6144K)
 Metaspace       used 35003K, capacity 35767K, committed 35920K, reserved 1081344K
  class space    used 4490K, capacity 4788K, committed 4864K, reserved 1048576K
}
Event: 6.908 GC heap before
{Heap before GC invocations=6 (full 0):
 garbage-first heap   total 262144K, used 138105K [0x0000000080000000, 0x0000000100000000)
  region size 1024K, 116 young (118784K), 6 survivors (6144K)
 Metaspace       used 44710K, capacity 45686K, committed 45904K, reserved 1089536K
  class space    used 5647K, capacity 6032K, committed 6144K, reserved 1048576K
}
Event: 6.917 GC heap after
{Heap after GC invocations=7 (full 0):
 garbage-first heap   total 262144K, used 29565K [0x0000000080000000, 0x0000000100000000)
  region size 1024K, 13 young (13312K), 13 survivors (13312K)
 Metaspace       used 44710K, capacity 45686K, committed 45904K, reserved 1089536K
  class space    used 5647K, capacity 6032K, committed 6144K, reserved 1048576K
}
Event: 8.795 GC heap before
{Heap before GC invocations=7 (full 0):
 garbage-first heap   total 262144K, used 171901K [0x0000000080000000, 0x0000000100000000)
  region size 1024K, 143 young (146432K), 13 survivors (13312K)
 Metaspace       used 53055K, capacity 54491K, committed 54736K, reserved 1097728K
  class space    used 6708K, capacity 7248K, committed 7296K, reserved 1048576K
}
Event: 8.812 GC heap after
{Heap after GC invocations=8 (full 0):
 garbage-first heap   total 262144K, used 49761K [0x0000000080000000, 0x0000000100000000)
  region size 1024K, 18 young (18432K), 18 survivors (18432K)
 Metaspace       used 53055K, capacity 54491K, committed 54736K, reserved 1097728K
  class space    used 6708K, capacity 7248K, committed 7296K, reserved 1048576K
}
Event: 9.443 GC heap before
{Heap before GC invocations=8 (full 0):
 garbage-first heap   total 262144K, used 85601K [0x0000000080000000, 0x0000000100000000)
  region size 1024K, 54 young (55296K), 18 survivors (18432K)
 Metaspace       used 58688K, capacity 60171K, committed 60296K, reserved 1101824K
  class space    used 7410K, capacity 8007K, committed 8064K, reserved 1048576K
}
Event: 9.470 GC heap after
{Heap after GC invocations=9 (full 0):
 garbage-first heap   total 262144K, used 52794K [0x0000000080000000, 0x0000000100000000)
  region size 1024K, 3 young (3072K), 3 survivors (3072K)
 Metaspace       used 58688K, capacity 60171K, committed 60296K, reserved 1101824K
  class space    used 7410K, capacity 8007K, committed 8064K, reserved 1048576K
}
Event: 11.062 GC heap before
{Heap before GC invocations=10 (full 0):
 garbage-first heap   total 262144K, used 165434K [0x0000000080000000, 0x0000000100000000)
  region size 1024K, 105 young (107520K), 3 survivors (3072K)
 Metaspace       used 67266K, capacity 68792K, committed 69128K, reserved 1110016K
  class space    used 8485K, capacity 9094K, committed 9216K, reserved 1048576K
}
Event: 11.068 GC heap after
{Heap after GC invocations=11 (full 0):
 garbage-first heap   total 262144K, used 59044K [0x0000000080000000, 0x0000000100000000)
  region size 1024K, 9 young (9216K), 9 survivors (9216K)
 Metaspace       used 67266K, capacity 68792K, committed 69128K, reserved 1110016K
  class space    used 8485K, capacity 9094K, committed 9216K, reserved 1048576K
}
Event: 12.506 GC heap before
{Heap before GC invocations=11 (full 0):
 garbage-first heap   total 262144K, used 167588K [0x0000000080000000, 0x0000000100000000)
  region size 1024K, 115 young (117760K), 9 survivors (9216K)
 Metaspace       used 74506K, capacity 76174K, committed 76424K, reserved 1116160K
  class space    used 9587K, capacity 10241K, committed 10368K, reserved 1048576K
}
Event: 12.522 GC heap after
{Heap after GC invocations=12 (full 0):
 garbage-first heap   total 262144K, used 66743K [0x0000000080000000, 0x0000000100000000)
  region size 1024K, 15 young (15360K), 15 survivors (15360K)
 Metaspace       used 74506K, capacity 76174K, committed 76424K, reserved 1116160K
  class space    used 9587K, capacity 10241K, committed 10368K, reserved 1048576K
}

Deoptimization events (20 events):
Event: 12.890 Thread 0x00000235056c5800 Uncommon trap: trap_request=0xffffff4d fr.pc=0x0000023574c840c8 relative=0x0000000000000288
Event: 12.890 Thread 0x00000235056c5800 Uncommon trap: reason=unstable_if action=reinterpret pc=0x0000023574c840c8 method=java.util.HashMap.getNode(ILjava/lang/Object;)Ljava/util/HashMap$Node; @ 84 c2
Event: 12.890 Thread 0x00000235056c5800 DEOPT PACKING pc=0x0000023574c840c8 sp=0x000000672e9f8e50
Event: 12.890 Thread 0x00000235056c5800 DEOPT UNPACKING pc=0x000002356ce3a1af sp=0x000000672e9f8d70 mode 2
Event: 12.890 Thread 0x00000235056c5800 Uncommon trap: trap_request=0xffffff4d fr.pc=0x0000023574b0d96c relative=0x00000000000001ac
Event: 12.890 Thread 0x00000235056c5800 Uncommon trap: reason=unstable_if action=reinterpret pc=0x0000023574b0d96c method=java.util.HashMap.getNode(ILjava/lang/Object;)Ljava/util/HashMap$Node; @ 84 c2
Event: 12.890 Thread 0x00000235056c5800 DEOPT PACKING pc=0x0000023574b0d96c sp=0x000000672e9f8df0
Event: 12.890 Thread 0x00000235056c5800 DEOPT UNPACKING pc=0x000002356ce3a1af sp=0x000000672e9f8d78 mode 2
Event: 13.044 Thread 0x00000235056c5800 DEOPT PACKING pc=0x000002356def2df3 sp=0x000000672e9f7870
Event: 13.044 Thread 0x00000235056c5800 DEOPT UNPACKING pc=0x000002356ce3a95e sp=0x000000672e9f6e10 mode 0
Event: 13.056 Thread 0x00000235056c5800 Uncommon trap: trap_request=0xffffff4d fr.pc=0x0000023574bcd504 relative=0x0000000000000704
Event: 13.056 Thread 0x00000235056c5800 Uncommon trap: reason=unstable_if action=reinterpret pc=0x0000023574bcd504 method=java.util.HashMap.putVal(ILjava/lang/Object;Ljava/lang/Object;ZZ)Ljava/lang/Object; @ 109 c2
Event: 13.056 Thread 0x00000235056c5800 DEOPT PACKING pc=0x0000023574bcd504 sp=0x000000672e9f75d0
Event: 13.056 Thread 0x00000235056c5800 DEOPT UNPACKING pc=0x000002356ce3a1af sp=0x000000672e9f74e8 mode 2
Event: 13.056 Thread 0x00000235056c5800 Uncommon trap: trap_request=0xffffff4d fr.pc=0x0000023574d0d4b8 relative=0x0000000000000d18
Event: 13.056 Thread 0x00000235056c5800 Uncommon trap: reason=unstable_if action=reinterpret pc=0x0000023574d0d4b8 method=java.util.HashMap.putVal(ILjava/lang/Object;Ljava/lang/Object;ZZ)Ljava/lang/Object; @ 109 c2
Event: 13.056 Thread 0x00000235056c5800 DEOPT PACKING pc=0x0000023574d0d4b8 sp=0x000000672e9f7510
Event: 13.056 Thread 0x00000235056c5800 DEOPT UNPACKING pc=0x000002356ce3a1af sp=0x000000672e9f74d8 mode 2
Event: 13.069 Thread 0x00000235056c5800 DEOPT PACKING pc=0x000002356def34ec sp=0x000000672e9f6c00
Event: 13.069 Thread 0x00000235056c5800 DEOPT UNPACKING pc=0x000002356ce3a95e sp=0x000000672e9f61a0 mode 0

Classes redefined (0 events):
No events

Internal exceptions (20 events):
Event: 11.465 Thread 0x00000235056c5800 Exception <a 'java/lang/ClassNotFoundException'{0x000000008d08a0e0}: com/android/build/gradle/internal/dsl/BuildFeaturesImplBeanInfo> (0x000000008d08a0e0) thrown at [./src/hotspot/share/classfile/systemDictionary.cpp, line 231]
Event: 11.466 Thread 0x00000235056c5800 Exception <a 'java/lang/ClassNotFoundException'{0x000000008d0a9ba8}: com/android/build/gradle/internal/dsl/BuildFeaturesImplCustomizer> (0x000000008d0a9ba8) thrown at [./src/hotspot/share/classfile/systemDictionary.cpp, line 231]
Event: 11.467 Thread 0x00000235056c5800 Exception <a 'java/lang/ClassNotFoundException'{0x000000008d0d6ec8}: com/android/build/gradle/internal/dsl/ApplicationBuildFeaturesImplCustomizer> (0x000000008d0d6ec8) thrown at [./src/hotspot/share/classfile/systemDictionary.cpp, line 231]
Event: 11.468 Thread 0x00000235056c5800 Exception <a 'java/lang/ClassNotFoundException'{0x000000008d0ffc68}: com/android/build/gradle/internal/dsl/ApplicationBuildFeaturesImpl_DecoratedCustomizer> (0x000000008d0ffc68) thrown at [./src/hotspot/share/classfile/systemDictionary.cpp, line 231]
Event: 11.472 Thread 0x00000235056c5800 Exception <a 'java/lang/ClassNotFoundException'{0x000000008cfde690}: org/gradle/api/internal/artifacts/dsl/dependencies/DefaultDependencyHandler_DecoratedBeanInfo> (0x000000008cfde690) thrown at [./src/hotspot/share/classfile/systemDictionary.cpp, line 231]
Event: 11.473 Thread 0x00000235056c5800 Exception <a 'java/lang/ClassNotFoundException'{0x000000008ce30700}: org/gradle/api/internal/artifacts/dsl/dependencies/DefaultDependencyHandlerBeanInfo> (0x000000008ce30700) thrown at [./src/hotspot/share/classfile/systemDictionary.cpp, line 231]
Event: 11.474 Thread 0x00000235056c5800 Exception <a 'java/lang/ClassNotFoundException'{0x000000008ce826a8}: org/gradle/api/internal/artifacts/dsl/dependencies/DefaultDependencyHandlerCustomizer> (0x000000008ce826a8) thrown at [./src/hotspot/share/classfile/systemDictionary.cpp, line 231]
Event: 11.476 Thread 0x00000235056c5800 Exception <a 'java/lang/ClassNotFoundException'{0x000000008cefe790}: org/gradle/api/internal/artifacts/dsl/dependencies/DefaultDependencyHandler_DecoratedCustomizer> (0x000000008cefe790) thrown at [./src/hotspot/share/classfile/systemDictionary.cpp, line 231]
Event: 12.301 Thread 0x00000235056c5800 Exception <a 'java/lang/ClassNotFoundException'{0x0000000089e65bd8}: com/android/build/gradle/internal/api/ApkVariantOutputImpl_DecoratedBeanInfo> (0x0000000089e65bd8) thrown at [./src/hotspot/share/classfile/systemDictionary.cpp, line 231]
Event: 12.303 Thread 0x00000235056c5800 Exception <a 'java/lang/ClassNotFoundException'{0x0000000089e837a8}: com/android/build/gradle/internal/api/ApkVariantOutputImplBeanInfo> (0x0000000089e837a8) thrown at [./src/hotspot/share/classfile/systemDictionary.cpp, line 231]
Event: 12.304 Thread 0x00000235056c5800 Exception <a 'java/lang/ClassNotFoundException'{0x0000000089ea19b8}: com/android/build/gradle/internal/api/BaseVariantOutputImplBeanInfo> (0x0000000089ea19b8) thrown at [./src/hotspot/share/classfile/systemDictionary.cpp, line 231]
Event: 12.305 Thread 0x00000235056c5800 Exception <a 'java/lang/ClassNotFoundException'{0x0000000089ebfc50}: com/android/build/gradle/internal/api/BaseVariantOutputImplCustomizer> (0x0000000089ebfc50) thrown at [./src/hotspot/share/classfile/systemDictionary.cpp, line 231]
Event: 12.307 Thread 0x00000235056c5800 Exception <a 'java/lang/ClassNotFoundException'{0x0000000089ef0d80}: com/android/build/gradle/internal/api/ApkVariantOutputImplCustomizer> (0x0000000089ef0d80) thrown at [./src/hotspot/share/classfile/systemDictionary.cpp, line 231]
Event: 12.308 Thread 0x00000235056c5800 Exception <a 'java/lang/ClassNotFoundException'{0x0000000089d1e510}: com/android/build/gradle/internal/api/ApkVariantOutputImpl_DecoratedCustomizer> (0x0000000089d1e510) thrown at [./src/hotspot/share/classfile/systemDictionary.cpp, line 231]
Event: 12.407 Thread 0x00000235056c5800 Exception <a 'java/lang/ClassNotFoundException'{0x0000000089ada668}: com/android/build/gradle/internal/api/ReadOnlyBuildTypeBeanInfo> (0x0000000089ada668) thrown at [./src/hotspot/share/classfile/systemDictionary.cpp, line 231]
Event: 12.408 Thread 0x00000235056c5800 Exception <a 'java/lang/ClassNotFoundException'{0x0000000089af8938}: com/android/build/gradle/internal/api/ReadOnlyBaseConfigBeanInfo> (0x0000000089af8938) thrown at [./src/hotspot/share/classfile/systemDictionary.cpp, line 231]
Event: 12.409 Thread 0x00000235056c5800 Exception <a 'java/lang/ClassNotFoundException'{0x0000000089917728}: com/android/build/gradle/internal/api/ReadOnlyBaseConfigCustomizer> (0x0000000089917728) thrown at [./src/hotspot/share/classfile/systemDictionary.cpp, line 231]
Event: 12.410 Thread 0x00000235056c5800 Exception <a 'java/lang/ClassNotFoundException'{0x0000000089945148}: com/android/build/gradle/internal/api/ReadOnlyBuildTypeCustomizer> (0x0000000089945148) thrown at [./src/hotspot/share/classfile/systemDictionary.cpp, line 231]
Event: 12.667 Thread 0x00000235056c5800 Implicit null exception at 0x0000023574b4ca2f to 0x0000023574b4d1a0
Event: 12.667 Thread 0x00000235056c5800 Implicit null exception at 0x0000023574b4da96 to 0x0000023574b4e214

Events (20 events):
Event: 13.070 loading class org/gradle/api/internal/file/copy/CopySpecInternal$CopySpecAddress
Event: 13.070 loading class org/gradle/api/internal/file/copy/CopySpecInternal$CopySpecAddress done
Event: 13.070 loading class org/gradle/api/tasks/AbstractCopyTask
Event: 13.070 loading class org/gradle/api/tasks/AbstractCopyTask done
Event: 13.070 loading class org/gradle/api/Task
Event: 13.070 loading class org/gradle/api/Task done
Event: 13.070 loading class org/gradle/api/Task
Event: 13.070 loading class org/gradle/api/Task done
Event: 13.070 loading class org/gradle/api/tasks/AbstractCopyTask
Event: 13.070 loading class org/gradle/api/tasks/AbstractCopyTask done
Event: 13.071 loading class org/gradle/api/internal/file/copy/SingleParentCopySpec
Event: 13.071 loading class org/gradle/api/internal/file/copy/SingleParentCopySpec done
Event: 13.071 loading class org/gradle/api/internal/file/copy/DefaultCopySpec$DefaultCopySpecResolver
Event: 13.071 loading class org/gradle/api/internal/file/copy/DefaultCopySpec$DefaultCopySpecResolver done
Event: 13.072 loading class org/gradle/api/internal/file/copy/CopySpecInternal$CopySpecAddress
Event: 13.072 loading class org/gradle/api/internal/file/copy/CopySpecInternal$CopySpecAddress done
Event: 13.072 loading class org/gradle/api/internal/file/copy/CopySpecInternal$CopySpecAddress
Event: 13.072 loading class org/gradle/api/internal/file/copy/CopySpecInternal$CopySpecAddress done
Event: 13.072 loading class org/gradle/api/internal/file/copy/DefaultCopySpec
Event: 13.072 loading class org/gradle/api/internal/file/copy/DefaultCopySpec done


Dynamic libraries:
0x00007ff7128b0000 - 0x00007ff7128ba000 	C:\Users\kosmo\AppData\Local\JetBrains\Toolbox\apps\AndroidStudio\ch-0\213.7172.25.2113.9123335\jre\bin\java.exe
0x00007ff9c3020000 - 0x00007ff9c3229000 	C:\Windows\SYSTEM32\ntdll.dll
0x00007ff9c2090000 - 0x00007ff9c214e000 	C:\Windows\System32\KERNEL32.DLL
0x00007ff9c0a10000 - 0x00007ff9c0d93000 	C:\Windows\System32\KERNELBASE.dll
0x00007ff9c0880000 - 0x00007ff9c0991000 	C:\Windows\System32\ucrtbase.dll
0x00007ff9856d0000 - 0x00007ff9856e9000 	C:\Users\kosmo\AppData\Local\JetBrains\Toolbox\apps\AndroidStudio\ch-0\213.7172.25.2113.9123335\jre\bin\jli.dll
0x00007ff984d60000 - 0x00007ff984d77000 	C:\Users\kosmo\AppData\Local\JetBrains\Toolbox\apps\AndroidStudio\ch-0\213.7172.25.2113.9123335\jre\bin\VCRUNTIME140.dll
0x00007ff9c1df0000 - 0x00007ff9c1f9d000 	C:\Windows\System32\USER32.dll
0x00007ff9ab590000 - 0x00007ff9ab835000 	C:\Windows\WinSxS\amd64_microsoft.windows.common-controls_6595b64144ccf1df_6.0.22000.120_none_9d947278b86cc467\COMCTL32.dll
0x00007ff9c0e60000 - 0x00007ff9c0e86000 	C:\Windows\System32\win32u.dll
0x00007ff9c1c20000 - 0x00007ff9c1cc3000 	C:\Windows\System32\msvcrt.dll
0x00007ff9c1fa0000 - 0x00007ff9c1fc9000 	C:\Windows\System32\GDI32.dll
0x00007ff9c04d0000 - 0x00007ff9c05ea000 	C:\Windows\System32\gdi32full.dll
0x00007ff9c0760000 - 0x00007ff9c07fd000 	C:\Windows\System32\msvcp_win.dll
0x00007ff9c21b0000 - 0x00007ff9c21e1000 	C:\Windows\System32\IMM32.DLL
0x00007ff97e420000 - 0x00007ff97e4bd000 	C:\Users\kosmo\AppData\Local\JetBrains\Toolbox\apps\AndroidStudio\ch-0\213.7172.25.2113.9123335\jre\bin\msvcp140.dll
0x00007ff964a10000 - 0x00007ff965512000 	C:\Users\kosmo\AppData\Local\JetBrains\Toolbox\apps\AndroidStudio\ch-0\213.7172.25.2113.9123335\jre\bin\server\jvm.dll
0x00007ff9c2760000 - 0x00007ff9c280e000 	C:\Windows\System32\ADVAPI32.dll
0x00007ff9c1010000 - 0x00007ff9c10ae000 	C:\Windows\System32\sechost.dll
0x00007ff9c21f0000 - 0x00007ff9c2311000 	C:\Windows\System32\RPCRT4.dll
0x00007ff9c2080000 - 0x00007ff9c2088000 	C:\Windows\System32\PSAPI.DLL
0x00007ff9a0300000 - 0x00007ff9a0309000 	C:\Windows\SYSTEM32\WSOCK32.dll
0x00007ff9b9940000 - 0x00007ff9b9973000 	C:\Windows\SYSTEM32\WINMM.dll
0x00007ff9b7490000 - 0x00007ff9b749a000 	C:\Windows\SYSTEM32\VERSION.dll
0x00007ff9c1b20000 - 0x00007ff9c1b8f000 	C:\Windows\System32\WS2_32.dll
0x00007ff9bf510000 - 0x00007ff9bf528000 	C:\Windows\SYSTEM32\kernel.appcore.dll
0x00007ff9a0650000 - 0x00007ff9a0661000 	C:\Users\kosmo\AppData\Local\JetBrains\Toolbox\apps\AndroidStudio\ch-0\213.7172.25.2113.9123335\jre\bin\verify.dll
0x00007ff9bd900000 - 0x00007ff9bdb21000 	C:\Windows\SYSTEM32\DBGHELP.DLL
0x00007ff9a4140000 - 0x00007ff9a4171000 	C:\Windows\SYSTEM32\dbgcore.DLL
0x00007ff9c0800000 - 0x00007ff9c087f000 	C:\Windows\System32\bcryptPrimitives.dll
0x00007ff994950000 - 0x00007ff994979000 	C:\Users\kosmo\AppData\Local\JetBrains\Toolbox\apps\AndroidStudio\ch-0\213.7172.25.2113.9123335\jre\bin\java.dll
0x00007ff9ae0f0000 - 0x00007ff9ae0fb000 	C:\Users\kosmo\AppData\Local\JetBrains\Toolbox\apps\AndroidStudio\ch-0\213.7172.25.2113.9123335\jre\bin\jimage.dll
0x00007ff99d1c0000 - 0x00007ff99d1d8000 	C:\Users\kosmo\AppData\Local\JetBrains\Toolbox\apps\AndroidStudio\ch-0\213.7172.25.2113.9123335\jre\bin\zip.dll
0x00007ff9c2810000 - 0x00007ff9c2fd5000 	C:\Windows\System32\SHELL32.dll
0x00007ff9be570000 - 0x00007ff9bedd4000 	C:\Windows\SYSTEM32\windows.storage.dll
0x00007ff9c10b0000 - 0x00007ff9c1426000 	C:\Windows\System32\combase.dll
0x00007ff9be400000 - 0x00007ff9be567000 	C:\Windows\SYSTEM32\wintypes.dll
0x00007ff9c2430000 - 0x00007ff9c251a000 	C:\Windows\System32\SHCORE.dll
0x00007ff9c2520000 - 0x00007ff9c257d000 	C:\Windows\System32\shlwapi.dll
0x00007ff9c0400000 - 0x00007ff9c0421000 	C:\Windows\SYSTEM32\profapi.dll
0x00007ff99cf00000 - 0x00007ff99cf1a000 	C:\Users\kosmo\AppData\Local\JetBrains\Toolbox\apps\AndroidStudio\ch-0\213.7172.25.2113.9123335\jre\bin\net.dll
0x00007ff9bac30000 - 0x00007ff9bad42000 	C:\Windows\SYSTEM32\WINHTTP.dll
0x00007ff9bf9a0000 - 0x00007ff9bfa07000 	C:\Windows\system32\mswsock.dll
0x00007ff99bed0000 - 0x00007ff99bee4000 	C:\Users\kosmo\AppData\Local\JetBrains\Toolbox\apps\AndroidStudio\ch-0\213.7172.25.2113.9123335\jre\bin\nio.dll
0x00007ff9808b0000 - 0x00007ff9808d7000 	C:\Users\kosmo\.gradle\native\e1d6ef7f7dcc3fd88c89a11ec53ec762bb8ba0a96d01ffa2cd45eb1d1d8dd5c5\windows-amd64\native-platform.dll
0x00007ff97db00000 - 0x00007ff97dc44000 	C:\Users\kosmo\.gradle\native\0d407fdbe67a94daf76414ababcb853783967236a71b16ec16e742cd7a986fd3\windows-amd64\native-platform-file-events.dll
0x00007ff9ac970000 - 0x00007ff9ac97a000 	C:\Users\kosmo\AppData\Local\JetBrains\Toolbox\apps\AndroidStudio\ch-0\213.7172.25.2113.9123335\jre\bin\management.dll
0x00007ff9ab080000 - 0x00007ff9ab08d000 	C:\Users\kosmo\AppData\Local\JetBrains\Toolbox\apps\AndroidStudio\ch-0\213.7172.25.2113.9123335\jre\bin\management_ext.dll
0x00007ff9bfc70000 - 0x00007ff9bfc88000 	C:\Windows\SYSTEM32\CRYPTSP.dll
0x00007ff9bf470000 - 0x00007ff9bf4a5000 	C:\Windows\system32\rsaenh.dll
0x00007ff9bfa40000 - 0x00007ff9bfa69000 	C:\Windows\SYSTEM32\USERENV.dll
0x00007ff9bfdc0000 - 0x00007ff9bfde7000 	C:\Windows\SYSTEM32\bcrypt.dll
0x00007ff9bfb90000 - 0x00007ff9bfb9c000 	C:\Windows\SYSTEM32\CRYPTBASE.dll
0x00007ff9bf030000 - 0x00007ff9bf05d000 	C:\Windows\SYSTEM32\IPHLPAPI.DLL
0x00007ff9c23b0000 - 0x00007ff9c23b9000 	C:\Windows\System32\NSI.dll
0x00007ff9bad90000 - 0x00007ff9bada9000 	C:\Windows\SYSTEM32\dhcpcsvc6.DLL
0x00007ff9bb0a0000 - 0x00007ff9bb0be000 	C:\Windows\SYSTEM32\dhcpcsvc.DLL
0x00007ff9bf0a0000 - 0x00007ff9bf188000 	C:\Windows\SYSTEM32\DNSAPI.dll

dbghelp: loaded successfully - version: 4.0.5 - missing functions: none
symbol engine: initialized successfully - sym options: 0x614 - pdb path: .;C:\Users\kosmo\AppData\Local\JetBrains\Toolbox\apps\AndroidStudio\ch-0\213.7172.25.2113.9123335\jre\bin;C:\Windows\SYSTEM32;C:\Windows\WinSxS\amd64_microsoft.windows.common-controls_6595b64144ccf1df_6.0.22000.120_none_9d947278b86cc467;C:\Users\kosmo\AppData\Local\JetBrains\Toolbox\apps\AndroidStudio\ch-0\213.7172.25.2113.9123335\jre\bin\server;C:\Users\kosmo\.gradle\native\e1d6ef7f7dcc3fd88c89a11ec53ec762bb8ba0a96d01ffa2cd45eb1d1d8dd5c5\windows-amd64;C:\Users\kosmo\.gradle\native\0d407fdbe67a94daf76414ababcb853783967236a71b16ec16e742cd7a986fd3\windows-amd64

VM Arguments:
jvm_args: --add-opens=java.base/java.util=ALL-UNNAMED --add-opens=java.base/java.lang=ALL-UNNAMED --add-opens=java.base/java.lang.invoke=ALL-UNNAMED --add-opens=java.base/java.util=ALL-UNNAMED --add-opens=java.prefs/java.util.prefs=ALL-UNNAMED --add-opens=java.prefs/java.util.prefs=ALL-UNNAMED --add-opens=java.base/java.nio.charset=ALL-UNNAMED --add-opens=java.base/java.net=ALL-UNNAMED --add-opens=java.base/java.util.concurrent.atomic=ALL-UNNAMED -Xmx2048m -Dfile.encoding=UTF-8 -Duser.country=US -Duser.language=en -Duser.variant 
java_command: org.gradle.launcher.daemon.bootstrap.GradleDaemon 7.4
java_class_path (initial): C:\Users\kosmo\.gradle\wrapper\dists\gradle-7.4-bin\c0gwcg53nkjbqw7r0h0umtfvt\gradle-7.4\lib\gradle-launcher-7.4.jar
Launcher Type: SUN_STANDARD

[Global flags]
     intx CICompilerCount                          = 4                                         {product} {ergonomic}
     uint ConcGCThreads                            = 2                                         {product} {ergonomic}
     uint G1ConcRefinementThreads                  = 8                                         {product} {ergonomic}
   size_t G1HeapRegionSize                         = 1048576                                   {product} {ergonomic}
    uintx GCDrainStackTargetSize                   = 64                                        {product} {ergonomic}
   size_t InitialHeapSize                          = 268435456                                 {product} {ergonomic}
   size_t MarkStackSize                            = 4194304                                   {product} {ergonomic}
   size_t MaxHeapSize                              = 2147483648                                {product} {command line}
   size_t MaxNewSize                               = 1287651328                                {product} {ergonomic}
   size_t MinHeapDeltaBytes                        = 1048576                                   {product} {ergonomic}
    uintx NonNMethodCodeHeapSize                   = 5836300                                {pd product} {ergonomic}
    uintx NonProfiledCodeHeapSize                  = 122910970                              {pd product} {ergonomic}
    uintx ProfiledCodeHeapSize                     = 122910970                              {pd product} {ergonomic}
    uintx ReservedCodeCacheSize                    = 251658240                              {pd product} {ergonomic}
     bool SegmentedCodeCache                       = true                                      {product} {ergonomic}
     bool UseCompressedClassPointers               = true                                 {lp64_product} {ergonomic}
     bool UseCompressedOops                        = true                                 {lp64_product} {ergonomic}
     bool UseG1GC                                  = true                                      {product} {ergonomic}
     bool UseLargePagesIndividualAllocation        = false                                  {pd product} {ergonomic}

Logging:
Log output configuration:
 #0: stdout all=warning uptime,level,tags
 #1: stderr all=off uptime,level,tags

Environment Variables:
PATH=C:\ProgramData\Oracle\Java\javapath;C:\Windows\system32;C:\Windows;C:\Windows\System32\Wbem;C:\Windows\System32\WindowsPowerShell\v1.0\;C:\Windows\System32\OpenSSH\;C:\Program Files\NVIDIA Corporation\NVIDIA NvDLISR;C:\Program Files (x86)\NVIDIA Corporation\PhysX\Common;D:\Soft\runtime\win64;D:\Soft\bin;C:\Program Files\Git\cmd;C:\Program Files\nodejs\;C:\Program Files\Graphviz\bin;C:\Program Files\dotnet\;C:\Program Files\Docker\Docker\resources\bin;C:\Users\kosmo\Desktop\iperf-3.1.3-win64;C:\Windows\System32\OpenSSH\;C:\Program Files\PuTTY\;%USERPROFILE%\AppData\Local\Microsoft\WindowsApps;C:\Users\kosmo\AppData\Roaming\npm;C:\Program Files (x86)\Graphviz\bin;C:\Exercism;C:\Users\kosmo\AppData\Local\JetBrains\Toolbox\scripts
USERNAME=kosmo
OS=Windows_NT
PROCESSOR_IDENTIFIER=Intel64 Family 6 Model 142 Stepping 10, GenuineIntel



---------------  S Y S T E M  ---------------

OS: Windows 11 , 64 bit Build 22000 (10.0.22000.1761)
OS uptime: 1 days 23:01 hours
Hyper-V role detected

CPU:total 8 (initial active 8) (4 cores per cpu, 2 threads per core) family 6 model 142 stepping 10 microcode 0xe0, cmov, cx8, fxsr, mmx, sse, sse2, sse3, ssse3, sse4.1, sse4.2, popcnt, avx, avx2, aes, clmul, erms, 3dnowpref, lzcnt, ht, tsc, tscinvbit, bmi1, bmi2, adx, fma

Memory: 4k page, system-wide physical 16262M (1367M free)
TotalPageFile size 20360M (AvailPageFile size 5M)
current process WorkingSet (physical memory assigned to process): 461M, peak: 461M
current process commit charge ("private bytes"): 543M, peak: 544M

vm_info: OpenJDK 64-Bit Server VM (11.0.13+0-b1751.21-8125866) for windows-amd64 JRE (11.0.13+0-b1751.21-8125866), built on Feb  2 2022 03:00:22 by "builder" with MS VC++ 14.0 (VS2015)

END.
