#
# There is insufficient memory for the Java Runtime Environment to continue.
# Native memory allocation (malloc) failed to allocate 1592016 bytes for Chunk::new
# Possible reasons:
#   The system is out of physical RAM or swap space
#   The process is running with CompressedOops enabled, and the Java Heap may be blocking the growth of the native heap
# Possible solutions:
#   Reduce memory load on the system
#   Increase physical memory or swap space
#   Check if swap backing store is full
#   Decrease Java heap size (-Xmx/-Xms)
#   Decrease number of Java threads
#   Decrease Java thread stack sizes (-Xss)
#   Set larger code cache with -XX:ReservedCodeCacheSize=
#   JVM is running with Unscaled Compressed Oops mode in which the Java heap is
#     placed in the first 4GB address space. The Java Heap base address is the
#     maximum limit for the native heap growth. Please use -XX:HeapBaseMinAddress
#     to set the Java Heap base and to place the Java Heap above 4GB virtual address.
# This output file may be truncated or incomplete.
#
#  Out of Memory Error (./src/hotspot/share/memory/arena.cpp:197), pid=6676, tid=14456
#
# JRE version: OpenJDK Runtime Environment (11.0.13) (build 11.0.13+0-b1751.21-8125866)
# Java VM: OpenJDK 64-Bit Server VM (11.0.13+0-b1751.21-8125866, mixed mode, tiered, compressed oops, g1 gc, windows-amd64)
# No core dump will be written. Minidumps are not enabled by default on client versions of Windows
#

---------------  S U M M A R Y ------------

Command Line: --add-opens=java.base/java.util=ALL-UNNAMED --add-opens=java.base/java.lang=ALL-UNNAMED --add-opens=java.base/java.lang.invoke=ALL-UNNAMED --add-opens=java.base/java.util=ALL-UNNAMED --add-opens=java.prefs/java.util.prefs=ALL-UNNAMED --add-opens=java.prefs/java.util.prefs=ALL-UNNAMED --add-opens=java.base/java.nio.charset=ALL-UNNAMED --add-opens=java.base/java.net=ALL-UNNAMED --add-opens=java.base/java.util.concurrent.atomic=ALL-UNNAMED -Xmx2048m -Dfile.encoding=UTF-8 -Duser.country=US -Duser.language=en -Duser.variant org.gradle.launcher.daemon.bootstrap.GradleDaemon 7.4

Host: Intel(R) Core(TM) i5-8250U CPU @ 1.60GHz, 8 cores, 15G,  Windows 11 , 64 bit Build 22000 (10.0.22000.1761)
Time: Fri Apr 28 15:47:35 2023 FLE Daylight Time elapsed time: 10.765937 seconds (0d 0h 0m 10s)

---------------  T H R E A D  ---------------

Current thread (0x00000170dd9a2800):  JavaThread "C2 CompilerThread0" daemon [_thread_in_native, id=14456, stack(0x0000004f9ea00000,0x0000004f9eb00000)]


Current CompileTask:
C2:  10765 6663       4       java.beans.Introspector::addMethod (196 bytes)

Stack: [0x0000004f9ea00000,0x0000004f9eb00000]
Native frames: (J=compiled Java code, j=interpreted, Vv=VM code, C=native code)
V  [jvm.dll+0x6100fa]
V  [jvm.dll+0x747090]
V  [jvm.dll+0x7486ad]
V  [jvm.dll+0x748d83]
V  [jvm.dll+0x24ab48]
V  [jvm.dll+0xc04dc]
V  [jvm.dll+0xc0a0c]
V  [jvm.dll+0x2bfab4]
V  [jvm.dll+0x524238]
V  [jvm.dll+0x20b193]
V  [jvm.dll+0x204ca0]
V  [jvm.dll+0x2023c2]
V  [jvm.dll+0x188e01]
V  [jvm.dll+0x21106b]
V  [jvm.dll+0x20f8c1]
V  [jvm.dll+0x70de0f]
V  [jvm.dll+0x706a75]
V  [jvm.dll+0x60ed66]
C  [ucrtbase.dll+0x26c0c]
C  [KERNEL32.DLL+0x15590]
C  [ntdll.dll+0x485b]


---------------  P R O C E S S  ---------------

Threads class SMR info:
_java_thread_list=0x00000170e49fd270, length=124, elements={
0x00000170c2c51000, 0x00000170dd97a800, 0x00000170dd983800, 0x00000170dd9a0000,
0x00000170dd9a0800, 0x00000170dd9a1800, 0x00000170dd9a2800, 0x00000170dd9f4800,
0x00000170dd9f7800, 0x00000170ddb5d800, 0x00000170df2dd800, 0x00000170ddd0c800,
0x00000170ddf41000, 0x00000170e0ca9800, 0x00000170e0543800, 0x00000170e04df000,
0x00000170e0502800, 0x00000170df2d0000, 0x00000170dec6e800, 0x00000170e0fd7000,
0x00000170e04fd000, 0x00000170e04fa000, 0x00000170e04fc000, 0x00000170e0d70000,
0x00000170e0194800, 0x00000170e04fa800, 0x00000170e04fb800, 0x00000170e04fe000,
0x00000170e04f8000, 0x00000170e04fe800, 0x00000170e04f9000, 0x00000170e36d2800,
0x00000170e36d3000, 0x00000170e36d0800, 0x00000170e36d5000, 0x00000170e36d5800,
0x00000170e36d6800, 0x00000170e36d7000, 0x00000170e36d1800, 0x00000170e36db800,
0x00000170e36d8000, 0x00000170e36da800, 0x00000170e36d9000, 0x00000170e36dd000,
0x00000170e36d9800, 0x00000170e36dc000, 0x00000170e36dd800, 0x00000170e01c8800,
0x00000170e01c5000, 0x00000170e01c7000, 0x00000170e01c6000, 0x00000170e01c4800,
0x00000170e01c9800, 0x00000170e01cc800, 0x00000170e01cd800, 0x00000170e01ca000,
0x00000170e01cb800, 0x00000170e01cb000, 0x00000170e01c7800, 0x00000170e01cf000,
0x00000170e01d3000, 0x00000170e01d1800, 0x00000170e01ce000, 0x00000170e01d0800,
0x00000170e01d0000, 0x00000170e01d2800, 0x00000170dede4000, 0x00000170dede5000,
0x00000170dede2000, 0x00000170dede2800, 0x00000170dede6000, 0x00000170dede0000,
0x00000170dede3800, 0x00000170dede6800, 0x00000170dede1000, 0x00000170deded000,
0x00000170dede9000, 0x00000170dede8800, 0x00000170dedeb000, 0x00000170dedea000,
0x00000170dedeb800, 0x00000170dede7800, 0x00000170dedec800, 0x00000170dedee000,
0x00000170dedef000, 0x00000170e4fa0000, 0x00000170e4fa4000, 0x00000170e4f9e800,
0x00000170e4fa3800, 0x00000170e4fa5000, 0x00000170e4f9f800, 0x00000170e4fa6000,
0x00000170e4fa6800, 0x00000170e4fa1000, 0x00000170e4fa7800, 0x00000170e4fa1800,
0x00000170e4fa8800, 0x00000170e4fa2800, 0x00000170e4faa000, 0x00000170e4fac800,
0x00000170e4fab800, 0x00000170e4fa9000, 0x00000170e4fad000, 0x00000170e4faa800,
0x00000170df8b2000, 0x00000170df8b3000, 0x00000170df8b1000, 0x00000170df8b3800,
0x00000170df8b4800, 0x00000170df8b5800, 0x00000170df8af800, 0x00000170df8b6000,
0x00000170df8b0800, 0x00000170df8ba000, 0x00000170df8bb000, 0x00000170df8b7000,
0x00000170df8bc800, 0x00000170df8bc000, 0x00000170df8b8000, 0x00000170df8bd800,
0x00000170df8be800, 0x00000170df8b8800, 0x00000170df8b9800, 0x00000170e6504000
}

Java Threads: ( => current thread )
  0x00000170c2c51000 JavaThread "main" [_thread_blocked, id=13968, stack(0x0000004f9de00000,0x0000004f9df00000)]
  0x00000170dd97a800 JavaThread "Reference Handler" daemon [_thread_blocked, id=19472, stack(0x0000004f9e500000,0x0000004f9e600000)]
  0x00000170dd983800 JavaThread "Finalizer" daemon [_thread_blocked, id=13020, stack(0x0000004f9e600000,0x0000004f9e700000)]
  0x00000170dd9a0000 JavaThread "Signal Dispatcher" daemon [_thread_blocked, id=8092, stack(0x0000004f9e700000,0x0000004f9e800000)]
  0x00000170dd9a0800 JavaThread "Attach Listener" daemon [_thread_blocked, id=20380, stack(0x0000004f9e800000,0x0000004f9e900000)]
  0x00000170dd9a1800 JavaThread "Service Thread" daemon [_thread_blocked, id=11316, stack(0x0000004f9e900000,0x0000004f9ea00000)]
=>0x00000170dd9a2800 JavaThread "C2 CompilerThread0" daemon [_thread_in_native, id=14456, stack(0x0000004f9ea00000,0x0000004f9eb00000)]
  0x00000170dd9f4800 JavaThread "C1 CompilerThread0" daemon [_thread_blocked, id=4660, stack(0x0000004f9eb00000,0x0000004f9ec00000)]
  0x00000170dd9f7800 JavaThread "Sweeper thread" daemon [_thread_blocked, id=4152, stack(0x0000004f9ec00000,0x0000004f9ed00000)]
  0x00000170ddb5d800 JavaThread "Common-Cleaner" daemon [_thread_blocked, id=17292, stack(0x0000004f9ed00000,0x0000004f9ee00000)]
  0x00000170df2dd800 JavaThread "Daemon health stats" [_thread_blocked, id=18844, stack(0x0000004f9f600000,0x0000004f9f700000)]
  0x00000170ddd0c800 JavaThread "Incoming local TCP Connector on port 53247" [_thread_in_native, id=10276, stack(0x0000004f9ef00000,0x0000004f9f000000)]
  0x00000170ddf41000 JavaThread "Daemon periodic checks" [_thread_blocked, id=6272, stack(0x0000004f9f000000,0x0000004f9f100000)]
  0x00000170e0ca9800 JavaThread "Daemon" [_thread_blocked, id=17628, stack(0x0000004f9f700000,0x0000004f9f800000)]
  0x00000170e0543800 JavaThread "Handler for socket connection from /127.0.0.1:53247 to /127.0.0.1:53248" [_thread_in_native, id=11196, stack(0x0000004f9f800000,0x0000004f9f900000)]
  0x00000170e04df000 JavaThread "Cancel handler" [_thread_blocked, id=10724, stack(0x0000004f9f900000,0x0000004f9fa00000)]
  0x00000170e0502800 JavaThread "Daemon worker" [_thread_in_Java, id=14952, stack(0x0000004f9fa00000,0x0000004f9fb00000)]
  0x00000170df2d0000 JavaThread "Asynchronous log dispatcher for DefaultDaemonConnection: socket connection from /127.0.0.1:53247 to /127.0.0.1:53248" [_thread_blocked, id=20148, stack(0x0000004f9fb00000,0x0000004f9fc00000)]
  0x00000170dec6e800 JavaThread "Stdin handler" [_thread_blocked, id=2412, stack(0x0000004f9fc00000,0x0000004f9fd00000)]
  0x00000170e0fd7000 JavaThread "Daemon client event forwarder" [_thread_blocked, id=9576, stack(0x0000004f9fd00000,0x0000004f9fe00000)]
  0x00000170e04fd000 JavaThread "Cache worker for journal cache (C:\Users\kosmo\.gradle\caches\journal-1)" [_thread_blocked, id=20184, stack(0x0000004f9fe00000,0x0000004f9ff00000)]
  0x00000170e04fa000 JavaThread "File lock request listener" [_thread_in_native, id=17464, stack(0x0000004f9ff00000,0x0000004fa0000000)]
  0x00000170e04fc000 JavaThread "Cache worker for file hash cache (C:\Users\kosmo\.gradle\caches\7.4\fileHashes)" [_thread_blocked, id=4676, stack(0x0000004fa0000000,0x0000004fa0100000)]
  0x00000170e0d70000 JavaThread "C2 CompilerThread1" daemon [_thread_in_native, id=18852, stack(0x0000004fa0400000,0x0000004fa0500000)]
  0x00000170e0194800 JavaThread "C2 CompilerThread2" daemon [_thread_in_native, id=17036, stack(0x0000004fa0500000,0x0000004fa0600000)]
  0x00000170e04fa800 JavaThread "File watcher server" daemon [_thread_in_native, id=3460, stack(0x0000004fa0600000,0x0000004fa0700000)]
  0x00000170e04fb800 JavaThread "File watcher consumer" daemon [_thread_blocked, id=13460, stack(0x0000004fa0700000,0x0000004fa0800000)]
  0x00000170e04fe000 JavaThread "Cache worker for checksums cache (E:\AndroidApps\ServertTest\.gradle\7.4\checksums)" [_thread_blocked, id=6196, stack(0x0000004fa0800000,0x0000004fa0900000)]
  0x00000170e04f8000 JavaThread "Cache worker for cache directory md-rule (C:\Users\kosmo\.gradle\caches\7.4\md-rule)" [_thread_blocked, id=3080, stack(0x0000004fa0900000,0x0000004fa0a00000)]
  0x00000170e04fe800 JavaThread "Cache worker for file hash cache (E:\AndroidApps\ServertTest\.gradle\7.4\fileHashes)" [_thread_blocked, id=19804, stack(0x0000004fa0a00000,0x0000004fa0b00000)]
  0x00000170e04f9000 JavaThread "Cache worker for cache directory md-supplier (C:\Users\kosmo\.gradle\caches\7.4\md-supplier)" [_thread_blocked, id=12748, stack(0x0000004fa0b00000,0x0000004fa0c00000)]
  0x00000170e36d2800 JavaThread "Cache worker for execution history cache (C:\Users\kosmo\.gradle\caches\7.4\executionHistory)" [_thread_blocked, id=15880, stack(0x0000004fa0c00000,0x0000004fa0d00000)]
  0x00000170e36d3000 JavaThread "jar transforms" [_thread_blocked, id=13528, stack(0x0000004fa0d00000,0x0000004fa0e00000)]
  0x00000170e36d0800 JavaThread "Cache worker for file content cache (C:\Users\kosmo\.gradle\caches\7.4\fileContent)" [_thread_blocked, id=8628, stack(0x0000004fa0e00000,0x0000004fa0f00000)]
  0x00000170e36d5000 JavaThread "jar transforms Thread 2" [_thread_blocked, id=368, stack(0x0000004fa0f00000,0x0000004fa1000000)]
  0x00000170e36d5800 JavaThread "Cache worker for dependencies-accessors (E:\AndroidApps\ServertTest\.gradle\7.4\dependencies-accessors)" [_thread_blocked, id=320, stack(0x0000004fa1000000,0x0000004fa1100000)]
  0x00000170e36d6800 JavaThread "jar transforms Thread 3" [_thread_blocked, id=19404, stack(0x0000004fa1100000,0x0000004fa1200000)]
  0x00000170e36d7000 JavaThread "Cache worker for Build Output Cleanup Cache (E:\AndroidApps\ServertTest\.gradle\buildOutputCleanup)" [_thread_blocked, id=7240, stack(0x0000004fa1200000,0x0000004fa1300000)]
  0x00000170e36d1800 JavaThread "Unconstrained build operations" [_thread_blocked, id=8464, stack(0x0000004fa1300000,0x0000004fa1400000)]
  0x00000170e36db800 JavaThread "Unconstrained build operations Thread 2" [_thread_blocked, id=10848, stack(0x0000004fa1400000,0x0000004fa1500000)]
  0x00000170e36d8000 JavaThread "Unconstrained build operations Thread 3" [_thread_blocked, id=17500, stack(0x0000004fa1500000,0x0000004fa1600000)]
  0x00000170e36da800 JavaThread "Unconstrained build operations Thread 4" [_thread_blocked, id=18628, stack(0x0000004fa1600000,0x0000004fa1700000)]
  0x00000170e36d9000 JavaThread "Unconstrained build operations Thread 5" [_thread_blocked, id=18580, stack(0x0000004fa1700000,0x0000004fa1800000)]
  0x00000170e36dd000 JavaThread "Unconstrained build operations Thread 6" [_thread_blocked, id=15716, stack(0x0000004fa1800000,0x0000004fa1900000)]
  0x00000170e36d9800 JavaThread "Unconstrained build operations Thread 7" [_thread_blocked, id=7960, stack(0x0000004fa1900000,0x0000004fa1a00000)]
  0x00000170e36dc000 JavaThread "Unconstrained build operations Thread 8" [_thread_blocked, id=14628, stack(0x0000004fa1a00000,0x0000004fa1b00000)]
  0x00000170e36dd800 JavaThread "Unconstrained build operations Thread 9" [_thread_blocked, id=15384, stack(0x0000004fa1b00000,0x0000004fa1c00000)]
  0x00000170e01c8800 JavaThread "Unconstrained build operations Thread 10" [_thread_blocked, id=16552, stack(0x0000004fa1c00000,0x0000004fa1d00000)]
  0x00000170e01c5000 JavaThread "Unconstrained build operations Thread 11" [_thread_blocked, id=8596, stack(0x0000004fa1d00000,0x0000004fa1e00000)]
  0x00000170e01c7000 JavaThread "Unconstrained build operations Thread 12" [_thread_blocked, id=8760, stack(0x0000004fa1e00000,0x0000004fa1f00000)]
  0x00000170e01c6000 JavaThread "Unconstrained build operations Thread 13" [_thread_blocked, id=18984, stack(0x0000004fa1f00000,0x0000004fa2000000)]
  0x00000170e01c4800 JavaThread "Unconstrained build operations Thread 14" [_thread_blocked, id=18404, stack(0x0000004fa2000000,0x0000004fa2100000)]
  0x00000170e01c9800 JavaThread "Unconstrained build operations Thread 15" [_thread_blocked, id=14780, stack(0x0000004fa2100000,0x0000004fa2200000)]
  0x00000170e01cc800 JavaThread "Unconstrained build operations Thread 16" [_thread_blocked, id=9028, stack(0x0000004fa2200000,0x0000004fa2300000)]
  0x00000170e01cd800 JavaThread "Unconstrained build operations Thread 17" [_thread_blocked, id=16500, stack(0x0000004fa2300000,0x0000004fa2400000)]
  0x00000170e01ca000 JavaThread "Unconstrained build operations Thread 18" [_thread_blocked, id=18340, stack(0x0000004fa2400000,0x0000004fa2500000)]
  0x00000170e01cb800 JavaThread "Unconstrained build operations Thread 19" [_thread_blocked, id=15408, stack(0x0000004fa2500000,0x0000004fa2600000)]
  0x00000170e01cb000 JavaThread "Unconstrained build operations Thread 20" [_thread_blocked, id=8244, stack(0x0000004fa2600000,0x0000004fa2700000)]
  0x00000170e01c7800 JavaThread "Unconstrained build operations Thread 21" [_thread_blocked, id=3076, stack(0x0000004fa2700000,0x0000004fa2800000)]
  0x00000170e01cf000 JavaThread "Unconstrained build operations Thread 22" [_thread_blocked, id=19244, stack(0x0000004fa2800000,0x0000004fa2900000)]
  0x00000170e01d3000 JavaThread "Unconstrained build operations Thread 23" [_thread_blocked, id=8624, stack(0x0000004fa2900000,0x0000004fa2a00000)]
  0x00000170e01d1800 JavaThread "Unconstrained build operations Thread 24" [_thread_blocked, id=19232, stack(0x0000004fa2a00000,0x0000004fa2b00000)]
  0x00000170e01ce000 JavaThread "Unconstrained build operations Thread 25" [_thread_blocked, id=10320, stack(0x0000004fa2b00000,0x0000004fa2c00000)]
  0x00000170e01d0800 JavaThread "Unconstrained build operations Thread 26" [_thread_blocked, id=10020, stack(0x0000004fa2c00000,0x0000004fa2d00000)]
  0x00000170e01d0000 JavaThread "Unconstrained build operations Thread 27" [_thread_blocked, id=18144, stack(0x0000004fa2d00000,0x0000004fa2e00000)]
  0x00000170e01d2800 JavaThread "Unconstrained build operations Thread 28" [_thread_blocked, id=5312, stack(0x0000004fa2e00000,0x0000004fa2f00000)]
  0x00000170dede4000 JavaThread "Unconstrained build operations Thread 29" [_thread_blocked, id=18720, stack(0x0000004fa2f00000,0x0000004fa3000000)]
  0x00000170dede5000 JavaThread "Unconstrained build operations Thread 30" [_thread_blocked, id=6680, stack(0x0000004fa3000000,0x0000004fa3100000)]
  0x00000170dede2000 JavaThread "Unconstrained build operations Thread 31" [_thread_blocked, id=916, stack(0x0000004fa3100000,0x0000004fa3200000)]
  0x00000170dede2800 JavaThread "Unconstrained build operations Thread 32" [_thread_blocked, id=17124, stack(0x0000004fa3200000,0x0000004fa3300000)]
  0x00000170dede6000 JavaThread "Unconstrained build operations Thread 33" [_thread_blocked, id=13768, stack(0x0000004fa3300000,0x0000004fa3400000)]
  0x00000170dede0000 JavaThread "Unconstrained build operations Thread 34" [_thread_blocked, id=11008, stack(0x0000004fa3400000,0x0000004fa3500000)]
  0x00000170dede3800 JavaThread "Unconstrained build operations Thread 35" [_thread_blocked, id=13736, stack(0x0000004fa3500000,0x0000004fa3600000)]
  0x00000170dede6800 JavaThread "Unconstrained build operations Thread 36" [_thread_blocked, id=14856, stack(0x0000004fa3600000,0x0000004fa3700000)]
  0x00000170dede1000 JavaThread "Unconstrained build operations Thread 37" [_thread_blocked, id=3588, stack(0x0000004fa3700000,0x0000004fa3800000)]
  0x00000170deded000 JavaThread "Unconstrained build operations Thread 38" [_thread_blocked, id=15940, stack(0x0000004fa3800000,0x0000004fa3900000)]
  0x00000170dede9000 JavaThread "Unconstrained build operations Thread 39" [_thread_blocked, id=14632, stack(0x0000004fa3900000,0x0000004fa3a00000)]
  0x00000170dede8800 JavaThread "Unconstrained build operations Thread 40" [_thread_blocked, id=5364, stack(0x0000004fa3a00000,0x0000004fa3b00000)]
  0x00000170dedeb000 JavaThread "Unconstrained build operations Thread 41" [_thread_blocked, id=15436, stack(0x0000004fa3b00000,0x0000004fa3c00000)]
  0x00000170dedea000 JavaThread "Unconstrained build operations Thread 42" [_thread_blocked, id=18868, stack(0x0000004fa3c00000,0x0000004fa3d00000)]
  0x00000170dedeb800 JavaThread "Unconstrained build operations Thread 43" [_thread_blocked, id=14776, stack(0x0000004fa3d00000,0x0000004fa3e00000)]
  0x00000170dede7800 JavaThread "Unconstrained build operations Thread 44" [_thread_blocked, id=12052, stack(0x0000004fa3e00000,0x0000004fa3f00000)]
  0x00000170dedec800 JavaThread "Unconstrained build operations Thread 45" [_thread_blocked, id=5868, stack(0x0000004fa3f00000,0x0000004fa4000000)]
  0x00000170dedee000 JavaThread "Unconstrained build operations Thread 46" [_thread_blocked, id=12676, stack(0x0000004fa4000000,0x0000004fa4100000)]
  0x00000170dedef000 JavaThread "Unconstrained build operations Thread 47" [_thread_blocked, id=2328, stack(0x0000004fa4100000,0x0000004fa4200000)]
  0x00000170e4fa0000 JavaThread "Unconstrained build operations Thread 48" [_thread_blocked, id=10932, stack(0x0000004fa4200000,0x0000004fa4300000)]
  0x00000170e4fa4000 JavaThread "Unconstrained build operations Thread 49" [_thread_blocked, id=7596, stack(0x0000004fa4300000,0x0000004fa4400000)]
  0x00000170e4f9e800 JavaThread "Unconstrained build operations Thread 50" [_thread_blocked, id=15016, stack(0x0000004fa4400000,0x0000004fa4500000)]
  0x00000170e4fa3800 JavaThread "Unconstrained build operations Thread 51" [_thread_blocked, id=6424, stack(0x0000004fa4500000,0x0000004fa4600000)]
  0x00000170e4fa5000 JavaThread "Unconstrained build operations Thread 52" [_thread_blocked, id=9036, stack(0x0000004fa4600000,0x0000004fa4700000)]
  0x00000170e4f9f800 JavaThread "Unconstrained build operations Thread 53" [_thread_blocked, id=14204, stack(0x0000004fa4700000,0x0000004fa4800000)]
  0x00000170e4fa6000 JavaThread "Unconstrained build operations Thread 54" [_thread_blocked, id=2672, stack(0x0000004fa4800000,0x0000004fa4900000)]
  0x00000170e4fa6800 JavaThread "Unconstrained build operations Thread 55" [_thread_blocked, id=12868, stack(0x0000004fa4900000,0x0000004fa4a00000)]
  0x00000170e4fa1000 JavaThread "Unconstrained build operations Thread 56" [_thread_blocked, id=10608, stack(0x0000004fa4a00000,0x0000004fa4b00000)]
  0x00000170e4fa7800 JavaThread "Unconstrained build operations Thread 57" [_thread_blocked, id=10080, stack(0x0000004fa4b00000,0x0000004fa4c00000)]
  0x00000170e4fa1800 JavaThread "Unconstrained build operations Thread 58" [_thread_blocked, id=16444, stack(0x0000004fa4c00000,0x0000004fa4d00000)]
  0x00000170e4fa8800 JavaThread "Unconstrained build operations Thread 59" [_thread_blocked, id=7908, stack(0x0000004fa4d00000,0x0000004fa4e00000)]
  0x00000170e4fa2800 JavaThread "Unconstrained build operations Thread 60" [_thread_blocked, id=19264, stack(0x0000004fa4e00000,0x0000004fa4f00000)]
  0x00000170e4faa000 JavaThread "Unconstrained build operations Thread 61" [_thread_blocked, id=19776, stack(0x0000004fa4f00000,0x0000004fa5000000)]
  0x00000170e4fac800 JavaThread "Unconstrained build operations Thread 62" [_thread_blocked, id=15952, stack(0x0000004fa5000000,0x0000004fa5100000)]
  0x00000170e4fab800 JavaThread "Unconstrained build operations Thread 63" [_thread_blocked, id=6180, stack(0x0000004fa5100000,0x0000004fa5200000)]
  0x00000170e4fa9000 JavaThread "Unconstrained build operations Thread 64" [_thread_blocked, id=15148, stack(0x0000004fa5200000,0x0000004fa5300000)]
  0x00000170e4fad000 JavaThread "Unconstrained build operations Thread 65" [_thread_blocked, id=19140, stack(0x0000004fa5300000,0x0000004fa5400000)]
  0x00000170e4faa800 JavaThread "Unconstrained build operations Thread 66" [_thread_blocked, id=4088, stack(0x0000004fa5400000,0x0000004fa5500000)]
  0x00000170df8b2000 JavaThread "Unconstrained build operations Thread 67" [_thread_blocked, id=13060, stack(0x0000004fa5500000,0x0000004fa5600000)]
  0x00000170df8b3000 JavaThread "Unconstrained build operations Thread 68" [_thread_blocked, id=10480, stack(0x0000004fa5600000,0x0000004fa5700000)]
  0x00000170df8b1000 JavaThread "Unconstrained build operations Thread 69" [_thread_blocked, id=14120, stack(0x0000004fa5700000,0x0000004fa5800000)]
  0x00000170df8b3800 JavaThread "Unconstrained build operations Thread 70" [_thread_blocked, id=19992, stack(0x0000004fa5800000,0x0000004fa5900000)]
  0x00000170df8b4800 JavaThread "Unconstrained build operations Thread 71" [_thread_blocked, id=18368, stack(0x0000004fa5900000,0x0000004fa5a00000)]
  0x00000170df8b5800 JavaThread "Unconstrained build operations Thread 72" [_thread_blocked, id=19800, stack(0x0000004fa5a00000,0x0000004fa5b00000)]
  0x00000170df8af800 JavaThread "Unconstrained build operations Thread 73" [_thread_blocked, id=600, stack(0x0000004fa5b00000,0x0000004fa5c00000)]
  0x00000170df8b6000 JavaThread "Unconstrained build operations Thread 74" [_thread_blocked, id=12396, stack(0x0000004fa5c00000,0x0000004fa5d00000)]
  0x00000170df8b0800 JavaThread "Unconstrained build operations Thread 75" [_thread_blocked, id=10124, stack(0x0000004fa5d00000,0x0000004fa5e00000)]
  0x00000170df8ba000 JavaThread "Unconstrained build operations Thread 76" [_thread_blocked, id=10680, stack(0x0000004fa5e00000,0x0000004fa5f00000)]
  0x00000170df8bb000 JavaThread "Unconstrained build operations Thread 77" [_thread_blocked, id=3696, stack(0x0000004fa5f00000,0x0000004fa6000000)]
  0x00000170df8b7000 JavaThread "Unconstrained build operations Thread 78" [_thread_blocked, id=3132, stack(0x0000004fa6000000,0x0000004fa6100000)]
  0x00000170df8bc800 JavaThread "Unconstrained build operations Thread 79" [_thread_blocked, id=5448, stack(0x0000004fa6100000,0x0000004fa6200000)]
  0x00000170df8bc000 JavaThread "Unconstrained build operations Thread 80" [_thread_blocked, id=15472, stack(0x0000004fa6200000,0x0000004fa6300000)]
  0x00000170df8b8000 JavaThread "jar transforms Thread 4" [_thread_blocked, id=16632, stack(0x0000004fa6300000,0x0000004fa6400000)]
  0x00000170df8bd800 JavaThread "jar transforms Thread 5" [_thread_blocked, id=20164, stack(0x0000004fa6400000,0x0000004fa6500000)]
  0x00000170df8be800 JavaThread "jar transforms Thread 6" [_thread_blocked, id=6312, stack(0x0000004fa6500000,0x0000004fa6600000)]
  0x00000170df8b8800 JavaThread "jar transforms Thread 7" [_thread_blocked, id=3672, stack(0x0000004fa6600000,0x0000004fa6700000)]
  0x00000170df8b9800 JavaThread "jar transforms Thread 8" [_thread_blocked, id=8220, stack(0x0000004fa6700000,0x0000004fa6800000)]
  0x00000170e6504000 JavaThread "Memory manager" [_thread_blocked, id=16472, stack(0x0000004fa6800000,0x0000004fa6900000)]

Other Threads:
  0x00000170dd977800 VMThread "VM Thread" [stack: 0x0000004f9e400000,0x0000004f9e500000] [id=11276]
  0x00000170ddb9e800 WatcherThread [stack: 0x0000004f9ee00000,0x0000004f9ef00000] [id=5400]
  0x00000170c2c6a000 GCTaskThread "GC Thread#0" [stack: 0x0000004f9df00000,0x0000004f9e000000] [id=15980]
  0x00000170def96800 GCTaskThread "GC Thread#1" [stack: 0x0000004f9f100000,0x0000004f9f200000] [id=5764]
  0x00000170de201800 GCTaskThread "GC Thread#2" [stack: 0x0000004f9f200000,0x0000004f9f300000] [id=20024]
  0x00000170de260800 GCTaskThread "GC Thread#3" [stack: 0x0000004f9f300000,0x0000004f9f400000] [id=9096]
  0x00000170ddfa4000 GCTaskThread "GC Thread#4" [stack: 0x0000004f9f400000,0x0000004f9f500000] [id=3416]
  0x00000170dec69800 GCTaskThread "GC Thread#5" [stack: 0x0000004f9f500000,0x0000004f9f600000] [id=19652]
  0x00000170dfa2b000 GCTaskThread "GC Thread#6" [stack: 0x0000004fa0100000,0x0000004fa0200000] [id=1520]
  0x00000170def5a800 GCTaskThread "GC Thread#7" [stack: 0x0000004fa0200000,0x0000004fa0300000] [id=6504]
  0x00000170c2c9a800 ConcurrentGCThread "G1 Main Marker" [stack: 0x0000004f9e000000,0x0000004f9e100000] [id=19656]
  0x00000170c2c9c800 ConcurrentGCThread "G1 Conc#0" [stack: 0x0000004f9e100000,0x0000004f9e200000] [id=12608]
  0x00000170e0561800 ConcurrentGCThread "G1 Conc#1" [stack: 0x0000004fa0300000,0x0000004fa0400000] [id=2668]
  0x00000170dcfc0800 ConcurrentGCThread "G1 Refine#0" [stack: 0x0000004f9e200000,0x0000004f9e300000] [id=336]
  0x00000170dcfc3800 ConcurrentGCThread "G1 Young RemSet Sampling" [stack: 0x0000004f9e300000,0x0000004f9e400000] [id=5600]

Threads with active compile tasks:
C2 CompilerThread0  10807 6663       4       java.beans.Introspector::addMethod (196 bytes)
C2 CompilerThread1  10807 6662       4       com.sun.beans.TypeResolver::resolve (37 bytes)
C2 CompilerThread2  10807 6754 %     4       org.gradle.internal.instantiation.generator.AbstractClassGenerator::inspectType @ 77 (560 bytes)

VM state:not at safepoint (normal execution)

VM Mutex/Monitor currently owned by a thread: None

Heap address: 0x0000000080000000, size: 2048 MB, Compressed Oops mode: 32-bit
Narrow klass base: 0x0000000000000000, Narrow klass shift: 3
Compressed class space size: 1073741824 Address: 0x0000000100000000

Heap:
 garbage-first heap   total 262144K, used 102052K [0x0000000080000000, 0x0000000100000000)
  region size 1024K, 53 young (54272K), 11 survivors (11264K)
 Metaspace       used 69947K, capacity 71469K, committed 71796K, reserved 1112064K
  class space    used 8841K, capacity 9426K, committed 9496K, reserved 1048576K
Heap Regions: E=young(eden), S=young(survivor), O=old, HS=humongous(starts), HC=humongous(continues), CS=collection set, F=free, A=archive, TAMS=top-at-mark-start (previous, next)
|   0|0x0000000080000000, 0x0000000080100000, 0x0000000080100000|100%| O|  |TAMS 0x0000000080100000, 0x0000000080000000| Untracked 
|   1|0x0000000080100000, 0x0000000080200000, 0x0000000080200000|100%| O|  |TAMS 0x0000000080200000, 0x0000000080100000| Untracked 
|   2|0x0000000080200000, 0x0000000080300000, 0x0000000080300000|100%| O|  |TAMS 0x0000000080300000, 0x0000000080200000| Untracked 
|   3|0x0000000080300000, 0x0000000080400000, 0x0000000080400000|100%|HS|  |TAMS 0x0000000080400000, 0x0000000080300000| Complete 
|   4|0x0000000080400000, 0x0000000080500000, 0x0000000080500000|100%|HC|  |TAMS 0x0000000080500000, 0x0000000080400000| Complete 
|   5|0x0000000080500000, 0x0000000080600000, 0x0000000080600000|100%|HC|  |TAMS 0x0000000080600000, 0x0000000080500000| Complete 
|   6|0x0000000080600000, 0x0000000080700000, 0x0000000080700000|100%| O|  |TAMS 0x0000000080700000, 0x0000000080600000| Untracked 
|   7|0x0000000080700000, 0x0000000080800000, 0x0000000080800000|100%| O|  |TAMS 0x0000000080800000, 0x0000000080700000| Untracked 
|   8|0x0000000080800000, 0x0000000080900000, 0x0000000080900000|100%| O|  |TAMS 0x0000000080900000, 0x0000000080800000| Untracked 
|   9|0x0000000080900000, 0x0000000080a00000, 0x0000000080a00000|100%| O|  |TAMS 0x0000000080a00000, 0x0000000080900000| Untracked 
|  10|0x0000000080a00000, 0x0000000080b00000, 0x0000000080b00000|100%| O|  |TAMS 0x0000000080b00000, 0x0000000080a00000| Untracked 
|  11|0x0000000080b00000, 0x0000000080c00000, 0x0000000080c00000|100%| O|  |TAMS 0x0000000080c00000, 0x0000000080b00000| Untracked 
|  12|0x0000000080c00000, 0x0000000080d00000, 0x0000000080d00000|100%| O|  |TAMS 0x0000000080d00000, 0x0000000080c00000| Untracked 
|  13|0x0000000080d00000, 0x0000000080e00000, 0x0000000080e00000|100%| O|  |TAMS 0x0000000080e00000, 0x0000000080d00000| Untracked 
|  14|0x0000000080e00000, 0x0000000080effff8, 0x0000000080f00000| 99%| O|  |TAMS 0x0000000080effff8, 0x0000000080e00000| Untracked 
|  15|0x0000000080f00000, 0x0000000081000000, 0x0000000081000000|100%| O|  |TAMS 0x0000000081000000, 0x0000000080f00000| Untracked 
|  16|0x0000000081000000, 0x0000000081100000, 0x0000000081100000|100%| O|  |TAMS 0x0000000081100000, 0x0000000081000000| Untracked 
|  17|0x0000000081100000, 0x0000000081200000, 0x0000000081200000|100%|HS|  |TAMS 0x0000000081200000, 0x0000000081100000| Complete 
|  18|0x0000000081200000, 0x0000000081300000, 0x0000000081300000|100%|HS|  |TAMS 0x0000000081300000, 0x0000000081200000| Complete 
|  19|0x0000000081300000, 0x0000000081400000, 0x0000000081400000|100%|HS|  |TAMS 0x0000000081400000, 0x0000000081300000| Complete 
|  20|0x0000000081400000, 0x0000000081500000, 0x0000000081500000|100%|HS|  |TAMS 0x0000000081500000, 0x0000000081400000| Complete 
|  21|0x0000000081500000, 0x0000000081600000, 0x0000000081600000|100%|HC|  |TAMS 0x0000000081600000, 0x0000000081500000| Complete 
|  22|0x0000000081600000, 0x0000000081700000, 0x0000000081700000|100%|HC|  |TAMS 0x0000000081700000, 0x0000000081600000| Complete 
|  23|0x0000000081700000, 0x0000000081800000, 0x0000000081800000|100%|HC|  |TAMS 0x0000000081800000, 0x0000000081700000| Complete 
|  24|0x0000000081800000, 0x0000000081900000, 0x0000000081900000|100%| O|  |TAMS 0x0000000081900000, 0x0000000081800000| Untracked 
|  25|0x0000000081900000, 0x0000000081a00000, 0x0000000081a00000|100%|HS|  |TAMS 0x0000000081a00000, 0x0000000081900000| Complete 
|  26|0x0000000081a00000, 0x0000000081b00000, 0x0000000081b00000|100%|HC|  |TAMS 0x0000000081b00000, 0x0000000081a00000| Complete 
|  27|0x0000000081b00000, 0x0000000081c00000, 0x0000000081c00000|100%| O|  |TAMS 0x0000000081c00000, 0x0000000081b00000| Untracked 
|  28|0x0000000081c00000, 0x0000000081d00000, 0x0000000081d00000|100%| O|  |TAMS 0x0000000081d00000, 0x0000000081c00000| Untracked 
|  29|0x0000000081d00000, 0x0000000081e00000, 0x0000000081e00000|100%| O|  |TAMS 0x0000000081e00000, 0x0000000081d00000| Untracked 
|  30|0x0000000081e00000, 0x0000000081f00000, 0x0000000081f00000|100%| O|  |TAMS 0x0000000081f00000, 0x0000000081e00000| Untracked 
|  31|0x0000000081f00000, 0x0000000082000000, 0x0000000082000000|100%| O|  |TAMS 0x0000000082000000, 0x0000000081f00000| Untracked 
|  32|0x0000000082000000, 0x0000000082100000, 0x0000000082100000|100%| O|  |TAMS 0x0000000082100000, 0x0000000082000000| Untracked 
|  33|0x0000000082100000, 0x0000000082200000, 0x0000000082200000|100%| O|  |TAMS 0x0000000082200000, 0x0000000082100000| Untracked 
|  34|0x0000000082200000, 0x0000000082300000, 0x0000000082300000|100%| O|  |TAMS 0x0000000082300000, 0x0000000082200000| Untracked 
|  35|0x0000000082300000, 0x0000000082400000, 0x0000000082400000|100%| O|  |TAMS 0x0000000082400000, 0x0000000082300000| Untracked 
|  36|0x0000000082400000, 0x0000000082500000, 0x0000000082500000|100%| O|  |TAMS 0x0000000082500000, 0x0000000082400000| Untracked 
|  37|0x0000000082500000, 0x0000000082600000, 0x0000000082600000|100%| O|  |TAMS 0x0000000082600000, 0x0000000082500000| Untracked 
|  38|0x0000000082600000, 0x0000000082700000, 0x0000000082700000|100%| O|  |TAMS 0x0000000082700000, 0x0000000082600000| Untracked 
|  39|0x0000000082700000, 0x0000000082800000, 0x0000000082800000|100%| O|  |TAMS 0x0000000082800000, 0x0000000082700000| Untracked 
|  40|0x0000000082800000, 0x0000000082900000, 0x0000000082900000|100%| O|  |TAMS 0x0000000082900000, 0x0000000082800000| Untracked 
|  41|0x0000000082900000, 0x0000000082a00000, 0x0000000082a00000|100%| O|  |TAMS 0x0000000082a00000, 0x0000000082900000| Untracked 
|  42|0x0000000082a00000, 0x0000000082b00000, 0x0000000082b00000|100%| O|  |TAMS 0x0000000082b00000, 0x0000000082a00000| Untracked 
|  43|0x0000000082b00000, 0x0000000082c00000, 0x0000000082c00000|100%| O|  |TAMS 0x0000000082c00000, 0x0000000082b00000| Untracked 
|  44|0x0000000082c00000, 0x0000000082d00000, 0x0000000082d00000|100%| O|  |TAMS 0x0000000082d00000, 0x0000000082c00000| Untracked 
|  45|0x0000000082d00000, 0x0000000082e00000, 0x0000000082e00000|100%| O|  |TAMS 0x0000000082e00000, 0x0000000082d00000| Untracked 
|  46|0x0000000082e00000, 0x0000000082f00000, 0x0000000082f00000|100%| O|  |TAMS 0x0000000082f00000, 0x0000000082e00000| Untracked 
|  47|0x0000000082f00000, 0x0000000082fa9400, 0x0000000083000000| 66%| O|  |TAMS 0x0000000082fa9400, 0x0000000082f00000| Untracked 
|  48|0x0000000083000000, 0x0000000083000000, 0x0000000083100000|  0%| F|  |TAMS 0x0000000083000000, 0x0000000083000000| Untracked 
|  49|0x0000000083100000, 0x0000000083100000, 0x0000000083200000|  0%| F|  |TAMS 0x0000000083100000, 0x0000000083100000| Untracked 
|  50|0x0000000083200000, 0x0000000083200000, 0x0000000083300000|  0%| F|  |TAMS 0x0000000083200000, 0x0000000083200000| Untracked 
|  51|0x0000000083300000, 0x0000000083300000, 0x0000000083400000|  0%| F|  |TAMS 0x0000000083300000, 0x0000000083300000| Untracked 
|  52|0x0000000083400000, 0x0000000083400000, 0x0000000083500000|  0%| F|  |TAMS 0x0000000083400000, 0x0000000083400000| Untracked 
|  53|0x0000000083500000, 0x0000000083500000, 0x0000000083600000|  0%| F|  |TAMS 0x0000000083500000, 0x0000000083500000| Untracked 
|  54|0x0000000083600000, 0x0000000083600000, 0x0000000083700000|  0%| F|  |TAMS 0x0000000083600000, 0x0000000083600000| Untracked 
|  55|0x0000000083700000, 0x0000000083700000, 0x0000000083800000|  0%| F|  |TAMS 0x0000000083700000, 0x0000000083700000| Untracked 
|  56|0x0000000083800000, 0x0000000083800000, 0x0000000083900000|  0%| F|  |TAMS 0x0000000083800000, 0x0000000083800000| Untracked 
|  57|0x0000000083900000, 0x0000000083900000, 0x0000000083a00000|  0%| F|  |TAMS 0x0000000083900000, 0x0000000083900000| Untracked 
|  58|0x0000000083a00000, 0x0000000083a00000, 0x0000000083b00000|  0%| F|  |TAMS 0x0000000083a00000, 0x0000000083a00000| Untracked 
|  59|0x0000000083b00000, 0x0000000083b00000, 0x0000000083c00000|  0%| F|  |TAMS 0x0000000083b00000, 0x0000000083b00000| Untracked 
|  60|0x0000000083c00000, 0x0000000083c00000, 0x0000000083d00000|  0%| F|  |TAMS 0x0000000083c00000, 0x0000000083c00000| Untracked 
|  61|0x0000000083d00000, 0x0000000083d00000, 0x0000000083e00000|  0%| F|  |TAMS 0x0000000083d00000, 0x0000000083d00000| Untracked 
|  62|0x0000000083e00000, 0x0000000083e00000, 0x0000000083f00000|  0%| F|  |TAMS 0x0000000083e00000, 0x0000000083e00000| Untracked 
|  63|0x0000000083f00000, 0x0000000083f00000, 0x0000000084000000|  0%| F|  |TAMS 0x0000000083f00000, 0x0000000083f00000| Untracked 
|  64|0x0000000084000000, 0x0000000084000000, 0x0000000084100000|  0%| F|  |TAMS 0x0000000084000000, 0x0000000084000000| Untracked 
|  65|0x0000000084100000, 0x0000000084100000, 0x0000000084200000|  0%| F|  |TAMS 0x0000000084100000, 0x0000000084100000| Untracked 
|  66|0x0000000084200000, 0x0000000084200000, 0x0000000084300000|  0%| F|  |TAMS 0x0000000084200000, 0x0000000084200000| Untracked 
|  67|0x0000000084300000, 0x0000000084300000, 0x0000000084400000|  0%| F|  |TAMS 0x0000000084300000, 0x0000000084300000| Untracked 
|  68|0x0000000084400000, 0x0000000084400000, 0x0000000084500000|  0%| F|  |TAMS 0x0000000084400000, 0x0000000084400000| Untracked 
|  69|0x0000000084500000, 0x0000000084500000, 0x0000000084600000|  0%| F|  |TAMS 0x0000000084500000, 0x0000000084500000| Untracked 
|  70|0x0000000084600000, 0x0000000084600000, 0x0000000084700000|  0%| F|  |TAMS 0x0000000084600000, 0x0000000084600000| Untracked 
|  71|0x0000000084700000, 0x0000000084700000, 0x0000000084800000|  0%| F|  |TAMS 0x0000000084700000, 0x0000000084700000| Untracked 
|  72|0x0000000084800000, 0x0000000084800000, 0x0000000084900000|  0%| F|  |TAMS 0x0000000084800000, 0x0000000084800000| Untracked 
|  73|0x0000000084900000, 0x0000000084900000, 0x0000000084a00000|  0%| F|  |TAMS 0x0000000084900000, 0x0000000084900000| Untracked 
|  74|0x0000000084a00000, 0x0000000084a00000, 0x0000000084b00000|  0%| F|  |TAMS 0x0000000084a00000, 0x0000000084a00000| Untracked 
|  75|0x0000000084b00000, 0x0000000084b00000, 0x0000000084c00000|  0%| F|  |TAMS 0x0000000084b00000, 0x0000000084b00000| Untracked 
|  76|0x0000000084c00000, 0x0000000084c00000, 0x0000000084d00000|  0%| F|  |TAMS 0x0000000084c00000, 0x0000000084c00000| Untracked 
|  77|0x0000000084d00000, 0x0000000084d00000, 0x0000000084e00000|  0%| F|  |TAMS 0x0000000084d00000, 0x0000000084d00000| Untracked 
|  78|0x0000000084e00000, 0x0000000084e00000, 0x0000000084f00000|  0%| F|  |TAMS 0x0000000084e00000, 0x0000000084e00000| Untracked 
|  79|0x0000000084f00000, 0x0000000084f00000, 0x0000000085000000|  0%| F|  |TAMS 0x0000000084f00000, 0x0000000084f00000| Untracked 
|  80|0x0000000085000000, 0x0000000085000000, 0x0000000085100000|  0%| F|  |TAMS 0x0000000085000000, 0x0000000085000000| Untracked 
|  81|0x0000000085100000, 0x0000000085100000, 0x0000000085200000|  0%| F|  |TAMS 0x0000000085100000, 0x0000000085100000| Untracked 
|  82|0x0000000085200000, 0x0000000085200000, 0x0000000085300000|  0%| F|  |TAMS 0x0000000085200000, 0x0000000085200000| Untracked 
|  83|0x0000000085300000, 0x0000000085300000, 0x0000000085400000|  0%| F|  |TAMS 0x0000000085300000, 0x0000000085300000| Untracked 
|  84|0x0000000085400000, 0x0000000085400000, 0x0000000085500000|  0%| F|  |TAMS 0x0000000085400000, 0x0000000085400000| Untracked 
|  85|0x0000000085500000, 0x0000000085500000, 0x0000000085600000|  0%| F|  |TAMS 0x0000000085500000, 0x0000000085500000| Untracked 
|  86|0x0000000085600000, 0x0000000085600000, 0x0000000085700000|  0%| F|  |TAMS 0x0000000085600000, 0x0000000085600000| Untracked 
|  87|0x0000000085700000, 0x0000000085700000, 0x0000000085800000|  0%| F|  |TAMS 0x0000000085700000, 0x0000000085700000| Untracked 
|  88|0x0000000085800000, 0x0000000085800000, 0x0000000085900000|  0%| F|  |TAMS 0x0000000085800000, 0x0000000085800000| Untracked 
|  89|0x0000000085900000, 0x0000000085900000, 0x0000000085a00000|  0%| F|  |TAMS 0x0000000085900000, 0x0000000085900000| Untracked 
|  90|0x0000000085a00000, 0x0000000085a00000, 0x0000000085b00000|  0%| F|  |TAMS 0x0000000085a00000, 0x0000000085a00000| Untracked 
|  91|0x0000000085b00000, 0x0000000085b00000, 0x0000000085c00000|  0%| F|  |TAMS 0x0000000085b00000, 0x0000000085b00000| Untracked 
|  92|0x0000000085c00000, 0x0000000085c00000, 0x0000000085d00000|  0%| F|  |TAMS 0x0000000085c00000, 0x0000000085c00000| Untracked 
|  93|0x0000000085d00000, 0x0000000085d00000, 0x0000000085e00000|  0%| F|  |TAMS 0x0000000085d00000, 0x0000000085d00000| Untracked 
|  94|0x0000000085e00000, 0x0000000085e00000, 0x0000000085f00000|  0%| F|  |TAMS 0x0000000085e00000, 0x0000000085e00000| Untracked 
|  95|0x0000000085f00000, 0x0000000085f00000, 0x0000000086000000|  0%| F|  |TAMS 0x0000000085f00000, 0x0000000085f00000| Untracked 
|  96|0x0000000086000000, 0x0000000086000000, 0x0000000086100000|  0%| F|  |TAMS 0x0000000086000000, 0x0000000086000000| Untracked 
|  97|0x0000000086100000, 0x0000000086100000, 0x0000000086200000|  0%| F|  |TAMS 0x0000000086100000, 0x0000000086100000| Untracked 
|  98|0x0000000086200000, 0x0000000086200000, 0x0000000086300000|  0%| F|  |TAMS 0x0000000086200000, 0x0000000086200000| Untracked 
|  99|0x0000000086300000, 0x0000000086300000, 0x0000000086400000|  0%| F|  |TAMS 0x0000000086300000, 0x0000000086300000| Untracked 
| 100|0x0000000086400000, 0x0000000086400000, 0x0000000086500000|  0%| F|  |TAMS 0x0000000086400000, 0x0000000086400000| Untracked 
| 101|0x0000000086500000, 0x0000000086500000, 0x0000000086600000|  0%| F|  |TAMS 0x0000000086500000, 0x0000000086500000| Untracked 
| 102|0x0000000086600000, 0x0000000086600000, 0x0000000086700000|  0%| F|  |TAMS 0x0000000086600000, 0x0000000086600000| Untracked 
| 103|0x0000000086700000, 0x0000000086700000, 0x0000000086800000|  0%| F|  |TAMS 0x0000000086700000, 0x0000000086700000| Untracked 
| 104|0x0000000086800000, 0x0000000086800000, 0x0000000086900000|  0%| F|  |TAMS 0x0000000086800000, 0x0000000086800000| Untracked 
| 105|0x0000000086900000, 0x0000000086900000, 0x0000000086a00000|  0%| F|  |TAMS 0x0000000086900000, 0x0000000086900000| Untracked 
| 106|0x0000000086a00000, 0x0000000086a00000, 0x0000000086b00000|  0%| F|  |TAMS 0x0000000086a00000, 0x0000000086a00000| Untracked 
| 107|0x0000000086b00000, 0x0000000086b00000, 0x0000000086c00000|  0%| F|  |TAMS 0x0000000086b00000, 0x0000000086b00000| Untracked 
| 108|0x0000000086c00000, 0x0000000086c00000, 0x0000000086d00000|  0%| F|  |TAMS 0x0000000086c00000, 0x0000000086c00000| Untracked 
| 109|0x0000000086d00000, 0x0000000086d00000, 0x0000000086e00000|  0%| F|  |TAMS 0x0000000086d00000, 0x0000000086d00000| Untracked 
| 110|0x0000000086e00000, 0x0000000086e00000, 0x0000000086f00000|  0%| F|  |TAMS 0x0000000086e00000, 0x0000000086e00000| Untracked 
| 111|0x0000000086f00000, 0x0000000086f00000, 0x0000000087000000|  0%| F|  |TAMS 0x0000000086f00000, 0x0000000086f00000| Untracked 
| 112|0x0000000087000000, 0x0000000087000000, 0x0000000087100000|  0%| F|  |TAMS 0x0000000087000000, 0x0000000087000000| Untracked 
| 113|0x0000000087100000, 0x0000000087100000, 0x0000000087200000|  0%| F|  |TAMS 0x0000000087100000, 0x0000000087100000| Untracked 
| 114|0x0000000087200000, 0x0000000087200000, 0x0000000087300000|  0%| F|  |TAMS 0x0000000087200000, 0x0000000087200000| Untracked 
| 115|0x0000000087300000, 0x0000000087300000, 0x0000000087400000|  0%| F|  |TAMS 0x0000000087300000, 0x0000000087300000| Untracked 
| 116|0x0000000087400000, 0x0000000087400000, 0x0000000087500000|  0%| F|  |TAMS 0x0000000087400000, 0x0000000087400000| Untracked 
| 117|0x0000000087500000, 0x0000000087500000, 0x0000000087600000|  0%| F|  |TAMS 0x0000000087500000, 0x0000000087500000| Untracked 
| 118|0x0000000087600000, 0x0000000087600000, 0x0000000087700000|  0%| F|  |TAMS 0x0000000087600000, 0x0000000087600000| Untracked 
| 119|0x0000000087700000, 0x0000000087800000, 0x0000000087800000|100%| S|CS|TAMS 0x0000000087700000, 0x0000000087700000| Complete 
| 120|0x0000000087800000, 0x0000000087900000, 0x0000000087900000|100%| S|CS|TAMS 0x0000000087800000, 0x0000000087800000| Complete 
| 121|0x0000000087900000, 0x0000000087a00000, 0x0000000087a00000|100%| S|CS|TAMS 0x0000000087900000, 0x0000000087900000| Complete 
| 122|0x0000000087a00000, 0x0000000087b00000, 0x0000000087b00000|100%| S|CS|TAMS 0x0000000087a00000, 0x0000000087a00000| Complete 
| 123|0x0000000087b00000, 0x0000000087c00000, 0x0000000087c00000|100%| S|CS|TAMS 0x0000000087b00000, 0x0000000087b00000| Complete 
| 124|0x0000000087c00000, 0x0000000087d00000, 0x0000000087d00000|100%| S|CS|TAMS 0x0000000087c00000, 0x0000000087c00000| Complete 
| 125|0x0000000087d00000, 0x0000000087e00000, 0x0000000087e00000|100%| S|CS|TAMS 0x0000000087d00000, 0x0000000087d00000| Complete 
| 126|0x0000000087e00000, 0x0000000087f00000, 0x0000000087f00000|100%| S|CS|TAMS 0x0000000087e00000, 0x0000000087e00000| Complete 
| 127|0x0000000087f00000, 0x0000000088000000, 0x0000000088000000|100%| S|CS|TAMS 0x0000000087f00000, 0x0000000087f00000| Complete 
| 128|0x0000000088000000, 0x0000000088100000, 0x0000000088100000|100%| S|CS|TAMS 0x0000000088000000, 0x0000000088000000| Complete 
| 129|0x0000000088100000, 0x0000000088200000, 0x0000000088200000|100%| S|CS|TAMS 0x0000000088100000, 0x0000000088100000| Complete 
| 130|0x0000000088200000, 0x0000000088200000, 0x0000000088300000|  0%| F|  |TAMS 0x0000000088200000, 0x0000000088200000| Untracked 
| 131|0x0000000088300000, 0x0000000088300000, 0x0000000088400000|  0%| F|  |TAMS 0x0000000088300000, 0x0000000088300000| Untracked 
| 132|0x0000000088400000, 0x0000000088400000, 0x0000000088500000|  0%| F|  |TAMS 0x0000000088400000, 0x0000000088400000| Untracked 
| 133|0x0000000088500000, 0x0000000088500000, 0x0000000088600000|  0%| F|  |TAMS 0x0000000088500000, 0x0000000088500000| Untracked 
| 134|0x0000000088600000, 0x0000000088600000, 0x0000000088700000|  0%| F|  |TAMS 0x0000000088600000, 0x0000000088600000| Untracked 
| 135|0x0000000088700000, 0x0000000088700000, 0x0000000088800000|  0%| F|  |TAMS 0x0000000088700000, 0x0000000088700000| Untracked 
| 136|0x0000000088800000, 0x0000000088800000, 0x0000000088900000|  0%| F|  |TAMS 0x0000000088800000, 0x0000000088800000| Untracked 
| 137|0x0000000088900000, 0x0000000088900000, 0x0000000088a00000|  0%| F|  |TAMS 0x0000000088900000, 0x0000000088900000| Untracked 
| 138|0x0000000088a00000, 0x0000000088a00000, 0x0000000088b00000|  0%| F|  |TAMS 0x0000000088a00000, 0x0000000088a00000| Untracked 
| 139|0x0000000088b00000, 0x0000000088b00000, 0x0000000088c00000|  0%| F|  |TAMS 0x0000000088b00000, 0x0000000088b00000| Untracked 
| 140|0x0000000088c00000, 0x0000000088c00000, 0x0000000088d00000|  0%| F|  |TAMS 0x0000000088c00000, 0x0000000088c00000| Untracked 
| 141|0x0000000088d00000, 0x0000000088d00000, 0x0000000088e00000|  0%| F|  |TAMS 0x0000000088d00000, 0x0000000088d00000| Untracked 
| 142|0x0000000088e00000, 0x0000000088e00000, 0x0000000088f00000|  0%| F|  |TAMS 0x0000000088e00000, 0x0000000088e00000| Untracked 
| 143|0x0000000088f00000, 0x0000000088f00000, 0x0000000089000000|  0%| F|  |TAMS 0x0000000088f00000, 0x0000000088f00000| Untracked 
| 144|0x0000000089000000, 0x0000000089000000, 0x0000000089100000|  0%| F|  |TAMS 0x0000000089000000, 0x0000000089000000| Untracked 
| 145|0x0000000089100000, 0x0000000089100000, 0x0000000089200000|  0%| F|  |TAMS 0x0000000089100000, 0x0000000089100000| Untracked 
| 146|0x0000000089200000, 0x0000000089200000, 0x0000000089300000|  0%| F|  |TAMS 0x0000000089200000, 0x0000000089200000| Untracked 
| 147|0x0000000089300000, 0x0000000089300000, 0x0000000089400000|  0%| F|  |TAMS 0x0000000089300000, 0x0000000089300000| Untracked 
| 148|0x0000000089400000, 0x0000000089400000, 0x0000000089500000|  0%| F|  |TAMS 0x0000000089400000, 0x0000000089400000| Untracked 
| 149|0x0000000089500000, 0x0000000089500000, 0x0000000089600000|  0%| F|  |TAMS 0x0000000089500000, 0x0000000089500000| Untracked 
| 150|0x0000000089600000, 0x0000000089600000, 0x0000000089700000|  0%| F|  |TAMS 0x0000000089600000, 0x0000000089600000| Untracked 
| 151|0x0000000089700000, 0x0000000089700000, 0x0000000089800000|  0%| F|  |TAMS 0x0000000089700000, 0x0000000089700000| Untracked 
| 152|0x0000000089800000, 0x0000000089800000, 0x0000000089900000|  0%| F|  |TAMS 0x0000000089800000, 0x0000000089800000| Untracked 
| 153|0x0000000089900000, 0x0000000089900000, 0x0000000089a00000|  0%| F|  |TAMS 0x0000000089900000, 0x0000000089900000| Untracked 
| 154|0x0000000089a00000, 0x0000000089a00000, 0x0000000089b00000|  0%| F|  |TAMS 0x0000000089a00000, 0x0000000089a00000| Untracked 
| 155|0x0000000089b00000, 0x0000000089b00000, 0x0000000089c00000|  0%| F|  |TAMS 0x0000000089b00000, 0x0000000089b00000| Untracked 
| 156|0x0000000089c00000, 0x0000000089c00000, 0x0000000089d00000|  0%| F|  |TAMS 0x0000000089c00000, 0x0000000089c00000| Untracked 
| 157|0x0000000089d00000, 0x0000000089d00000, 0x0000000089e00000|  0%| F|  |TAMS 0x0000000089d00000, 0x0000000089d00000| Untracked 
| 158|0x0000000089e00000, 0x0000000089e00000, 0x0000000089f00000|  0%| F|  |TAMS 0x0000000089e00000, 0x0000000089e00000| Untracked 
| 159|0x0000000089f00000, 0x0000000089f00000, 0x000000008a000000|  0%| F|  |TAMS 0x0000000089f00000, 0x0000000089f00000| Untracked 
| 160|0x000000008a000000, 0x000000008a000000, 0x000000008a100000|  0%| F|  |TAMS 0x000000008a000000, 0x000000008a000000| Untracked 
| 161|0x000000008a100000, 0x000000008a100000, 0x000000008a200000|  0%| F|  |TAMS 0x000000008a100000, 0x000000008a100000| Untracked 
| 162|0x000000008a200000, 0x000000008a200000, 0x000000008a300000|  0%| F|  |TAMS 0x000000008a200000, 0x000000008a200000| Untracked 
| 163|0x000000008a300000, 0x000000008a300000, 0x000000008a400000|  0%| F|  |TAMS 0x000000008a300000, 0x000000008a300000| Untracked 
| 164|0x000000008a400000, 0x000000008a400000, 0x000000008a500000|  0%| F|  |TAMS 0x000000008a400000, 0x000000008a400000| Untracked 
| 165|0x000000008a500000, 0x000000008a500000, 0x000000008a600000|  0%| F|  |TAMS 0x000000008a500000, 0x000000008a500000| Untracked 
| 166|0x000000008a600000, 0x000000008a600000, 0x000000008a700000|  0%| F|  |TAMS 0x000000008a600000, 0x000000008a600000| Untracked 
| 167|0x000000008a700000, 0x000000008a700000, 0x000000008a800000|  0%| F|  |TAMS 0x000000008a700000, 0x000000008a700000| Untracked 
| 168|0x000000008a800000, 0x000000008a800000, 0x000000008a900000|  0%| F|  |TAMS 0x000000008a800000, 0x000000008a800000| Untracked 
| 169|0x000000008a900000, 0x000000008a900000, 0x000000008aa00000|  0%| F|  |TAMS 0x000000008a900000, 0x000000008a900000| Untracked 
| 170|0x000000008aa00000, 0x000000008aa00000, 0x000000008ab00000|  0%| F|  |TAMS 0x000000008aa00000, 0x000000008aa00000| Untracked 
| 171|0x000000008ab00000, 0x000000008ab00000, 0x000000008ac00000|  0%| F|  |TAMS 0x000000008ab00000, 0x000000008ab00000| Untracked 
| 172|0x000000008ac00000, 0x000000008ac00000, 0x000000008ad00000|  0%| F|  |TAMS 0x000000008ac00000, 0x000000008ac00000| Untracked 
| 173|0x000000008ad00000, 0x000000008ad00000, 0x000000008ae00000|  0%| F|  |TAMS 0x000000008ad00000, 0x000000008ad00000| Untracked 
| 174|0x000000008ae00000, 0x000000008ae00000, 0x000000008af00000|  0%| F|  |TAMS 0x000000008ae00000, 0x000000008ae00000| Untracked 
| 175|0x000000008af00000, 0x000000008af00000, 0x000000008b000000|  0%| F|  |TAMS 0x000000008af00000, 0x000000008af00000| Untracked 
| 176|0x000000008b000000, 0x000000008b000000, 0x000000008b100000|  0%| F|  |TAMS 0x000000008b000000, 0x000000008b000000| Untracked 
| 177|0x000000008b100000, 0x000000008b100000, 0x000000008b200000|  0%| F|  |TAMS 0x000000008b100000, 0x000000008b100000| Untracked 
| 178|0x000000008b200000, 0x000000008b200000, 0x000000008b300000|  0%| F|  |TAMS 0x000000008b200000, 0x000000008b200000| Untracked 
| 179|0x000000008b300000, 0x000000008b300000, 0x000000008b400000|  0%| F|  |TAMS 0x000000008b300000, 0x000000008b300000| Untracked 
| 180|0x000000008b400000, 0x000000008b400000, 0x000000008b500000|  0%| F|  |TAMS 0x000000008b400000, 0x000000008b400000| Untracked 
| 181|0x000000008b500000, 0x000000008b500000, 0x000000008b600000|  0%| F|  |TAMS 0x000000008b500000, 0x000000008b500000| Untracked 
| 182|0x000000008b600000, 0x000000008b600000, 0x000000008b700000|  0%| F|  |TAMS 0x000000008b600000, 0x000000008b600000| Untracked 
| 183|0x000000008b700000, 0x000000008b700000, 0x000000008b800000|  0%| F|  |TAMS 0x000000008b700000, 0x000000008b700000| Untracked 
| 184|0x000000008b800000, 0x000000008b800000, 0x000000008b900000|  0%| F|  |TAMS 0x000000008b800000, 0x000000008b800000| Untracked 
| 185|0x000000008b900000, 0x000000008b900000, 0x000000008ba00000|  0%| F|  |TAMS 0x000000008b900000, 0x000000008b900000| Untracked 
| 186|0x000000008ba00000, 0x000000008ba00000, 0x000000008bb00000|  0%| F|  |TAMS 0x000000008ba00000, 0x000000008ba00000| Untracked 
| 187|0x000000008bb00000, 0x000000008bb00000, 0x000000008bc00000|  0%| F|  |TAMS 0x000000008bb00000, 0x000000008bb00000| Untracked 
| 188|0x000000008bc00000, 0x000000008bc00000, 0x000000008bd00000|  0%| F|  |TAMS 0x000000008bc00000, 0x000000008bc00000| Untracked 
| 189|0x000000008bd00000, 0x000000008bd00000, 0x000000008be00000|  0%| F|  |TAMS 0x000000008bd00000, 0x000000008bd00000| Untracked 
| 190|0x000000008be00000, 0x000000008be00000, 0x000000008bf00000|  0%| F|  |TAMS 0x000000008be00000, 0x000000008be00000| Untracked 
| 191|0x000000008bf00000, 0x000000008bf00000, 0x000000008c000000|  0%| F|  |TAMS 0x000000008bf00000, 0x000000008bf00000| Untracked 
| 192|0x000000008c000000, 0x000000008c000000, 0x000000008c100000|  0%| F|  |TAMS 0x000000008c000000, 0x000000008c000000| Untracked 
| 193|0x000000008c100000, 0x000000008c100000, 0x000000008c200000|  0%| F|  |TAMS 0x000000008c100000, 0x000000008c100000| Untracked 
| 194|0x000000008c200000, 0x000000008c200000, 0x000000008c300000|  0%| F|  |TAMS 0x000000008c200000, 0x000000008c200000| Untracked 
| 195|0x000000008c300000, 0x000000008c300000, 0x000000008c400000|  0%| F|  |TAMS 0x000000008c300000, 0x000000008c300000| Untracked 
| 196|0x000000008c400000, 0x000000008c400000, 0x000000008c500000|  0%| F|  |TAMS 0x000000008c400000, 0x000000008c400000| Untracked 
| 197|0x000000008c500000, 0x000000008c500000, 0x000000008c600000|  0%| F|  |TAMS 0x000000008c500000, 0x000000008c500000| Untracked 
| 198|0x000000008c600000, 0x000000008c600000, 0x000000008c700000|  0%| F|  |TAMS 0x000000008c600000, 0x000000008c600000| Untracked 
| 199|0x000000008c700000, 0x000000008c700000, 0x000000008c800000|  0%| F|  |TAMS 0x000000008c700000, 0x000000008c700000| Untracked 
| 200|0x000000008c800000, 0x000000008c800000, 0x000000008c900000|  0%| F|  |TAMS 0x000000008c800000, 0x000000008c800000| Untracked 
| 201|0x000000008c900000, 0x000000008c900000, 0x000000008ca00000|  0%| F|  |TAMS 0x000000008c900000, 0x000000008c900000| Untracked 
| 202|0x000000008ca00000, 0x000000008ca00000, 0x000000008cb00000|  0%| F|  |TAMS 0x000000008ca00000, 0x000000008ca00000| Untracked 
| 203|0x000000008cb00000, 0x000000008cb00000, 0x000000008cc00000|  0%| F|  |TAMS 0x000000008cb00000, 0x000000008cb00000| Untracked 
| 204|0x000000008cc00000, 0x000000008cc00000, 0x000000008cd00000|  0%| F|  |TAMS 0x000000008cc00000, 0x000000008cc00000| Untracked 
| 205|0x000000008cd00000, 0x000000008cd00000, 0x000000008ce00000|  0%| F|  |TAMS 0x000000008cd00000, 0x000000008cd00000| Untracked 
| 206|0x000000008ce00000, 0x000000008ce00000, 0x000000008cf00000|  0%| F|  |TAMS 0x000000008ce00000, 0x000000008ce00000| Untracked 
| 207|0x000000008cf00000, 0x000000008cf00000, 0x000000008d000000|  0%| F|  |TAMS 0x000000008cf00000, 0x000000008cf00000| Untracked 
| 208|0x000000008d000000, 0x000000008d000000, 0x000000008d100000|  0%| F|  |TAMS 0x000000008d000000, 0x000000008d000000| Untracked 
| 209|0x000000008d100000, 0x000000008d100000, 0x000000008d200000|  0%| F|  |TAMS 0x000000008d100000, 0x000000008d100000| Untracked 
| 210|0x000000008d200000, 0x000000008d200000, 0x000000008d300000|  0%| F|  |TAMS 0x000000008d200000, 0x000000008d200000| Untracked 
| 211|0x000000008d300000, 0x000000008d300000, 0x000000008d400000|  0%| F|  |TAMS 0x000000008d300000, 0x000000008d300000| Untracked 
| 212|0x000000008d400000, 0x000000008d400000, 0x000000008d500000|  0%| F|  |TAMS 0x000000008d400000, 0x000000008d400000| Untracked 
| 213|0x000000008d500000, 0x000000008d500000, 0x000000008d600000|  0%| F|  |TAMS 0x000000008d500000, 0x000000008d500000| Untracked 
| 214|0x000000008d600000, 0x000000008d700000, 0x000000008d700000|100%| E|  |TAMS 0x000000008d600000, 0x000000008d600000| Complete 
| 215|0x000000008d700000, 0x000000008d800000, 0x000000008d800000|100%| E|CS|TAMS 0x000000008d700000, 0x000000008d700000| Complete 
| 216|0x000000008d800000, 0x000000008d900000, 0x000000008d900000|100%| E|CS|TAMS 0x000000008d800000, 0x000000008d800000| Complete 
| 217|0x000000008d900000, 0x000000008da00000, 0x000000008da00000|100%| E|CS|TAMS 0x000000008d900000, 0x000000008d900000| Complete 
| 218|0x000000008da00000, 0x000000008db00000, 0x000000008db00000|100%| E|CS|TAMS 0x000000008da00000, 0x000000008da00000| Complete 
| 219|0x000000008db00000, 0x000000008dc00000, 0x000000008dc00000|100%| E|CS|TAMS 0x000000008db00000, 0x000000008db00000| Complete 
| 220|0x000000008dc00000, 0x000000008dd00000, 0x000000008dd00000|100%| E|CS|TAMS 0x000000008dc00000, 0x000000008dc00000| Complete 
| 221|0x000000008dd00000, 0x000000008de00000, 0x000000008de00000|100%| E|CS|TAMS 0x000000008dd00000, 0x000000008dd00000| Complete 
| 222|0x000000008de00000, 0x000000008df00000, 0x000000008df00000|100%| E|CS|TAMS 0x000000008de00000, 0x000000008de00000| Complete 
| 223|0x000000008df00000, 0x000000008e000000, 0x000000008e000000|100%| E|CS|TAMS 0x000000008df00000, 0x000000008df00000| Complete 
| 224|0x000000008e000000, 0x000000008e100000, 0x000000008e100000|100%| E|CS|TAMS 0x000000008e000000, 0x000000008e000000| Complete 
| 225|0x000000008e100000, 0x000000008e200000, 0x000000008e200000|100%| E|CS|TAMS 0x000000008e100000, 0x000000008e100000| Complete 
| 226|0x000000008e200000, 0x000000008e300000, 0x000000008e300000|100%| E|CS|TAMS 0x000000008e200000, 0x000000008e200000| Complete 
| 227|0x000000008e300000, 0x000000008e400000, 0x000000008e400000|100%| E|CS|TAMS 0x000000008e300000, 0x000000008e300000| Complete 
| 228|0x000000008e400000, 0x000000008e500000, 0x000000008e500000|100%| E|CS|TAMS 0x000000008e400000, 0x000000008e400000| Complete 
| 229|0x000000008e500000, 0x000000008e600000, 0x000000008e600000|100%| E|CS|TAMS 0x000000008e500000, 0x000000008e500000| Complete 
| 230|0x000000008e600000, 0x000000008e700000, 0x000000008e700000|100%| E|CS|TAMS 0x000000008e600000, 0x000000008e600000| Complete 
| 231|0x000000008e700000, 0x000000008e800000, 0x000000008e800000|100%| E|CS|TAMS 0x000000008e700000, 0x000000008e700000| Complete 
| 232|0x000000008e800000, 0x000000008e900000, 0x000000008e900000|100%| E|CS|TAMS 0x000000008e800000, 0x000000008e800000| Complete 
| 233|0x000000008e900000, 0x000000008ea00000, 0x000000008ea00000|100%| E|CS|TAMS 0x000000008e900000, 0x000000008e900000| Complete 
| 234|0x000000008ea00000, 0x000000008eb00000, 0x000000008eb00000|100%| E|CS|TAMS 0x000000008ea00000, 0x000000008ea00000| Complete 
| 235|0x000000008eb00000, 0x000000008ec00000, 0x000000008ec00000|100%| E|CS|TAMS 0x000000008eb00000, 0x000000008eb00000| Complete 
| 236|0x000000008ec00000, 0x000000008ed00000, 0x000000008ed00000|100%| E|CS|TAMS 0x000000008ec00000, 0x000000008ec00000| Complete 
| 237|0x000000008ed00000, 0x000000008ee00000, 0x000000008ee00000|100%| E|CS|TAMS 0x000000008ed00000, 0x000000008ed00000| Complete 
| 238|0x000000008ee00000, 0x000000008ef00000, 0x000000008ef00000|100%| E|CS|TAMS 0x000000008ee00000, 0x000000008ee00000| Complete 
| 239|0x000000008ef00000, 0x000000008f000000, 0x000000008f000000|100%| E|CS|TAMS 0x000000008ef00000, 0x000000008ef00000| Complete 
| 240|0x000000008f000000, 0x000000008f100000, 0x000000008f100000|100%| E|CS|TAMS 0x000000008f000000, 0x000000008f000000| Complete 
| 241|0x000000008f100000, 0x000000008f200000, 0x000000008f200000|100%| E|CS|TAMS 0x000000008f100000, 0x000000008f100000| Complete 
| 242|0x000000008f200000, 0x000000008f300000, 0x000000008f300000|100%| E|CS|TAMS 0x000000008f200000, 0x000000008f200000| Complete 
| 243|0x000000008f300000, 0x000000008f400000, 0x000000008f400000|100%| E|CS|TAMS 0x000000008f300000, 0x000000008f300000| Complete 
| 244|0x000000008f400000, 0x000000008f500000, 0x000000008f500000|100%| E|CS|TAMS 0x000000008f400000, 0x000000008f400000| Complete 
| 245|0x000000008f500000, 0x000000008f600000, 0x000000008f600000|100%| E|CS|TAMS 0x000000008f500000, 0x000000008f500000| Complete 
| 246|0x000000008f600000, 0x000000008f700000, 0x000000008f700000|100%| E|CS|TAMS 0x000000008f600000, 0x000000008f600000| Complete 
| 247|0x000000008f700000, 0x000000008f800000, 0x000000008f800000|100%| E|CS|TAMS 0x000000008f700000, 0x000000008f700000| Complete 
| 248|0x000000008f800000, 0x000000008f900000, 0x000000008f900000|100%| E|CS|TAMS 0x000000008f800000, 0x000000008f800000| Complete 
| 249|0x000000008f900000, 0x000000008fa00000, 0x000000008fa00000|100%| E|CS|TAMS 0x000000008f900000, 0x000000008f900000| Complete 
| 250|0x000000008fa00000, 0x000000008fb00000, 0x000000008fb00000|100%| E|CS|TAMS 0x000000008fa00000, 0x000000008fa00000| Complete 
| 251|0x000000008fb00000, 0x000000008fc00000, 0x000000008fc00000|100%| E|CS|TAMS 0x000000008fb00000, 0x000000008fb00000| Complete 
| 252|0x000000008fc00000, 0x000000008fd00000, 0x000000008fd00000|100%| E|CS|TAMS 0x000000008fc00000, 0x000000008fc00000| Complete 
| 253|0x000000008fd00000, 0x000000008fe00000, 0x000000008fe00000|100%| E|CS|TAMS 0x000000008fd00000, 0x000000008fd00000| Complete 
| 254|0x000000008fe00000, 0x000000008ff00000, 0x000000008ff00000|100%| E|CS|TAMS 0x000000008fe00000, 0x000000008fe00000| Complete 
| 255|0x000000008ff00000, 0x0000000090000000, 0x0000000090000000|100%| E|CS|TAMS 0x000000008ff00000, 0x000000008ff00000| Complete 

Card table byte_map: [0x00000170d5ea0000,0x00000170d62a0000] _byte_map_base: 0x00000170d5aa0000

Marking Bits (Prev, Next): (CMBitMap*) 0x00000170c2c90e58, (CMBitMap*) 0x00000170c2c90e90
 Prev Bits: [0x00000170d66a0000, 0x00000170d86a0000)
 Next Bits: [0x00000170d86a0000, 0x00000170da6a0000)

Polling page: 0x00000170c2430000

Metaspace:

Usage:
  Non-class:     60.59 MB capacity,    59.68 MB ( 99%) used,   755.14 KB (  1%) free+waste,   173.06 KB ( <1%) overhead. 
      Class:      9.21 MB capacity,     8.64 MB ( 94%) used,   498.35 KB (  5%) free+waste,    79.81 KB ( <1%) overhead. 
       Both:     69.79 MB capacity,    68.32 MB ( 98%) used,     1.22 MB (  2%) free+waste,   252.88 KB ( <1%) overhead. 

Virtual space:
  Non-class space:       62.00 MB reserved,      60.84 MB ( 98%) committed 
      Class space:        1.00 GB reserved,       9.27 MB ( <1%) committed 
             Both:        1.06 GB reserved,      70.11 MB (  6%) committed 

Chunk freelists:
   Non-Class:  65.00 KB
       Class:  46.00 KB
        Both:  111.00 KB

MaxMetaspaceSize: 17179869184.00 GB
CompressedClassSpaceSize: 1.00 GB
Initial GC threshold: 20.80 MB
Current GC threshold: 112.69 MB
CDS: off

CodeHeap 'non-profiled nmethods': size=120000Kb used=4602Kb max_used=4602Kb free=115397Kb
 bounds [0x00000170ce240000, 0x00000170ce6c0000, 0x00000170d5770000]
CodeHeap 'profiled nmethods': size=120000Kb used=14062Kb max_used=14062Kb free=105937Kb
 bounds [0x00000170c6d10000, 0x00000170c7ad0000, 0x00000170ce240000]
CodeHeap 'non-nmethods': size=5760Kb used=2348Kb max_used=2403Kb free=3411Kb
 bounds [0x00000170c6770000, 0x00000170c69e0000, 0x00000170c6d10000]
 total_blobs=7636 nmethods=6773 adapters=775
 compilation: enabled
              stopped_count=0, restarted_count=0
 full_count=0

Compilation events (20 events):
Event: 10.753 Thread 0x00000170dd9f4800 6771       3       kotlin.text.StringsKt__AppendableKt::appendElement (100 bytes)
Event: 10.754 Thread 0x00000170dd9f4800 nmethod 6771 0x00000170c7aaf790 code [0x00000170c7aafa80, 0x00000170c7ab0cb8]
Event: 10.757 Thread 0x00000170dd9f4800 6772       3       org.gradle.internal.instantiation.generator.AbstractClassGenerator$ExtensibleTypePropertyHandler::applyTo (228 bytes)
Event: 10.759 Thread 0x00000170dd9f4800 nmethod 6772 0x00000170c7ab1110 code [0x00000170c7ab1500, 0x00000170c7ab31b8]
Event: 10.760 Thread 0x00000170dd9f4800 6773       3       com.google.common.base.Preconditions::checkArgument (17 bytes)
Event: 10.760 Thread 0x00000170dd9f4800 nmethod 6773 0x00000170c7ab3a10 code [0x00000170c7ab3c00, 0x00000170c7ab3f58]
Event: 10.761 Thread 0x00000170dd9f4800 6774       3       com.google.common.collect.AbstractIndexedListIterator::next (31 bytes)
Event: 10.761 Thread 0x00000170dd9f4800 nmethod 6774 0x00000170c7ab4090 code [0x00000170c7ab4280, 0x00000170c7ab45f8]
Event: 10.761 Thread 0x00000170dd9f4800 6775       3       com.google.common.collect.Iterators$ArrayItr::get (12 bytes)
Event: 10.762 Thread 0x00000170dd9f4800 nmethod 6775 0x00000170c7ab4710 code [0x00000170c7ab48c0, 0x00000170c7ab49f8]
Event: 10.762 Thread 0x00000170dd9f4800 6776       3       java.util.TreeMap$EntrySet::iterator (19 bytes)
Event: 10.763 Thread 0x00000170dd9f4800 nmethod 6776 0x00000170c7ab4b10 code [0x00000170c7ab4d00, 0x00000170c7ab5218]
Event: 10.763 Thread 0x00000170dd9f4800 6777       3       java.util.TreeMap$EntryIterator::<init> (12 bytes)
Event: 10.763 Thread 0x00000170dd9f4800 nmethod 6777 0x00000170c7ab5410 code [0x00000170c7ab55e0, 0x00000170c7ab58f8]
Event: 10.763 Thread 0x00000170dd9f4800 6778       3       org.gradle.api.internal.artifacts.configurations.DefaultConfiguration::addMutationValidator (12 bytes)
Event: 10.763 Thread 0x00000170dd9f4800 nmethod 6778 0x00000170c7ab5a10 code [0x00000170c7ab5bc0, 0x00000170c7ab5d88]
Event: 10.763 Thread 0x00000170dd9f4800 6779       3       org.gradle.api.internal.file.AbstractFileCollection::<init> (12 bytes)
Event: 10.764 Thread 0x00000170dd9f4800 nmethod 6779 0x00000170c7ab5e90 code [0x00000170c7ab6060, 0x00000170c7ab6278]
Event: 10.764 Thread 0x00000170dd9f4800 6780       3       org.gradle.api.tasks.util.internal.PatternSets::getNonCachingPatternSetFactory (4 bytes)
Event: 10.764 Thread 0x00000170dd9f4800 nmethod 6780 0x00000170c7ab6390 code [0x00000170c7ab6540, 0x00000170c7ab6638]

GC Heap History (16 events):
Event: 0.794 GC heap before
{Heap before GC invocations=0 (full 0):
 garbage-first heap   total 262144K, used 29696K [0x0000000080000000, 0x0000000100000000)
  region size 1024K, 24 young (24576K), 0 survivors (0K)
 Metaspace       used 9750K, capacity 9968K, committed 10112K, reserved 1058816K
  class space    used 1003K, capacity 1069K, committed 1152K, reserved 1048576K
}
Event: 0.799 GC heap after
{Heap after GC invocations=1 (full 0):
 garbage-first heap   total 262144K, used 9238K [0x0000000080000000, 0x0000000100000000)
  region size 1024K, 3 young (3072K), 3 survivors (3072K)
 Metaspace       used 9750K, capacity 9968K, committed 10112K, reserved 1058816K
  class space    used 1003K, capacity 1069K, committed 1152K, reserved 1048576K
}
Event: 3.078 GC heap before
{Heap before GC invocations=1 (full 0):
 garbage-first heap   total 262144K, used 114710K [0x0000000080000000, 0x0000000100000000)
  region size 1024K, 107 young (109568K), 3 survivors (3072K)
 Metaspace       used 20799K, capacity 21201K, committed 21296K, reserved 1069056K
  class space    used 2534K, capacity 2688K, committed 2688K, reserved 1048576K
}
Event: 3.087 GC heap after
{Heap after GC invocations=2 (full 0):
 garbage-first heap   total 262144K, used 16644K [0x0000000080000000, 0x0000000100000000)
  region size 1024K, 11 young (11264K), 11 survivors (11264K)
 Metaspace       used 20799K, capacity 21201K, committed 21296K, reserved 1069056K
  class space    used 2534K, capacity 2688K, committed 2688K, reserved 1048576K
}
Event: 3.500 GC heap before
{Heap before GC invocations=3 (full 0):
 garbage-first heap   total 262144K, used 58628K [0x0000000080000000, 0x0000000100000000)
  region size 1024K, 52 young (53248K), 11 survivors (11264K)
 Metaspace       used 24831K, capacity 25386K, committed 25472K, reserved 1071104K
  class space    used 3184K, capacity 3383K, committed 3456K, reserved 1048576K
}
Event: 3.507 GC heap after
{Heap after GC invocations=4 (full 0):
 garbage-first heap   total 262144K, used 18461K [0x0000000080000000, 0x0000000100000000)
  region size 1024K, 2 young (2048K), 2 survivors (2048K)
 Metaspace       used 24831K, capacity 25386K, committed 25472K, reserved 1071104K
  class space    used 3184K, capacity 3383K, committed 3456K, reserved 1048576K
}
Event: 4.642 GC heap before
{Heap before GC invocations=4 (full 0):
 garbage-first heap   total 262144K, used 94237K [0x0000000080000000, 0x0000000100000000)
  region size 1024K, 77 young (78848K), 2 survivors (2048K)
 Metaspace       used 35174K, capacity 35981K, committed 36048K, reserved 1081344K
  class space    used 4527K, capacity 4838K, committed 4864K, reserved 1048576K
}
Event: 4.650 GC heap after
{Heap after GC invocations=5 (full 0):
 garbage-first heap   total 262144K, used 22167K [0x0000000080000000, 0x0000000100000000)
  region size 1024K, 6 young (6144K), 6 survivors (6144K)
 Metaspace       used 35174K, capacity 35981K, committed 36048K, reserved 1081344K
  class space    used 4527K, capacity 4838K, committed 4864K, reserved 1048576K
}
Event: 6.112 GC heap before
{Heap before GC invocations=6 (full 0):
 garbage-first heap   total 262144K, used 138903K [0x0000000080000000, 0x0000000100000000)
  region size 1024K, 117 young (119808K), 6 survivors (6144K)
 Metaspace       used 44797K, capacity 45804K, committed 45980K, reserved 1089536K
  class space    used 5671K, capacity 6071K, committed 6092K, reserved 1048576K
}
Event: 6.122 GC heap after
{Heap after GC invocations=7 (full 0):
 garbage-first heap   total 262144K, used 29181K [0x0000000080000000, 0x0000000100000000)
  region size 1024K, 13 young (13312K), 13 survivors (13312K)
 Metaspace       used 44797K, capacity 45804K, committed 45980K, reserved 1089536K
  class space    used 5671K, capacity 6071K, committed 6092K, reserved 1048576K
}
Event: 7.529 GC heap before
{Heap before GC invocations=7 (full 0):
 garbage-first heap   total 262144K, used 169469K [0x0000000080000000, 0x0000000100000000)
  region size 1024K, 141 young (144384K), 13 survivors (13312K)
 Metaspace       used 52782K, capacity 54052K, committed 54300K, reserved 1095680K
  class space    used 6680K, capacity 7206K, committed 7244K, reserved 1048576K
}
Event: 7.543 GC heap after
{Heap after GC invocations=8 (full 0):
 garbage-first heap   total 262144K, used 49315K [0x0000000080000000, 0x0000000100000000)
  region size 1024K, 18 young (18432K), 18 survivors (18432K)
 Metaspace       used 52782K, capacity 54052K, committed 54300K, reserved 1095680K
  class space    used 6680K, capacity 7206K, committed 7244K, reserved 1048576K
}
Event: 8.309 GC heap before
{Heap before GC invocations=8 (full 0):
 garbage-first heap   total 262144K, used 92323K [0x0000000080000000, 0x0000000100000000)
  region size 1024K, 61 young (62464K), 18 survivors (18432K)
 Metaspace       used 59139K, capacity 60531K, committed 60572K, reserved 1101824K
  class space    used 7499K, capacity 8105K, committed 8140K, reserved 1048576K
}
Event: 8.325 GC heap after
{Heap after GC invocations=9 (full 0):
 garbage-first heap   total 262144K, used 52190K [0x0000000080000000, 0x0000000100000000)
  region size 1024K, 4 young (4096K), 4 survivors (4096K)
 Metaspace       used 59139K, capacity 60531K, committed 60572K, reserved 1101824K
  class space    used 7499K, capacity 8105K, committed 8140K, reserved 1048576K
}
Event: 10.051 GC heap before
{Heap before GC invocations=10 (full 0):
 garbage-first heap   total 262144K, used 184286K [0x0000000080000000, 0x0000000100000000)
  region size 1024K, 126 young (129024K), 4 survivors (4096K)
 Metaspace       used 67662K, capacity 69120K, committed 69236K, reserved 1110016K
  class space    used 8552K, capacity 9154K, committed 9240K, reserved 1048576K
}
Event: 10.080 GC heap after
{Heap after GC invocations=11 (full 0):
 garbage-first heap   total 262144K, used 60068K [0x0000000080000000, 0x0000000100000000)
  region size 1024K, 11 young (11264K), 11 survivors (11264K)
 Metaspace       used 67662K, capacity 69120K, committed 69236K, reserved 1110016K
  class space    used 8552K, capacity 9154K, committed 9240K, reserved 1048576K
}

Deoptimization events (20 events):
Event: 10.140 Thread 0x00000170e0502800 Uncommon trap: trap_request=0xfffffff4 fr.pc=0x00000170ce69c090 relative=0x0000000000000970
Event: 10.140 Thread 0x00000170e0502800 Uncommon trap: reason=null_check action=make_not_entrant pc=0x00000170ce69c090 method=com.sun.beans.introspect.MethodInfo$MethodOrder.compare(Ljava/lang/reflect/Method;Ljava/lang/reflect/Method;)I @ 133 c2
Event: 10.140 Thread 0x00000170e0502800 DEOPT PACKING pc=0x00000170ce69c090 sp=0x0000004f9faf3e90
Event: 10.140 Thread 0x00000170e0502800 DEOPT UNPACKING pc=0x00000170c67ba1af sp=0x0000004f9faf3e48 mode 2
Event: 10.229 Thread 0x00000170e0502800 Uncommon trap: trap_request=0xfffffff4 fr.pc=0x00000170ce697308 relative=0x0000000000003168
Event: 10.229 Thread 0x00000170e0502800 Uncommon trap: reason=null_check action=make_not_entrant pc=0x00000170ce697308 method=java.lang.PublicMethods$MethodList.getMostSpecific()Ljava/lang/reflect/Method; @ 41 c2
Event: 10.229 Thread 0x00000170e0502800 DEOPT PACKING pc=0x00000170ce697308 sp=0x0000004f9faf32b0
Event: 10.229 Thread 0x00000170e0502800 DEOPT UNPACKING pc=0x00000170c67ba1af sp=0x0000004f9faf31b0 mode 2
Event: 10.344 Thread 0x00000170e0502800 Uncommon trap: trap_request=0xffffff4d fr.pc=0x00000170ce45f2f0 relative=0x0000000000005d70
Event: 10.344 Thread 0x00000170e0502800 Uncommon trap: reason=unstable_if action=reinterpret pc=0x00000170ce45f2f0 method=org.codehaus.groovy.runtime.metaclass.MetaMethodIndex.isOverridden(Lgroovy/lang/MetaMethod;Lgroovy/lang/MetaMethod;)Z @ 33 c2
Event: 10.344 Thread 0x00000170e0502800 DEOPT PACKING pc=0x00000170ce45f2f0 sp=0x0000004f9faf44c0
Event: 10.344 Thread 0x00000170e0502800 DEOPT UNPACKING pc=0x00000170c67ba1af sp=0x0000004f9faf44d8 mode 2
Event: 10.352 Thread 0x00000170e0502800 Uncommon trap: trap_request=0xfffffff4 fr.pc=0x00000170ce69fb08 relative=0x00000000000009c8
Event: 10.352 Thread 0x00000170e0502800 Uncommon trap: reason=null_check action=make_not_entrant pc=0x00000170ce69fb08 method=com.sun.beans.introspect.MethodInfo$MethodOrder.compare(Ljava/lang/reflect/Method;Ljava/lang/reflect/Method;)I @ 145 c2
Event: 10.352 Thread 0x00000170e0502800 DEOPT PACKING pc=0x00000170ce69fb08 sp=0x0000004f9faf23a0
Event: 10.352 Thread 0x00000170e0502800 DEOPT UNPACKING pc=0x00000170c67ba1af sp=0x0000004f9faf22d0 mode 2
Event: 10.352 Thread 0x00000170e0502800 Uncommon trap: trap_request=0xfffffff4 fr.pc=0x00000170ce69e71c relative=0x000000000000097c
Event: 10.352 Thread 0x00000170e0502800 Uncommon trap: reason=null_check action=make_not_entrant pc=0x00000170ce69e71c method=com.sun.beans.introspect.MethodInfo$MethodOrder.compare(Ljava/lang/reflect/Method;Ljava/lang/reflect/Method;)I @ 145 c2
Event: 10.352 Thread 0x00000170e0502800 DEOPT PACKING pc=0x00000170ce69e71c sp=0x0000004f9faf2310
Event: 10.352 Thread 0x00000170e0502800 DEOPT UNPACKING pc=0x00000170c67ba1af sp=0x0000004f9faf22c8 mode 2

Classes redefined (0 events):
No events

Internal exceptions (20 events):
Event: 10.410 Thread 0x00000170e0502800 Exception <a 'java/lang/ClassNotFoundException'{0x000000008ee20de8}: com/android/build/gradle/internal/CompileOptions$AgpDecorated_DecoratedBeanInfo> (0x000000008ee20de8) thrown at [./src/hotspot/share/classfile/systemDictionary.cpp, line 231]
Event: 10.411 Thread 0x00000170e0502800 Exception <a 'java/lang/ClassNotFoundException'{0x000000008ee41980}: com/android/build/gradle/internal/CompileOptions$AgpDecoratedBeanInfo> (0x000000008ee41980) thrown at [./src/hotspot/share/classfile/systemDictionary.cpp, line 231]
Event: 10.412 Thread 0x00000170e0502800 Exception <a 'java/lang/ClassNotFoundException'{0x000000008ee5f960}: com/android/build/gradle/internal/CompileOptionsBeanInfo> (0x000000008ee5f960) thrown at [./src/hotspot/share/classfile/systemDictionary.cpp, line 231]
Event: 10.412 Thread 0x00000170e0502800 Exception <a 'java/lang/ClassNotFoundException'{0x000000008ee7e530}: com/android/build/gradle/internal/CompileOptionsCustomizer> (0x000000008ee7e530) thrown at [./src/hotspot/share/classfile/systemDictionary.cpp, line 231]
Event: 10.414 Thread 0x00000170e0502800 Exception <a 'java/lang/ClassNotFoundException'{0x000000008eeab760}: com/android/build/gradle/internal/CompileOptions$AgpDecoratedCustomizer> (0x000000008eeab760) thrown at [./src/hotspot/share/classfile/systemDictionary.cpp, line 231]
Event: 10.417 Thread 0x00000170e0502800 Exception <a 'java/lang/ClassNotFoundException'{0x000000008eedb5c8}: com/android/build/gradle/internal/CompileOptions$AgpDecorated_DecoratedCustomizer> (0x000000008eedb5c8) thrown at [./src/hotspot/share/classfile/systemDictionary.cpp, line 231]
Event: 10.448 Thread 0x00000170e0502800 Exception <a 'java/lang/ClassNotFoundException'{0x000000008ec4abf0}: org/jetbrains/kotlin/gradle/dsl/KotlinJvmOptionsImplBeanInfo> (0x000000008ec4abf0) thrown at [./src/hotspot/share/classfile/systemDictionary.cpp, line 231]
Event: 10.449 Thread 0x00000170e0502800 Exception <a 'java/lang/ClassNotFoundException'{0x000000008ec68df0}: org/jetbrains/kotlin/gradle/dsl/KotlinJvmOptionsBaseBeanInfo> (0x000000008ec68df0) thrown at [./src/hotspot/share/classfile/systemDictionary.cpp, line 231]
Event: 10.449 Thread 0x00000170e0502800 Exception <a 'java/lang/ClassNotFoundException'{0x000000008ec875f8}: org/jetbrains/kotlin/gradle/dsl/KotlinJvmOptionsBaseCustomizer> (0x000000008ec875f8) thrown at [./src/hotspot/share/classfile/systemDictionary.cpp, line 231]
Event: 10.451 Thread 0x00000170e0502800 Exception <a 'java/lang/ClassNotFoundException'{0x000000008ecb77d0}: org/jetbrains/kotlin/gradle/dsl/KotlinJvmOptionsImplCustomizer> (0x000000008ecb77d0) thrown at [./src/hotspot/share/classfile/systemDictionary.cpp, line 231]
Event: 10.462 Thread 0x00000170e0502800 Exception <a 'java/lang/ClassNotFoundException'{0x000000008eb44710}: com/android/build/gradle/internal/dsl/ApplicationBuildFeaturesImpl_DecoratedBeanInfo> (0x000000008eb44710) thrown at [./src/hotspot/share/classfile/systemDictionary.cpp, line 231]
Event: 10.463 Thread 0x00000170e0502800 Exception <a 'java/lang/ClassNotFoundException'{0x000000008eb660a0}: com/android/build/gradle/internal/dsl/ApplicationBuildFeaturesImplBeanInfo> (0x000000008eb660a0) thrown at [./src/hotspot/share/classfile/systemDictionary.cpp, line 231]
Event: 10.464 Thread 0x00000170e0502800 Exception <a 'java/lang/ClassNotFoundException'{0x000000008eb85ac8}: com/android/build/gradle/internal/dsl/BuildFeaturesImplBeanInfo> (0x000000008eb85ac8) thrown at [./src/hotspot/share/classfile/systemDictionary.cpp, line 231]
Event: 10.465 Thread 0x00000170e0502800 Exception <a 'java/lang/ClassNotFoundException'{0x000000008eba5590}: com/android/build/gradle/internal/dsl/BuildFeaturesImplCustomizer> (0x000000008eba5590) thrown at [./src/hotspot/share/classfile/systemDictionary.cpp, line 231]
Event: 10.466 Thread 0x00000170e0502800 Exception <a 'java/lang/ClassNotFoundException'{0x000000008ebd28b0}: com/android/build/gradle/internal/dsl/ApplicationBuildFeaturesImplCustomizer> (0x000000008ebd28b0) thrown at [./src/hotspot/share/classfile/systemDictionary.cpp, line 231]
Event: 10.466 Thread 0x00000170e0502800 Exception <a 'java/lang/ClassNotFoundException'{0x000000008ebfb650}: com/android/build/gradle/internal/dsl/ApplicationBuildFeaturesImpl_DecoratedCustomizer> (0x000000008ebfb650) thrown at [./src/hotspot/share/classfile/systemDictionary.cpp, line 231]
Event: 10.476 Thread 0x00000170e0502800 Exception <a 'java/lang/ClassNotFoundException'{0x000000008eada010}: org/gradle/api/internal/artifacts/dsl/dependencies/DefaultDependencyHandler_DecoratedBeanInfo> (0x000000008eada010) thrown at [./src/hotspot/share/classfile/systemDictionary.cpp, line 231]
Event: 10.477 Thread 0x00000170e0502800 Exception <a 'java/lang/ClassNotFoundException'{0x000000008e92c028}: org/gradle/api/internal/artifacts/dsl/dependencies/DefaultDependencyHandlerBeanInfo> (0x000000008e92c028) thrown at [./src/hotspot/share/classfile/systemDictionary.cpp, line 231]
Event: 10.479 Thread 0x00000170e0502800 Exception <a 'java/lang/ClassNotFoundException'{0x000000008e97dd88}: org/gradle/api/internal/artifacts/dsl/dependencies/DefaultDependencyHandlerCustomizer> (0x000000008e97dd88) thrown at [./src/hotspot/share/classfile/systemDictionary.cpp, line 231]
Event: 10.481 Thread 0x00000170e0502800 Exception <a 'java/lang/ClassNotFoundException'{0x000000008e9fa0e8}: org/gradle/api/internal/artifacts/dsl/dependencies/DefaultDependencyHandler_DecoratedCustomizer> (0x000000008e9fa0e8) thrown at [./src/hotspot/share/classfile/systemDictionary.cpp, line 231]

Events (20 events):
Event: 10.747 loading class com/android/build/api/component/impl/AndroidTestImpl$renderscript$2
Event: 10.747 loading class com/android/build/api/component/impl/AndroidTestImpl$renderscript$2 done
Event: 10.748 loading class com/android/build/api/component/impl/AndroidTestImpl$proguardFiles$2
Event: 10.748 loading class com/android/build/api/component/impl/AndroidTestImpl$proguardFiles$2 done
Event: 10.749 loading class com/android/build/api/component/impl/AndroidTestImpl$resValues$2
Event: 10.749 loading class com/android/build/api/component/impl/AndroidTestImpl$resValues$2 done
Event: 10.750 loading class com/android/build/api/variant/impl/VariantApiExtensionsKt
Event: 10.750 loading class com/android/build/api/variant/impl/VariantApiExtensionsKt done
Event: 10.750 loading class com/android/build/api/variant/impl/AndroidVersionImpl
Event: 10.750 loading class com/android/build/api/variant/impl/AndroidVersionImpl done
Event: 10.753 loading class com/android/build/api/component/impl/UnitTestImpl
Event: 10.753 loading class com/android/build/api/component/impl/UnitTestImpl done
Event: 10.754 loading class com/android/build/gradle/internal/component/UnitTestCreationConfig
Event: 10.754 loading class com/android/build/gradle/internal/component/UnitTestCreationConfig done
Event: 10.754 loading class com/android/build/gradle/internal/scope/UnitTestBuildFeatureValuesImpl
Event: 10.754 loading class com/android/build/gradle/internal/scope/UnitTestBuildFeatureValuesImpl done
Event: 10.760 loading class com/android/build/gradle/internal/VariantManager$createVariantsFromCombination$2$variantExtensionConfig$1
Event: 10.760 loading class com/android/build/gradle/internal/VariantManager$createVariantsFromCombination$2$variantExtensionConfig$1 done
Event: 10.761 loading class com/android/build/api/variant/VariantExtensionConfig
Event: 10.761 loading class com/android/build/api/variant/VariantExtensionConfig done


Dynamic libraries:
0x00007ff7128b0000 - 0x00007ff7128ba000 	C:\Users\kosmo\AppData\Local\JetBrains\Toolbox\apps\AndroidStudio\ch-0\213.7172.25.2113.9123335\jre\bin\java.exe
0x00007ff9c3020000 - 0x00007ff9c3229000 	C:\Windows\SYSTEM32\ntdll.dll
0x00007ff9c2090000 - 0x00007ff9c214e000 	C:\Windows\System32\KERNEL32.DLL
0x00007ff9c0a10000 - 0x00007ff9c0d93000 	C:\Windows\System32\KERNELBASE.dll
0x00007ff9c0880000 - 0x00007ff9c0991000 	C:\Windows\System32\ucrtbase.dll
0x00007ff984d60000 - 0x00007ff984d79000 	C:\Users\kosmo\AppData\Local\JetBrains\Toolbox\apps\AndroidStudio\ch-0\213.7172.25.2113.9123335\jre\bin\jli.dll
0x00007ff9856d0000 - 0x00007ff9856e7000 	C:\Users\kosmo\AppData\Local\JetBrains\Toolbox\apps\AndroidStudio\ch-0\213.7172.25.2113.9123335\jre\bin\VCRUNTIME140.dll
0x00007ff9c1df0000 - 0x00007ff9c1f9d000 	C:\Windows\System32\USER32.dll
0x00007ff9ab590000 - 0x00007ff9ab835000 	C:\Windows\WinSxS\amd64_microsoft.windows.common-controls_6595b64144ccf1df_6.0.22000.120_none_9d947278b86cc467\COMCTL32.dll
0x00007ff9c0e60000 - 0x00007ff9c0e86000 	C:\Windows\System32\win32u.dll
0x00007ff9c1c20000 - 0x00007ff9c1cc3000 	C:\Windows\System32\msvcrt.dll
0x00007ff9c1fa0000 - 0x00007ff9c1fc9000 	C:\Windows\System32\GDI32.dll
0x00007ff9c04d0000 - 0x00007ff9c05ea000 	C:\Windows\System32\gdi32full.dll
0x00007ff9c0760000 - 0x00007ff9c07fd000 	C:\Windows\System32\msvcp_win.dll
0x00007ff9c21b0000 - 0x00007ff9c21e1000 	C:\Windows\System32\IMM32.DLL
0x00007ff97e420000 - 0x00007ff97e4bd000 	C:\Users\kosmo\AppData\Local\JetBrains\Toolbox\apps\AndroidStudio\ch-0\213.7172.25.2113.9123335\jre\bin\msvcp140.dll
0x00007ff964a10000 - 0x00007ff965512000 	C:\Users\kosmo\AppData\Local\JetBrains\Toolbox\apps\AndroidStudio\ch-0\213.7172.25.2113.9123335\jre\bin\server\jvm.dll
0x00007ff9c2760000 - 0x00007ff9c280e000 	C:\Windows\System32\ADVAPI32.dll
0x00007ff9c1010000 - 0x00007ff9c10ae000 	C:\Windows\System32\sechost.dll
0x00007ff9c21f0000 - 0x00007ff9c2311000 	C:\Windows\System32\RPCRT4.dll
0x00007ff9c2080000 - 0x00007ff9c2088000 	C:\Windows\System32\PSAPI.DLL
0x00007ff9a0300000 - 0x00007ff9a0309000 	C:\Windows\SYSTEM32\WSOCK32.dll
0x00007ff9b9940000 - 0x00007ff9b9973000 	C:\Windows\SYSTEM32\WINMM.dll
0x00007ff9b7490000 - 0x00007ff9b749a000 	C:\Windows\SYSTEM32\VERSION.dll
0x00007ff9c1b20000 - 0x00007ff9c1b8f000 	C:\Windows\System32\WS2_32.dll
0x00007ff9bf510000 - 0x00007ff9bf528000 	C:\Windows\SYSTEM32\kernel.appcore.dll
0x00007ff9a0650000 - 0x00007ff9a0661000 	C:\Users\kosmo\AppData\Local\JetBrains\Toolbox\apps\AndroidStudio\ch-0\213.7172.25.2113.9123335\jre\bin\verify.dll
0x00007ff9bd900000 - 0x00007ff9bdb21000 	C:\Windows\SYSTEM32\DBGHELP.DLL
0x00007ff9a4140000 - 0x00007ff9a4171000 	C:\Windows\SYSTEM32\dbgcore.DLL
0x00007ff9c0800000 - 0x00007ff9c087f000 	C:\Windows\System32\bcryptPrimitives.dll
0x00007ff994950000 - 0x00007ff994979000 	C:\Users\kosmo\AppData\Local\JetBrains\Toolbox\apps\AndroidStudio\ch-0\213.7172.25.2113.9123335\jre\bin\java.dll
0x00007ff9ae0f0000 - 0x00007ff9ae0fb000 	C:\Users\kosmo\AppData\Local\JetBrains\Toolbox\apps\AndroidStudio\ch-0\213.7172.25.2113.9123335\jre\bin\jimage.dll
0x00007ff99d1c0000 - 0x00007ff99d1d8000 	C:\Users\kosmo\AppData\Local\JetBrains\Toolbox\apps\AndroidStudio\ch-0\213.7172.25.2113.9123335\jre\bin\zip.dll
0x00007ff9c2810000 - 0x00007ff9c2fd5000 	C:\Windows\System32\SHELL32.dll
0x00007ff9be570000 - 0x00007ff9bedd4000 	C:\Windows\SYSTEM32\windows.storage.dll
0x00007ff9c10b0000 - 0x00007ff9c1426000 	C:\Windows\System32\combase.dll
0x00007ff9be400000 - 0x00007ff9be567000 	C:\Windows\SYSTEM32\wintypes.dll
0x00007ff9c2430000 - 0x00007ff9c251a000 	C:\Windows\System32\SHCORE.dll
0x00007ff9c2520000 - 0x00007ff9c257d000 	C:\Windows\System32\shlwapi.dll
0x00007ff9c0400000 - 0x00007ff9c0421000 	C:\Windows\SYSTEM32\profapi.dll
0x00007ff99cf00000 - 0x00007ff99cf1a000 	C:\Users\kosmo\AppData\Local\JetBrains\Toolbox\apps\AndroidStudio\ch-0\213.7172.25.2113.9123335\jre\bin\net.dll
0x00007ff9bac30000 - 0x00007ff9bad42000 	C:\Windows\SYSTEM32\WINHTTP.dll
0x00007ff9bf9a0000 - 0x00007ff9bfa07000 	C:\Windows\system32\mswsock.dll
0x00007ff99bed0000 - 0x00007ff99bee4000 	C:\Users\kosmo\AppData\Local\JetBrains\Toolbox\apps\AndroidStudio\ch-0\213.7172.25.2113.9123335\jre\bin\nio.dll
0x00007ff9808b0000 - 0x00007ff9808d7000 	C:\Users\kosmo\.gradle\native\e1d6ef7f7dcc3fd88c89a11ec53ec762bb8ba0a96d01ffa2cd45eb1d1d8dd5c5\windows-amd64\native-platform.dll
0x00007ff97db00000 - 0x00007ff97dc44000 	C:\Users\kosmo\.gradle\native\0d407fdbe67a94daf76414ababcb853783967236a71b16ec16e742cd7a986fd3\windows-amd64\native-platform-file-events.dll
0x00007ff9ac970000 - 0x00007ff9ac97a000 	C:\Users\kosmo\AppData\Local\JetBrains\Toolbox\apps\AndroidStudio\ch-0\213.7172.25.2113.9123335\jre\bin\management.dll
0x00007ff9ab080000 - 0x00007ff9ab08d000 	C:\Users\kosmo\AppData\Local\JetBrains\Toolbox\apps\AndroidStudio\ch-0\213.7172.25.2113.9123335\jre\bin\management_ext.dll
0x00007ff9bfc70000 - 0x00007ff9bfc88000 	C:\Windows\SYSTEM32\CRYPTSP.dll
0x00007ff9bf470000 - 0x00007ff9bf4a5000 	C:\Windows\system32\rsaenh.dll
0x00007ff9bfa40000 - 0x00007ff9bfa69000 	C:\Windows\SYSTEM32\USERENV.dll
0x00007ff9bfdc0000 - 0x00007ff9bfde7000 	C:\Windows\SYSTEM32\bcrypt.dll
0x00007ff9bfb90000 - 0x00007ff9bfb9c000 	C:\Windows\SYSTEM32\CRYPTBASE.dll
0x00007ff9bf030000 - 0x00007ff9bf05d000 	C:\Windows\SYSTEM32\IPHLPAPI.DLL
0x00007ff9c23b0000 - 0x00007ff9c23b9000 	C:\Windows\System32\NSI.dll
0x00007ff9bad90000 - 0x00007ff9bada9000 	C:\Windows\SYSTEM32\dhcpcsvc6.DLL
0x00007ff9bb0a0000 - 0x00007ff9bb0be000 	C:\Windows\SYSTEM32\dhcpcsvc.DLL
0x00007ff9bf0a0000 - 0x00007ff9bf188000 	C:\Windows\SYSTEM32\DNSAPI.dll

dbghelp: loaded successfully - version: 4.0.5 - missing functions: none
symbol engine: initialized successfully - sym options: 0x614 - pdb path: .;C:\Users\kosmo\AppData\Local\JetBrains\Toolbox\apps\AndroidStudio\ch-0\213.7172.25.2113.9123335\jre\bin;C:\Windows\SYSTEM32;C:\Windows\WinSxS\amd64_microsoft.windows.common-controls_6595b64144ccf1df_6.0.22000.120_none_9d947278b86cc467;C:\Users\kosmo\AppData\Local\JetBrains\Toolbox\apps\AndroidStudio\ch-0\213.7172.25.2113.9123335\jre\bin\server;C:\Users\kosmo\.gradle\native\e1d6ef7f7dcc3fd88c89a11ec53ec762bb8ba0a96d01ffa2cd45eb1d1d8dd5c5\windows-amd64;C:\Users\kosmo\.gradle\native\0d407fdbe67a94daf76414ababcb853783967236a71b16ec16e742cd7a986fd3\windows-amd64

VM Arguments:
jvm_args: --add-opens=java.base/java.util=ALL-UNNAMED --add-opens=java.base/java.lang=ALL-UNNAMED --add-opens=java.base/java.lang.invoke=ALL-UNNAMED --add-opens=java.base/java.util=ALL-UNNAMED --add-opens=java.prefs/java.util.prefs=ALL-UNNAMED --add-opens=java.prefs/java.util.prefs=ALL-UNNAMED --add-opens=java.base/java.nio.charset=ALL-UNNAMED --add-opens=java.base/java.net=ALL-UNNAMED --add-opens=java.base/java.util.concurrent.atomic=ALL-UNNAMED -Xmx2048m -Dfile.encoding=UTF-8 -Duser.country=US -Duser.language=en -Duser.variant 
java_command: org.gradle.launcher.daemon.bootstrap.GradleDaemon 7.4
java_class_path (initial): C:\Users\kosmo\.gradle\wrapper\dists\gradle-7.4-bin\c0gwcg53nkjbqw7r0h0umtfvt\gradle-7.4\lib\gradle-launcher-7.4.jar
Launcher Type: SUN_STANDARD

[Global flags]
     intx CICompilerCount                          = 4                                         {product} {ergonomic}
     uint ConcGCThreads                            = 2                                         {product} {ergonomic}
     uint G1ConcRefinementThreads                  = 8                                         {product} {ergonomic}
   size_t G1HeapRegionSize                         = 1048576                                   {product} {ergonomic}
    uintx GCDrainStackTargetSize                   = 64                                        {product} {ergonomic}
   size_t InitialHeapSize                          = 268435456                                 {product} {ergonomic}
   size_t MarkStackSize                            = 4194304                                   {product} {ergonomic}
   size_t MaxHeapSize                              = 2147483648                                {product} {command line}
   size_t MaxNewSize                               = 1287651328                                {product} {ergonomic}
   size_t MinHeapDeltaBytes                        = 1048576                                   {product} {ergonomic}
    uintx NonNMethodCodeHeapSize                   = 5836300                                {pd product} {ergonomic}
    uintx NonProfiledCodeHeapSize                  = 122910970                              {pd product} {ergonomic}
    uintx ProfiledCodeHeapSize                     = 122910970                              {pd product} {ergonomic}
    uintx ReservedCodeCacheSize                    = 251658240                              {pd product} {ergonomic}
     bool SegmentedCodeCache                       = true                                      {product} {ergonomic}
     bool UseCompressedClassPointers               = true                                 {lp64_product} {ergonomic}
     bool UseCompressedOops                        = true                                 {lp64_product} {ergonomic}
     bool UseG1GC                                  = true                                      {product} {ergonomic}
     bool UseLargePagesIndividualAllocation        = false                                  {pd product} {ergonomic}

Logging:
Log output configuration:
 #0: stdout all=warning uptime,level,tags
 #1: stderr all=off uptime,level,tags

Environment Variables:
PATH=C:\ProgramData\Oracle\Java\javapath;C:\Windows\system32;C:\Windows;C:\Windows\System32\Wbem;C:\Windows\System32\WindowsPowerShell\v1.0\;C:\Windows\System32\OpenSSH\;C:\Program Files\NVIDIA Corporation\NVIDIA NvDLISR;C:\Program Files (x86)\NVIDIA Corporation\PhysX\Common;D:\Soft\runtime\win64;D:\Soft\bin;C:\Program Files\Git\cmd;C:\Program Files\nodejs\;C:\Program Files\Graphviz\bin;C:\Program Files\dotnet\;C:\Program Files\Docker\Docker\resources\bin;C:\Users\kosmo\Desktop\iperf-3.1.3-win64;C:\Windows\System32\OpenSSH\;C:\Program Files\PuTTY\;%USERPROFILE%\AppData\Local\Microsoft\WindowsApps;C:\Users\kosmo\AppData\Roaming\npm;C:\Program Files (x86)\Graphviz\bin;C:\Exercism;C:\Users\kosmo\AppData\Local\JetBrains\Toolbox\scripts
USERNAME=kosmo
OS=Windows_NT
PROCESSOR_IDENTIFIER=Intel64 Family 6 Model 142 Stepping 10, GenuineIntel



---------------  S Y S T E M  ---------------

OS: Windows 11 , 64 bit Build 22000 (10.0.22000.1761)
OS uptime: 1 days 23:01 hours
Hyper-V role detected

CPU:total 8 (initial active 8) (4 cores per cpu, 2 threads per core) family 6 model 142 stepping 10 microcode 0xe0, cmov, cx8, fxsr, mmx, sse, sse2, sse3, ssse3, sse4.1, sse4.2, popcnt, avx, avx2, aes, clmul, erms, 3dnowpref, lzcnt, ht, tsc, tscinvbit, bmi1, bmi2, adx, fma

Memory: 4k page, system-wide physical 16262M (1339M free)
TotalPageFile size 20360M (AvailPageFile size 6M)
current process WorkingSet (physical memory assigned to process): 452M, peak: 457M
current process commit charge ("private bytes"): 538M, peak: 541M

vm_info: OpenJDK 64-Bit Server VM (11.0.13+0-b1751.21-8125866) for windows-amd64 JRE (11.0.13+0-b1751.21-8125866), built on Feb  2 2022 03:00:22 by "builder" with MS VC++ 14.0 (VS2015)

END.
