#
# There is insufficient memory for the Java Runtime Environment to continue.
# Native memory allocation (mmap) failed to map 268435456 bytes for G1 virtual space
# Possible reasons:
#   The system is out of physical RAM or swap space
#   The process is running with CompressedOops enabled, and the Java Heap may be blocking the growth of the native heap
# Possible solutions:
#   Reduce memory load on the system
#   Increase physical memory or swap space
#   Check if swap backing store is full
#   Decrease Java heap size (-Xmx/-Xms)
#   Decrease number of Java threads
#   Decrease Java thread stack sizes (-Xss)
#   Set larger code cache with -XX:ReservedCodeCacheSize=
#   JVM is running with Zero Based Compressed Oops mode in which the Java heap is
#     placed in the first 32GB address space. The Java Heap base address is the
#     maximum limit for the native heap growth. Please use -XX:HeapBaseMinAddress
#     to set the Java Heap base and to place the Java Heap above 32GB virtual address.
# This output file may be truncated or incomplete.
#
#  Out of Memory Error (os_windows.cpp:3769), pid=14596, tid=9624
#
# JRE version:  (17.0.6) (build )
# Java VM: OpenJDK 64-Bit Server VM (17.0.6+0-b2043.56-9586694, mixed mode, sharing, tiered, compressed oops, compressed class ptrs, g1 gc, windows-amd64)
# No core dump will be written. Minidumps are not enabled by default on client versions of Windows
#

---------------  S U M M A R Y ------------

Command Line: org.jetbrains.kotlin.cli.jvm.K2JVMCompiler @E:\AndroidApps\ServertTest\app\build\20230525_13221757247784886989.compiler.options

Host: Intel(R) Core(TM) i5-8250U CPU @ 1.60GHz, 8 cores, 15G,  Windows 11 , 64 bit Build 22000 (10.0.22000.1880)
Time: Thu May 25 14:57:59 2023 FLE Daylight Time elapsed time: 0.018630 seconds (0d 0h 0m 0s)

---------------  T H R E A D  ---------------

Current thread (0x00000181e162e1a0):  JavaThread "Unknown thread" [_thread_in_vm, id=9624, stack(0x0000004c97200000,0x0000004c97300000)]

Stack: [0x0000004c97200000,0x0000004c97300000]
Native frames: (J=compiled Java code, j=interpreted, Vv=VM code, C=native code)
V  [jvm.dll+0x683b4a]
V  [jvm.dll+0x842654]
V  [jvm.dll+0x843dfe]
V  [jvm.dll+0x844463]
V  [jvm.dll+0x249b75]
V  [jvm.dll+0x680a19]
V  [jvm.dll+0x674f0a]
V  [jvm.dll+0x309acb]
V  [jvm.dll+0x310f86]
V  [jvm.dll+0x3608ee]
V  [jvm.dll+0x360b1f]
V  [jvm.dll+0x2dfbf8]
V  [jvm.dll+0x2e0b64]
V  [jvm.dll+0x813f41]
V  [jvm.dll+0x36e6a1]
V  [jvm.dll+0x7f347c]
V  [jvm.dll+0x3f0e8f]
V  [jvm.dll+0x3f29d1]
C  [jli.dll+0x526b]
C  [ucrtbase.dll+0x26c0c]
C  [KERNEL32.DLL+0x155a0]
C  [ntdll.dll+0x485b]


---------------  P R O C E S S  ---------------

Threads class SMR info:
_java_thread_list=0x00007ffbdfb3c058, length=0, elements={
}

Java Threads: ( => current thread )

Other Threads:
  0x00000181e169c2c0 GCTaskThread "GC Thread#0" [stack: 0x0000004c97300000,0x0000004c97400000] [id=14516]
  0x00000181e16ae180 ConcurrentGCThread "G1 Main Marker" [stack: 0x0000004c97400000,0x0000004c97500000] [id=18128]
  0x00000181e16af330 ConcurrentGCThread "G1 Conc#0" [stack: 0x0000004c97500000,0x0000004c97600000] [id=17124]

[error occurred during error reporting (printing all threads), id 0xc0000005, EXCEPTION_ACCESS_VIOLATION (0xc0000005) at pc=0x00007ffbdf2f0797]

VM state: not at safepoint (not fully initialized)

VM Mutex/Monitor currently owned by a thread:  ([mutex/lock_event])
[0x00000181e162aa10] Heap_lock - owner thread: 0x00000181e162e1a0

Heap address: 0x0000000701e00000, size: 4066 MB, Compressed Oops mode: Zero based, Oop shift amount: 3

CDS archive(s) mapped at: [0x0000000000000000-0x0000000000000000-0x0000000000000000), size 0, SharedBaseAddress: 0x0000000800000000, ArchiveRelocationMode: 0.
Narrow klass base: 0x0000000000000000, Narrow klass shift: 0, Narrow klass range: 0x0

GC Precious Log:
<Empty>

Heap:
 garbage-first heap   total 0K, used 0K [0x0000000701e00000, 0x0000000800000000)
  region size 2048K, 0 young (0K), 0 survivors (0K)

[error occurred during error reporting (printing heap information), id 0xc0000005, EXCEPTION_ACCESS_VIOLATION (0xc0000005) at pc=0x00007ffbdf6dd939]

GC Heap History (0 events):
No events

Dll operation events (1 events):
Event: 0.010 Loaded shared library C:\Users\kosmo\AppData\Local\JetBrains\Toolbox\apps\AndroidStudio\ch-0\222.4459.24.2221.9862592\jbr\bin\java.dll

Deoptimization events (0 events):
No events

Classes unloaded (0 events):
No events

Classes redefined (0 events):
No events

Internal exceptions (0 events):
No events

VM Operations (0 events):
No events

Events (0 events):
No events


Dynamic libraries:
0x00007ff790b90000 - 0x00007ff790b9a000 	C:\Users\kosmo\AppData\Local\JetBrains\Toolbox\apps\AndroidStudio\ch-0\222.4459.24.2221.9862592\jbr\bin\java.exe
0x00007ffc284e0000 - 0x00007ffc286e9000 	C:\Windows\SYSTEM32\ntdll.dll
0x00007ffc26e00000 - 0x00007ffc26ebe000 	C:\Windows\System32\KERNEL32.DLL
0x00007ffc25ad0000 - 0x00007ffc25e54000 	C:\Windows\System32\KERNELBASE.dll
0x00007ffc25fd0000 - 0x00007ffc260e1000 	C:\Windows\System32\ucrtbase.dll
0x00007ffc07c70000 - 0x00007ffc07c87000 	C:\Users\kosmo\AppData\Local\JetBrains\Toolbox\apps\AndroidStudio\ch-0\222.4459.24.2221.9862592\jbr\bin\jli.dll
0x00007ffc06ce0000 - 0x00007ffc06cfb000 	C:\Users\kosmo\AppData\Local\JetBrains\Toolbox\apps\AndroidStudio\ch-0\222.4459.24.2221.9862592\jbr\bin\VCRUNTIME140.dll
0x00007ffc27c10000 - 0x00007ffc27dbd000 	C:\Windows\System32\USER32.dll
0x00007ffc24ba0000 - 0x00007ffc24e45000 	C:\Windows\WinSxS\amd64_microsoft.windows.common-controls_6595b64144ccf1df_6.0.22000.120_none_9d947278b86cc467\COMCTL32.dll
0x00007ffc26280000 - 0x00007ffc262a6000 	C:\Windows\System32\win32u.dll
0x00007ffc26960000 - 0x00007ffc2698a000 	C:\Windows\System32\GDI32.dll
0x00007ffc27b60000 - 0x00007ffc27c03000 	C:\Windows\System32\msvcrt.dll
0x00007ffc26160000 - 0x00007ffc2627f000 	C:\Windows\System32\gdi32full.dll
0x00007ffc262b0000 - 0x00007ffc2634d000 	C:\Windows\System32\msvcp_win.dll
0x00007ffc26370000 - 0x00007ffc263a1000 	C:\Windows\System32\IMM32.DLL
0x00007ffc15ff0000 - 0x00007ffc15ffc000 	C:\Users\kosmo\AppData\Local\JetBrains\Toolbox\apps\AndroidStudio\ch-0\222.4459.24.2221.9862592\jbr\bin\vcruntime140_1.dll
0x00007ffbe5fa0000 - 0x00007ffbe602d000 	C:\Users\kosmo\AppData\Local\JetBrains\Toolbox\apps\AndroidStudio\ch-0\222.4459.24.2221.9862592\jbr\bin\msvcp140.dll
0x00007ffbdf000000 - 0x00007ffbdfc6d000 	C:\Users\kosmo\AppData\Local\JetBrains\Toolbox\apps\AndroidStudio\ch-0\222.4459.24.2221.9862592\jbr\bin\server\jvm.dll
0x00007ffc26730000 - 0x00007ffc267df000 	C:\Windows\System32\ADVAPI32.dll
0x00007ffc26f70000 - 0x00007ffc2700e000 	C:\Windows\System32\sechost.dll
0x00007ffc26600000 - 0x00007ffc26721000 	C:\Windows\System32\RPCRT4.dll
0x00007ffc14de0000 - 0x00007ffc14de9000 	C:\Windows\SYSTEM32\WSOCK32.dll
0x00007ffc1e440000 - 0x00007ffc1e473000 	C:\Windows\SYSTEM32\WINMM.dll
0x00007ffc27a80000 - 0x00007ffc27aef000 	C:\Windows\System32\WS2_32.dll
0x00007ffc22260000 - 0x00007ffc2226a000 	C:\Windows\SYSTEM32\VERSION.dll
0x00007ffc23b10000 - 0x00007ffc23b28000 	C:\Windows\SYSTEM32\kernel.appcore.dll
0x00007ffc20f40000 - 0x00007ffc20f4a000 	C:\Users\kosmo\AppData\Local\JetBrains\Toolbox\apps\AndroidStudio\ch-0\222.4459.24.2221.9862592\jbr\bin\jimage.dll
0x00007ffc25240000 - 0x00007ffc25461000 	C:\Windows\SYSTEM32\DBGHELP.DLL
0x00007ffc25110000 - 0x00007ffc25141000 	C:\Windows\SYSTEM32\dbgcore.DLL
0x00007ffc25990000 - 0x00007ffc25a0f000 	C:\Windows\System32\bcryptPrimitives.dll
0x00007ffc1e5e0000 - 0x00007ffc1e605000 	C:\Users\kosmo\AppData\Local\JetBrains\Toolbox\apps\AndroidStudio\ch-0\222.4459.24.2221.9862592\jbr\bin\java.dll

dbghelp: loaded successfully - version: 4.0.5 - missing functions: none
symbol engine: initialized successfully - sym options: 0x614 - pdb path: .;C:\Users\kosmo\AppData\Local\JetBrains\Toolbox\apps\AndroidStudio\ch-0\222.4459.24.2221.9862592\jbr\bin;C:\Windows\SYSTEM32;C:\Windows\WinSxS\amd64_microsoft.windows.common-controls_6595b64144ccf1df_6.0.22000.120_none_9d947278b86cc467;C:\Users\kosmo\AppData\Local\JetBrains\Toolbox\apps\AndroidStudio\ch-0\222.4459.24.2221.9862592\jbr\bin\server

VM Arguments:
java_command: org.jetbrains.kotlin.cli.jvm.K2JVMCompiler @E:\AndroidApps\ServertTest\app\build\20230525_13221757247784886989.compiler.options
java_class_path (initial): C:\Users\kosmo\.gradle\caches\modules-2\files-2.1\org.jetbrains.kotlin\kotlin-compiler-embeddable\1.7.20\8db18559a581dd2c36ddfd5046af145650f5b126\kotlin-compiler-embeddable-1.7.20.jar;C:\Users\kosmo\.gradle\caches\modules-2\files-2.1\org.jetbrains.kotlin\kotlin-reflect\1.7.20\12b2501e33bb6373e8e347c86d85481863629381\kotlin-reflect-1.7.20.jar;C:\Users\kosmo\.gradle\caches\modules-2\files-2.1\org.jetbrains.kotlin\kotlin-stdlib\1.7.20\726594ea9ba2beb2ee113647fefa9a10f9fabe52\kotlin-stdlib-1.7.20.jar;C:\Users\kosmo\.gradle\caches\modules-2\files-2.1\org.jetbrains.kotlin\kotlin-script-runtime\1.7.20\bcd1cc6f865e632550357fcc59f5ffd532615a8\kotlin-script-runtime-1.7.20.jar;C:\Users\kosmo\.gradle\caches\modules-2\files-2.1\org.jetbrains.kotlin\kotlin-daemon-embeddable\1.7.20\1e24355adad8d529d75d5b19eab55484057431ba\kotlin-daemon-embeddable-1.7.20.jar;C:\Users\kosmo\.gradle\caches\modules-2\files-2.1\org.jetbrains.intellij.deps\trove4j\1.0.20200330\3afb14d5f9ceb459d724e907a21145e8ff394f02\trove4j-1.0.20200330.jar;C:\Users\kosmo\.gradle\caches\modules-2\files-2.1\net.java.dev.jna\jna\5.6.0\330f2244e9030119ab3030fc3fededc86713d9cc\jna-5.6.0.jar;C:\Users\kosmo\.gradle\caches\modules-2\files-2.1\org.jetbrains.kotlin\kotlin-stdlib-common\1.7.20\e15351bdaf9fa06f009be5da7a202e4184f00ae3\kotlin-stdlib-common-1.7.20.jar;C:\Users\kosmo\.gradle\caches\modules-2\files-2.1\org.jetbrains\annotations\13.0\919f0dfe192fb4e063e7dacadee7f8bb9a2672a9\annotations-13.0.jar
Launcher Type: SUN_STANDARD

[Global flags]
     intx CICompilerCount                          = 4                                         {product} {ergonomic}
     uint ConcGCThreads                            = 2                                         {product} {ergonomic}
     uint G1ConcRefinementThreads                  = 8                                         {product} {ergonomic}
   size_t G1HeapRegionSize                         = 2097152                                   {product} {ergonomic}
    uintx GCDrainStackTargetSize                   = 64                                        {product} {ergonomic}
   size_t InitialHeapSize                          = 268435456                                 {product} {ergonomic}
   size_t MarkStackSize                            = 4194304                                   {product} {ergonomic}
   size_t MaxHeapSize                              = 4263510016                                {product} {ergonomic}
   size_t MinHeapDeltaBytes                        = 2097152                                   {product} {ergonomic}
   size_t MinHeapSize                              = 8388608                                   {product} {ergonomic}
    uintx NonNMethodCodeHeapSize                   = 5839372                                {pd product} {ergonomic}
    uintx NonProfiledCodeHeapSize                  = 122909434                              {pd product} {ergonomic}
    uintx ProfiledCodeHeapSize                     = 122909434                              {pd product} {ergonomic}
    uintx ReservedCodeCacheSize                    = 251658240                              {pd product} {ergonomic}
     bool SegmentedCodeCache                       = true                                      {product} {ergonomic}
   size_t SoftMaxHeapSize                          = 4263510016                             {manageable} {ergonomic}
     bool UseCompressedClassPointers               = true                           {product lp64_product} {ergonomic}
     bool UseCompressedOops                        = true                           {product lp64_product} {ergonomic}
     bool UseG1GC                                  = true                                      {product} {ergonomic}
     bool UseLargePagesIndividualAllocation        = false                                  {pd product} {ergonomic}

Logging:
Log output configuration:
 #0: stdout all=warning uptime,level,tags
 #1: stderr all=off uptime,level,tags

Environment Variables:
JAVA_HOME=C:\Program Files\Java\jdk-17
PATH=C:\Program Files\Common Files\Oracle\Java\javapath;C:\Program Files (x86)\Common Files\Oracle\Java\javapath;C:\ProgramData\Oracle\Java\javapath;C:\Windows\system32;C:\Windows;C:\Windows\System32\Wbem;C:\Windows\System32\WindowsPowerShell\v1.0\;C:\Windows\System32\OpenSSH\;C:\Program Files\NVIDIA Corporation\NVIDIA NvDLISR;C:\Program Files (x86)\NVIDIA Corporation\PhysX\Common;D:\Soft\runtime\win64;D:\Soft\bin;C:\Program Files\Git\cmd;C:\Program Files\nodejs\;C:\Program Files\Graphviz\bin;C:\Program Files\dotnet\;C:\Program Files\Docker\Docker\resources\bin;C:\Users\kosmo\Desktop\iperf-3.1.3-win64;C:\Windows\System32\OpenSSH\;C:\Program Files\PuTTY\;C:\Users\kosmo\AppData\Local\Microsoft\WindowsApps;C:\Users\kosmo\AppData\Roaming\npm;C:\Program Files (x86)\Graphviz\bin;C:\Exercism;C:\Users\kosmo\AppData\Local\JetBrains\Toolbox\scripts;C:\Program Files\Java\jdk-17\bin;
USERNAME=kosmo
OS=Windows_NT
PROCESSOR_IDENTIFIER=Intel64 Family 6 Model 142 Stepping 10, GenuineIntel
TMP=C:\Users\kosmo\AppData\Local\Temp
TEMP=C:\Users\kosmo\AppData\Local\Temp



---------------  S Y S T E M  ---------------

OS:
 Windows 11 , 64 bit Build 22000 (10.0.22000.1880)
OS uptime: 0 days 20:32 hours
Hyper-V role detected

CPU: total 8 (initial active 8) (4 cores per cpu, 2 threads per core) family 6 model 142 stepping 10 microcode 0xe0, cx8, cmov, fxsr, ht, mmx, 3dnowpref, sse, sse2, sse3, ssse3, sse4.1, sse4.2, popcnt, lzcnt, tsc, tscinvbit, avx, avx2, aes, erms, clmul, bmi1, bmi2, adx, fma, vzeroupper, clflush, clflushopt, hv

Memory: 4k page, system-wide physical 16262M (1926M free)
TotalPageFile size 20360M (AvailPageFile size 235M)
current process WorkingSet (physical memory assigned to process): 11M, peak: 11M
current process commit charge ("private bytes"): 60M, peak: 316M

vm_info: OpenJDK 64-Bit Server VM (17.0.6+0-b2043.56-9586694) for windows-amd64 JRE (17.0.6+0-b2043.56-9586694), built on Feb  9 2023 20:06:20 by "androidbuild" with MS VC++ 16.10 / 16.11 (VS2019)

END.
