#
# There is insufficient memory for the Java Runtime Environment to continue.
# Native memory allocation (malloc) failed to allocate 1599216 bytes for Chunk::new
# Possible reasons:
#   The system is out of physical RAM or swap space
#   The process is running with CompressedOops enabled, and the Java Heap may be blocking the growth of the native heap
# Possible solutions:
#   Reduce memory load on the system
#   Increase physical memory or swap space
#   Check if swap backing store is full
#   Decrease Java heap size (-Xmx/-Xms)
#   Decrease number of Java threads
#   Decrease Java thread stack sizes (-Xss)
#   Set larger code cache with -XX:ReservedCodeCacheSize=
#   JVM is running with Unscaled Compressed Oops mode in which the Java heap is
#     placed in the first 4GB address space. The Java Heap base address is the
#     maximum limit for the native heap growth. Please use -XX:HeapBaseMinAddress
#     to set the Java Heap base and to place the Java Heap above 4GB virtual address.
# This output file may be truncated or incomplete.
#
#  Out of Memory Error (./src/hotspot/share/memory/arena.cpp:197), pid=16148, tid=13340
#
# JRE version: OpenJDK Runtime Environment (11.0.13) (build 11.0.13+0-b1751.21-8125866)
# Java VM: OpenJDK 64-Bit Server VM (11.0.13+0-b1751.21-8125866, mixed mode, tiered, compressed oops, g1 gc, windows-amd64)
# No core dump will be written. Minidumps are not enabled by default on client versions of Windows
#

---------------  S U M M A R Y ------------

Command Line: --add-opens=java.base/java.util=ALL-UNNAMED --add-opens=java.base/java.lang=ALL-UNNAMED --add-opens=java.base/java.lang.invoke=ALL-UNNAMED --add-opens=java.base/java.util=ALL-UNNAMED --add-opens=java.prefs/java.util.prefs=ALL-UNNAMED --add-opens=java.prefs/java.util.prefs=ALL-UNNAMED --add-opens=java.base/java.nio.charset=ALL-UNNAMED --add-opens=java.base/java.net=ALL-UNNAMED --add-opens=java.base/java.util.concurrent.atomic=ALL-UNNAMED -Xmx2048m -Dfile.encoding=UTF-8 -Duser.country=US -Duser.language=en -Duser.variant org.gradle.launcher.daemon.bootstrap.GradleDaemon 7.4

Host: Intel(R) Core(TM) i5-8250U CPU @ 1.60GHz, 8 cores, 15G,  Windows 11 , 64 bit Build 22000 (10.0.22000.1761)
Time: Mon May  8 19:21:35 2023 FLE Daylight Time elapsed time: 351.623657 seconds (0d 0h 5m 51s)

---------------  T H R E A D  ---------------

Current thread (0x0000021875c72000):  JavaThread "C2 CompilerThread1" daemon [_thread_in_native, id=13340, stack(0x0000002969c00000,0x0000002969d00000)]


Current CompileTask:
C2: 351623 19577 %     4       com.android.tools.r8.dex.i::l @ 64 (2158 bytes)

Stack: [0x0000002969c00000,0x0000002969d00000]
Native frames: (J=compiled Java code, j=interpreted, Vv=VM code, C=native code)
V  [jvm.dll+0x6100fa]
V  [jvm.dll+0x747090]
V  [jvm.dll+0x7486ad]
V  [jvm.dll+0x748d83]
V  [jvm.dll+0x24ab48]
V  [jvm.dll+0xc04dc]
V  [jvm.dll+0xc0a0c]
V  [jvm.dll+0x35eb5b]
V  [jvm.dll+0x32b833]
V  [jvm.dll+0x32ad2a]
V  [jvm.dll+0x2032b2]
V  [jvm.dll+0x202437]
V  [jvm.dll+0x188e01]
V  [jvm.dll+0x21106b]
V  [jvm.dll+0x20f8c1]
V  [jvm.dll+0x70de0f]
V  [jvm.dll+0x706a75]
V  [jvm.dll+0x60ed66]
C  [ucrtbase.dll+0x26c0c]
C  [KERNEL32.DLL+0x15590]
C  [ntdll.dll+0x485b]


---------------  P R O C E S S  ---------------

Threads class SMR info:
_java_thread_list=0x00000218784fd020, length=155, elements={
0x0000021857b93000, 0x00000218728b7800, 0x00000218728c0800, 0x00000218728e1000,
0x00000218728e2800, 0x00000218728e3800, 0x00000218728e4800, 0x000002187292c000,
0x000002187292f000, 0x0000021872a89000, 0x0000021873e5a800, 0x0000021875565800,
0x0000021873d34000, 0x000002187483b000, 0x000002187483b800, 0x000002187483d800,
0x000002187483e000, 0x0000021874838800, 0x00000218754a1000, 0x00000218754a3000,
0x000002187549d000, 0x00000218754a6000, 0x00000218754a7800, 0x00000218762b4800,
0x0000021878596800, 0x0000021878594000, 0x0000021878594800, 0x0000021878598000,
0x0000021878592000, 0x000002187859a800, 0x000002187e7fe000, 0x0000021876600800,
0x00000218791a9000, 0x00000218791a4000, 0x00000218791aa800, 0x00000218791a4800,
0x000002187bc65800, 0x000002187bc67800, 0x00000218791a8000, 0x00000218765fa000,
0x00000218765f7800, 0x00000218765fc800, 0x00000218765fa800, 0x00000218765f8800,
0x00000218765f9000, 0x00000218765fd000, 0x0000021876601800, 0x00000218765fb800,
0x0000021876603000, 0x0000021876603800, 0x00000218765fe000, 0x0000021876602000,
0x0000021876604800, 0x00000218765ff800, 0x00000218765ff000, 0x0000021876605800,
0x0000021876606000, 0x000002187e7ff000, 0x000002187e7fa800, 0x000002187e7fb800,
0x000002187e7fc800, 0x000002187e7fd000, 0x000002187e7f9000, 0x000002187e7ff800,
0x000002187e7fa000, 0x000002187e800800, 0x000002187e801800, 0x000002187e805800,
0x000002187e803000, 0x000002187e806000, 0x000002187e807000, 0x000002187e808000,
0x000002187e802000, 0x000002187e803800, 0x000002187e804800, 0x00000218762ac800,
0x00000218762ae000, 0x00000218762ab800, 0x00000218762b2000, 0x00000218762af000,
0x00000218762af800, 0x00000218762b0800, 0x00000218762b1800, 0x00000218762b3000,
0x00000218762ad000, 0x00000218762b5800, 0x00000218762b4000, 0x00000218762b8800,
0x00000218762b6000, 0x00000218762b8000, 0x00000218762b7000, 0x00000218762b9800,
0x000002187919e000, 0x000002187919f000, 0x00000218791a1800, 0x00000218791a2800,
0x00000218791a5800, 0x00000218791a0000, 0x00000218791a3000, 0x00000218791a6800,
0x00000218791a0800, 0x00000218791ab800, 0x00000218791a7000, 0x00000218791ac000,
0x00000218791ad000, 0x00000218791a9800, 0x0000021878593000, 0x000002187859c000,
0x0000021878599800, 0x000002187859b000, 0x000002187859d000, 0x0000021878597000,
0x000002187859d800, 0x000002187859e800, 0x00000218785a0000, 0x000002187859f800,
0x00000218785a1000, 0x00000218754a4800, 0x00000218754a5000, 0x000002187549f800,
0x00000218754aa000, 0x00000218754a8800, 0x00000218754ab000, 0x00000218754a9800,
0x00000218754ac000, 0x000002187bc68000, 0x000002187bc6a800, 0x000002187bc69000,
0x000002187bc69800, 0x000002187bc6b800, 0x000002187bc6c000, 0x000002187483c800,
0x000002187483f000, 0x0000021874839800, 0x000002187483a000, 0x000002187b3d3000,
0x000002187b3d8000, 0x000002187b3d4000, 0x000002187b3d5000, 0x000002187b3d5800,
0x000002187b3d6800, 0x000002187b3d7800, 0x000002187b3d2800, 0x000002187b3d9000,
0x0000021878538800, 0x0000021878534800, 0x0000021875c72000, 0x0000021878536000,
0x0000021878537800, 0x0000021878539000, 0x0000021878533800, 0x000002187853a000,
0x000002187853b000, 0x0000021878537000, 0x000002187853c800
}

Java Threads: ( => current thread )
  0x0000021857b93000 JavaThread "main" [_thread_blocked, id=18056, stack(0x0000002966e00000,0x0000002966f00000)]
  0x00000218728b7800 JavaThread "Reference Handler" daemon [_thread_blocked, id=13040, stack(0x0000002967500000,0x0000002967600000)]
  0x00000218728c0800 JavaThread "Finalizer" daemon [_thread_blocked, id=924, stack(0x0000002967600000,0x0000002967700000)]
  0x00000218728e1000 JavaThread "Signal Dispatcher" daemon [_thread_blocked, id=23708, stack(0x0000002967700000,0x0000002967800000)]
  0x00000218728e2800 JavaThread "Attach Listener" daemon [_thread_blocked, id=23716, stack(0x0000002967800000,0x0000002967900000)]
  0x00000218728e3800 JavaThread "Service Thread" daemon [_thread_blocked, id=23712, stack(0x0000002967900000,0x0000002967a00000)]
  0x00000218728e4800 JavaThread "C2 CompilerThread0" daemon [_thread_blocked, id=23720, stack(0x0000002967a00000,0x0000002967b00000)]
  0x000002187292c000 JavaThread "C1 CompilerThread0" daemon [_thread_blocked, id=17120, stack(0x0000002967b00000,0x0000002967c00000)]
  0x000002187292f000 JavaThread "Sweeper thread" daemon [_thread_blocked, id=460, stack(0x0000002967c00000,0x0000002967d00000)]
  0x0000021872a89000 JavaThread "Common-Cleaner" daemon [_thread_blocked, id=20516, stack(0x0000002967d00000,0x0000002967e00000)]
  0x0000021873e5a800 JavaThread "Daemon health stats" [_thread_blocked, id=18344, stack(0x0000002968600000,0x0000002968700000)]
  0x0000021875565800 JavaThread "Incoming local TCP Connector on port 54572" [_thread_in_native, id=17192, stack(0x0000002968400000,0x0000002968500000)]
  0x0000021873d34000 JavaThread "Daemon periodic checks" [_thread_blocked, id=17520, stack(0x0000002968500000,0x0000002968600000)]
  0x000002187483b000 JavaThread "Cache worker for journal cache (C:\Users\kosmo\.gradle\caches\journal-1)" [_thread_blocked, id=1588, stack(0x0000002968e00000,0x0000002968f00000)]
  0x000002187483b800 JavaThread "File lock request listener" [_thread_in_native, id=23324, stack(0x0000002968f00000,0x0000002969000000)]
  0x000002187483d800 JavaThread "Cache worker for file hash cache (C:\Users\kosmo\.gradle\caches\7.4\fileHashes)" [_thread_blocked, id=16468, stack(0x0000002969000000,0x0000002969100000)]
  0x000002187483e000 JavaThread "File watcher server" daemon [_thread_in_native, id=4884, stack(0x0000002969500000,0x0000002969600000)]
  0x0000021874838800 JavaThread "File watcher consumer" daemon [_thread_blocked, id=18052, stack(0x0000002969600000,0x0000002969700000)]
  0x00000218754a1000 JavaThread "Cache worker for execution history cache (C:\Users\kosmo\.gradle\caches\7.4\executionHistory)" [_thread_blocked, id=8012, stack(0x0000002969b00000,0x0000002969c00000)]
  0x00000218754a3000 JavaThread "jar transforms" [_thread_blocked, id=10896, stack(0x0000002969d00000,0x0000002969e00000)]
  0x000002187549d000 JavaThread "Cache worker for file content cache (C:\Users\kosmo\.gradle\caches\7.4\fileContent)" [_thread_blocked, id=11020, stack(0x0000002969e00000,0x0000002969f00000)]
  0x00000218754a6000 JavaThread "jar transforms Thread 2" [_thread_blocked, id=10412, stack(0x0000002969f00000,0x000000296a000000)]
  0x00000218754a7800 JavaThread "jar transforms Thread 3" [_thread_blocked, id=10388, stack(0x000000296a100000,0x000000296a200000)]
  0x00000218762b4800 JavaThread "jar transforms Thread 4" [_thread_blocked, id=17208, stack(0x000000296f200000,0x000000296f300000)]
  0x0000021878596800 JavaThread "jar transforms Thread 5" [_thread_blocked, id=15048, stack(0x000000296f300000,0x000000296f400000)]
  0x0000021878594000 JavaThread "jar transforms Thread 6" [_thread_blocked, id=21480, stack(0x000000296f400000,0x000000296f500000)]
  0x0000021878594800 JavaThread "jar transforms Thread 7" [_thread_blocked, id=19716, stack(0x000000296f500000,0x000000296f600000)]
  0x0000021878598000 JavaThread "jar transforms Thread 8" [_thread_blocked, id=22300, stack(0x000000296f600000,0x000000296f700000)]
  0x0000021878592000 JavaThread "Memory manager" [_thread_blocked, id=23592, stack(0x000000296f700000,0x000000296f800000)]
  0x000002187859a800 JavaThread "pool-3-thread-1" [_thread_blocked, id=4560, stack(0x000000296fa00000,0x000000296fb00000)]
  0x000002187e7fe000 JavaThread "Cache worker for Java compile cache (C:\Users\kosmo\.gradle\caches\7.4\javaCompile)" [_thread_blocked, id=6184, stack(0x0000002970500000,0x0000002970600000)]
  0x0000021876600800 JavaThread "pool-6-thread-1" [_thread_blocked, id=2004, stack(0x0000002970000000,0x0000002970100000)]
  0x00000218791a9000 JavaThread "RMI Scheduler(0)" daemon [_thread_blocked, id=24140, stack(0x0000002968d00000,0x0000002968e00000)]
  0x00000218791a4000 JavaThread "RMI GC Daemon" daemon [_thread_blocked, id=23464, stack(0x000000296fc00000,0x000000296fd00000)]
  0x00000218791aa800 JavaThread "RMI TCP Accept-0" daemon [_thread_in_native, id=1544, stack(0x0000002970d00000,0x0000002970e00000)]
  0x00000218791a4800 JavaThread "RMI Reaper" [_thread_blocked, id=3764, stack(0x0000002970e00000,0x0000002970f00000)]
  0x000002187bc65800 JavaThread "ForkJoinPool.commonPool-worker-3" daemon [_thread_blocked, id=23108, stack(0x0000002970c00000,0x0000002970d00000)]
  0x000002187bc67800 JavaThread "ForkJoinPool.commonPool-worker-11" daemon [_thread_blocked, id=22896, stack(0x0000002972400000,0x0000002972500000)]
  0x00000218791a8000 JavaThread "ForkJoinPool.commonPool-worker-15" daemon [_thread_blocked, id=18248, stack(0x0000002972600000,0x0000002972700000)]
  0x00000218765fa000 JavaThread "Daemon Thread 2" [_thread_blocked, id=8692, stack(0x0000002966d00000,0x0000002966e00000)]
  0x00000218765f7800 JavaThread "Handler for socket connection from /127.0.0.1:54572 to /127.0.0.1:57131" [_thread_in_native, id=23148, stack(0x0000002968700000,0x0000002968800000)]
  0x00000218765fc800 JavaThread "Cancel handler" [_thread_blocked, id=8876, stack(0x0000002968800000,0x0000002968900000)]
  0x00000218765fa800 JavaThread "Daemon worker Thread 2" [_thread_blocked, id=19388, stack(0x0000002968900000,0x0000002968a00000)]
  0x00000218765f8800 JavaThread "Asynchronous log dispatcher for DefaultDaemonConnection: socket connection from /127.0.0.1:54572 to /127.0.0.1:57131" [_thread_blocked, id=10204, stack(0x0000002968a00000,0x0000002968b00000)]
  0x00000218765f9000 JavaThread "Stdin handler" [_thread_blocked, id=17920, stack(0x0000002968b00000,0x0000002968c00000)]
  0x00000218765fd000 JavaThread "Daemon client event forwarder" [_thread_blocked, id=13024, stack(0x0000002968c00000,0x0000002968d00000)]
  0x0000021876601800 JavaThread "Cache worker for checksums cache (E:\AndroidApps\ServertTest\.gradle\7.4\checksums)" [_thread_blocked, id=24496, stack(0x000000296a000000,0x000000296a100000)]
  0x00000218765fb800 JavaThread "Cache worker for cache directory md-rule (C:\Users\kosmo\.gradle\caches\7.4\md-rule)" [_thread_blocked, id=24156, stack(0x000000296a200000,0x000000296a300000)]
  0x0000021876603000 JavaThread "Cache worker for file hash cache (E:\AndroidApps\ServertTest\.gradle\7.4\fileHashes)" [_thread_blocked, id=23864, stack(0x000000296a300000,0x000000296a400000)]
  0x0000021876603800 JavaThread "Cache worker for cache directory md-supplier (C:\Users\kosmo\.gradle\caches\7.4\md-supplier)" [_thread_blocked, id=22012, stack(0x000000296a400000,0x000000296a500000)]
  0x00000218765fe000 JavaThread "Cache worker for dependencies-accessors (E:\AndroidApps\ServertTest\.gradle\7.4\dependencies-accessors)" [_thread_blocked, id=20132, stack(0x000000296a500000,0x000000296a600000)]
  0x0000021876602000 JavaThread "Cache worker for Build Output Cleanup Cache (E:\AndroidApps\ServertTest\.gradle\buildOutputCleanup)" [_thread_blocked, id=21408, stack(0x000000296a600000,0x000000296a700000)]
  0x0000021876604800 JavaThread "Unconstrained build operations" [_thread_blocked, id=2608, stack(0x000000296a700000,0x000000296a800000)]
  0x00000218765ff800 JavaThread "Unconstrained build operations Thread 2" [_thread_blocked, id=23256, stack(0x000000296a800000,0x000000296a900000)]
  0x00000218765ff000 JavaThread "Unconstrained build operations Thread 3" [_thread_blocked, id=19764, stack(0x000000296a900000,0x000000296aa00000)]
  0x0000021876605800 JavaThread "Unconstrained build operations Thread 4" [_thread_blocked, id=16848, stack(0x000000296aa00000,0x000000296ab00000)]
  0x0000021876606000 JavaThread "Unconstrained build operations Thread 5" [_thread_blocked, id=23568, stack(0x000000296ab00000,0x000000296ac00000)]
  0x000002187e7ff000 JavaThread "Unconstrained build operations Thread 6" [_thread_blocked, id=22180, stack(0x000000296ac00000,0x000000296ad00000)]
  0x000002187e7fa800 JavaThread "Unconstrained build operations Thread 7" [_thread_blocked, id=7088, stack(0x000000296ad00000,0x000000296ae00000)]
  0x000002187e7fb800 JavaThread "Unconstrained build operations Thread 8" [_thread_blocked, id=19108, stack(0x000000296ae00000,0x000000296af00000)]
  0x000002187e7fc800 JavaThread "Unconstrained build operations Thread 9" [_thread_blocked, id=23764, stack(0x000000296af00000,0x000000296b000000)]
  0x000002187e7fd000 JavaThread "Unconstrained build operations Thread 10" [_thread_blocked, id=23252, stack(0x000000296b000000,0x000000296b100000)]
  0x000002187e7f9000 JavaThread "Unconstrained build operations Thread 11" [_thread_blocked, id=22240, stack(0x000000296b100000,0x000000296b200000)]
  0x000002187e7ff800 JavaThread "Unconstrained build operations Thread 12" [_thread_blocked, id=20376, stack(0x000000296b200000,0x000000296b300000)]
  0x000002187e7fa000 JavaThread "Unconstrained build operations Thread 13" [_thread_blocked, id=18988, stack(0x000000296b300000,0x000000296b400000)]
  0x000002187e800800 JavaThread "Unconstrained build operations Thread 14" [_thread_blocked, id=24520, stack(0x000000296b400000,0x000000296b500000)]
  0x000002187e801800 JavaThread "Unconstrained build operations Thread 15" [_thread_blocked, id=11072, stack(0x000000296b500000,0x000000296b600000)]
  0x000002187e805800 JavaThread "Unconstrained build operations Thread 16" [_thread_blocked, id=18860, stack(0x000000296b600000,0x000000296b700000)]
  0x000002187e803000 JavaThread "Unconstrained build operations Thread 17" [_thread_blocked, id=21668, stack(0x000000296b700000,0x000000296b800000)]
  0x000002187e806000 JavaThread "Unconstrained build operations Thread 18" [_thread_blocked, id=22452, stack(0x000000296b800000,0x000000296b900000)]
  0x000002187e807000 JavaThread "Unconstrained build operations Thread 19" [_thread_blocked, id=3500, stack(0x000000296b900000,0x000000296ba00000)]
  0x000002187e808000 JavaThread "Unconstrained build operations Thread 20" [_thread_blocked, id=10884, stack(0x000000296ba00000,0x000000296bb00000)]
  0x000002187e802000 JavaThread "Unconstrained build operations Thread 21" [_thread_blocked, id=10556, stack(0x000000296bb00000,0x000000296bc00000)]
  0x000002187e803800 JavaThread "Unconstrained build operations Thread 22" [_thread_blocked, id=21872, stack(0x000000296bc00000,0x000000296bd00000)]
  0x000002187e804800 JavaThread "Unconstrained build operations Thread 23" [_thread_blocked, id=12244, stack(0x000000296bd00000,0x000000296be00000)]
  0x00000218762ac800 JavaThread "Unconstrained build operations Thread 24" [_thread_blocked, id=17576, stack(0x000000296be00000,0x000000296bf00000)]
  0x00000218762ae000 JavaThread "Unconstrained build operations Thread 25" [_thread_blocked, id=20260, stack(0x000000296bf00000,0x000000296c000000)]
  0x00000218762ab800 JavaThread "Unconstrained build operations Thread 26" [_thread_blocked, id=18172, stack(0x000000296c000000,0x000000296c100000)]
  0x00000218762b2000 JavaThread "Unconstrained build operations Thread 27" [_thread_blocked, id=9604, stack(0x000000296c100000,0x000000296c200000)]
  0x00000218762af000 JavaThread "Unconstrained build operations Thread 28" [_thread_blocked, id=22032, stack(0x000000296c200000,0x000000296c300000)]
  0x00000218762af800 JavaThread "Unconstrained build operations Thread 29" [_thread_blocked, id=21224, stack(0x000000296c300000,0x000000296c400000)]
  0x00000218762b0800 JavaThread "Unconstrained build operations Thread 30" [_thread_blocked, id=3344, stack(0x000000296c400000,0x000000296c500000)]
  0x00000218762b1800 JavaThread "Unconstrained build operations Thread 31" [_thread_blocked, id=14312, stack(0x000000296c500000,0x000000296c600000)]
  0x00000218762b3000 JavaThread "Unconstrained build operations Thread 32" [_thread_blocked, id=22456, stack(0x000000296c600000,0x000000296c700000)]
  0x00000218762ad000 JavaThread "Unconstrained build operations Thread 33" [_thread_blocked, id=17988, stack(0x000000296c700000,0x000000296c800000)]
  0x00000218762b5800 JavaThread "Unconstrained build operations Thread 34" [_thread_blocked, id=3180, stack(0x000000296c800000,0x000000296c900000)]
  0x00000218762b4000 JavaThread "Unconstrained build operations Thread 35" [_thread_blocked, id=5584, stack(0x000000296c900000,0x000000296ca00000)]
  0x00000218762b8800 JavaThread "Unconstrained build operations Thread 36" [_thread_blocked, id=24560, stack(0x000000296ca00000,0x000000296cb00000)]
  0x00000218762b6000 JavaThread "Unconstrained build operations Thread 37" [_thread_blocked, id=8084, stack(0x000000296cb00000,0x000000296cc00000)]
  0x00000218762b8000 JavaThread "Unconstrained build operations Thread 38" [_thread_blocked, id=9200, stack(0x000000296cc00000,0x000000296cd00000)]
  0x00000218762b7000 JavaThread "Unconstrained build operations Thread 39" [_thread_blocked, id=23920, stack(0x000000296cd00000,0x000000296ce00000)]
  0x00000218762b9800 JavaThread "Unconstrained build operations Thread 40" [_thread_blocked, id=23604, stack(0x000000296ce00000,0x000000296cf00000)]
  0x000002187919e000 JavaThread "Unconstrained build operations Thread 41" [_thread_blocked, id=15604, stack(0x000000296cf00000,0x000000296d000000)]
  0x000002187919f000 JavaThread "Unconstrained build operations Thread 42" [_thread_blocked, id=24492, stack(0x000000296d000000,0x000000296d100000)]
  0x00000218791a1800 JavaThread "Unconstrained build operations Thread 43" [_thread_blocked, id=24568, stack(0x000000296d100000,0x000000296d200000)]
  0x00000218791a2800 JavaThread "Unconstrained build operations Thread 44" [_thread_blocked, id=2884, stack(0x000000296d200000,0x000000296d300000)]
  0x00000218791a5800 JavaThread "Unconstrained build operations Thread 45" [_thread_blocked, id=14816, stack(0x000000296d300000,0x000000296d400000)]
  0x00000218791a0000 JavaThread "Unconstrained build operations Thread 46" [_thread_blocked, id=11208, stack(0x000000296d400000,0x000000296d500000)]
  0x00000218791a3000 JavaThread "Unconstrained build operations Thread 47" [_thread_blocked, id=17200, stack(0x000000296d500000,0x000000296d600000)]
  0x00000218791a6800 JavaThread "Unconstrained build operations Thread 48" [_thread_blocked, id=22308, stack(0x000000296d600000,0x000000296d700000)]
  0x00000218791a0800 JavaThread "Unconstrained build operations Thread 49" [_thread_blocked, id=20720, stack(0x000000296d700000,0x000000296d800000)]
  0x00000218791ab800 JavaThread "Unconstrained build operations Thread 50" [_thread_blocked, id=14092, stack(0x000000296d800000,0x000000296d900000)]
  0x00000218791a7000 JavaThread "Unconstrained build operations Thread 51" [_thread_blocked, id=17656, stack(0x000000296d900000,0x000000296da00000)]
  0x00000218791ac000 JavaThread "Unconstrained build operations Thread 52" [_thread_blocked, id=13424, stack(0x000000296da00000,0x000000296db00000)]
  0x00000218791ad000 JavaThread "Unconstrained build operations Thread 53" [_thread_blocked, id=22784, stack(0x000000296db00000,0x000000296dc00000)]
  0x00000218791a9800 JavaThread "Unconstrained build operations Thread 54" [_thread_blocked, id=16936, stack(0x000000296dc00000,0x000000296dd00000)]
  0x0000021878593000 JavaThread "Unconstrained build operations Thread 55" [_thread_blocked, id=6224, stack(0x000000296dd00000,0x000000296de00000)]
  0x000002187859c000 JavaThread "Unconstrained build operations Thread 56" [_thread_blocked, id=2676, stack(0x000000296de00000,0x000000296df00000)]
  0x0000021878599800 JavaThread "Unconstrained build operations Thread 57" [_thread_blocked, id=21880, stack(0x000000296df00000,0x000000296e000000)]
  0x000002187859b000 JavaThread "Unconstrained build operations Thread 58" [_thread_blocked, id=23104, stack(0x000000296e000000,0x000000296e100000)]
  0x000002187859d000 JavaThread "Unconstrained build operations Thread 59" [_thread_blocked, id=22868, stack(0x000000296e100000,0x000000296e200000)]
  0x0000021878597000 JavaThread "Unconstrained build operations Thread 60" [_thread_blocked, id=2332, stack(0x000000296e200000,0x000000296e300000)]
  0x000002187859d800 JavaThread "Unconstrained build operations Thread 61" [_thread_blocked, id=17716, stack(0x000000296e300000,0x000000296e400000)]
  0x000002187859e800 JavaThread "Unconstrained build operations Thread 62" [_thread_blocked, id=16452, stack(0x000000296e400000,0x000000296e500000)]
  0x00000218785a0000 JavaThread "Unconstrained build operations Thread 63" [_thread_blocked, id=4536, stack(0x000000296e500000,0x000000296e600000)]
  0x000002187859f800 JavaThread "Unconstrained build operations Thread 64" [_thread_blocked, id=22048, stack(0x000000296e600000,0x000000296e700000)]
  0x00000218785a1000 JavaThread "Unconstrained build operations Thread 65" [_thread_blocked, id=13216, stack(0x000000296e700000,0x000000296e800000)]
  0x00000218754a4800 JavaThread "Unconstrained build operations Thread 66" [_thread_blocked, id=22996, stack(0x000000296e800000,0x000000296e900000)]
  0x00000218754a5000 JavaThread "Unconstrained build operations Thread 67" [_thread_blocked, id=11204, stack(0x000000296e900000,0x000000296ea00000)]
  0x000002187549f800 JavaThread "Unconstrained build operations Thread 68" [_thread_blocked, id=8380, stack(0x000000296ea00000,0x000000296eb00000)]
  0x00000218754aa000 JavaThread "Unconstrained build operations Thread 69" [_thread_blocked, id=5396, stack(0x000000296eb00000,0x000000296ec00000)]
  0x00000218754a8800 JavaThread "Unconstrained build operations Thread 70" [_thread_blocked, id=21204, stack(0x000000296ec00000,0x000000296ed00000)]
  0x00000218754ab000 JavaThread "Unconstrained build operations Thread 71" [_thread_blocked, id=18472, stack(0x000000296ed00000,0x000000296ee00000)]
  0x00000218754a9800 JavaThread "Unconstrained build operations Thread 72" [_thread_blocked, id=21316, stack(0x000000296ee00000,0x000000296ef00000)]
  0x00000218754ac000 JavaThread "Unconstrained build operations Thread 73" [_thread_blocked, id=19620, stack(0x000000296ef00000,0x000000296f000000)]
  0x000002187bc68000 JavaThread "Unconstrained build operations Thread 74" [_thread_blocked, id=10492, stack(0x000000296f000000,0x000000296f100000)]
  0x000002187bc6a800 JavaThread "Unconstrained build operations Thread 75" [_thread_blocked, id=21944, stack(0x000000296f100000,0x000000296f200000)]
  0x000002187bc69000 JavaThread "Unconstrained build operations Thread 76" [_thread_blocked, id=21540, stack(0x000000296f800000,0x000000296f900000)]
  0x000002187bc69800 JavaThread "Unconstrained build operations Thread 77" [_thread_blocked, id=18388, stack(0x000000296f900000,0x000000296fa00000)]
  0x000002187bc6b800 JavaThread "Unconstrained build operations Thread 78" [_thread_blocked, id=10248, stack(0x000000296fb00000,0x000000296fc00000)]
  0x000002187bc6c000 JavaThread "Unconstrained build operations Thread 79" [_thread_blocked, id=19512, stack(0x000000296fd00000,0x000000296fe00000)]
  0x000002187483c800 JavaThread "Unconstrained build operations Thread 80" [_thread_blocked, id=12828, stack(0x000000296fe00000,0x000000296ff00000)]
  0x000002187483f000 JavaThread "build event listener" [_thread_blocked, id=19920, stack(0x000000296ff00000,0x0000002970000000)]
  0x0000021874839800 JavaThread "pool-10-thread-1" [_thread_blocked, id=18072, stack(0x0000002970100000,0x0000002970200000)]
  0x000002187483a000 JavaThread "build event listener" [_thread_blocked, id=22356, stack(0x0000002970200000,0x0000002970300000)]
  0x000002187b3d3000 JavaThread "included builds" [_thread_blocked, id=15616, stack(0x0000002970300000,0x0000002970400000)]
  0x000002187b3d8000 JavaThread "Execution worker for ':'" [_thread_blocked, id=17316, stack(0x0000002970400000,0x0000002970500000)]
  0x000002187b3d4000 JavaThread "Execution worker for ':' Thread 2" [_thread_blocked, id=11460, stack(0x0000002970600000,0x0000002970700000)]
  0x000002187b3d5000 JavaThread "Execution worker for ':' Thread 3" [_thread_blocked, id=23664, stack(0x0000002970700000,0x0000002970800000)]
  0x000002187b3d5800 JavaThread "Execution worker for ':' Thread 4" [_thread_blocked, id=19488, stack(0x0000002970800000,0x0000002970900000)]
  0x000002187b3d6800 JavaThread "Execution worker for ':' Thread 5" [_thread_blocked, id=4072, stack(0x0000002970900000,0x0000002970a00000)]
  0x000002187b3d7800 JavaThread "Execution worker for ':' Thread 6" [_thread_blocked, id=24028, stack(0x0000002970a00000,0x0000002970b00000)]
  0x000002187b3d2800 JavaThread "Execution worker for ':' Thread 7" [_thread_blocked, id=19504, stack(0x0000002970b00000,0x0000002970c00000)]
  0x000002187b3d9000 JavaThread "Cache worker for execution history cache (E:\AndroidApps\ServertTest\.gradle\7.4\executionHistory)" [_thread_blocked, id=24116, stack(0x0000002970f00000,0x0000002971000000)]
  0x0000021878538800 JavaThread "WorkerExecutor Queue" [_thread_blocked, id=21012, stack(0x0000002971000000,0x0000002971100000)]
  0x0000021878534800 JavaThread "RMI TCP Connection(2)-127.0.0.1" daemon [_thread_in_native, id=10404, stack(0x0000002971200000,0x0000002971300000)]
=>0x0000021875c72000 JavaThread "C2 CompilerThread1" daemon [_thread_in_native, id=13340, stack(0x0000002969c00000,0x0000002969d00000)]
  0x0000021878536000 JavaThread "WorkerExecutor Queue Thread 2" [_thread_blocked, id=17300, stack(0x0000002971300000,0x0000002971400000)]
  0x0000021878537800 JavaThread "WorkerExecutor Queue Thread 3" [_thread_blocked, id=24020, stack(0x0000002971400000,0x0000002971500000)]
  0x0000021878539000 JavaThread "WorkerExecutor Queue Thread 4" [_thread_blocked, id=23212, stack(0x0000002971500000,0x0000002971600000)]
  0x0000021878533800 JavaThread "WorkerExecutor Queue Thread 5" [_thread_blocked, id=14520, stack(0x0000002971600000,0x0000002971700000)]
  0x000002187853a000 JavaThread "WorkerExecutor Queue Thread 6" [_thread_blocked, id=13900, stack(0x0000002971700000,0x0000002971800000)]
  0x000002187853b000 JavaThread "WorkerExecutor Queue Thread 7" [_thread_in_native, id=11132, stack(0x0000002971800000,0x0000002971900000)]
  0x0000021878537000 JavaThread "WorkerExecutor Queue Thread 8" [_thread_blocked, id=7064, stack(0x0000002971100000,0x0000002971200000)]
  0x000002187853c800 JavaThread "WorkerExecutor Queue Thread 9" [_thread_blocked, id=17352, stack(0x0000002971900000,0x0000002971a00000)]

Other Threads:
  0x00000218728b5000 VMThread "VM Thread" [stack: 0x0000002967400000,0x0000002967500000] [id=23656]
  0x0000021872af0000 WatcherThread [stack: 0x0000002967e00000,0x0000002967f00000] [id=1020]
  0x0000021857bac000 GCTaskThread "GC Thread#0" [stack: 0x0000002966f00000,0x0000002967000000] [id=2508]
  0x00000218734c4800 GCTaskThread "GC Thread#1" [stack: 0x0000002967f00000,0x0000002968000000] [id=23836]
  0x0000021872c10000 GCTaskThread "GC Thread#2" [stack: 0x0000002968000000,0x0000002968100000] [id=23824]
  0x0000021873737000 GCTaskThread "GC Thread#3" [stack: 0x0000002968100000,0x0000002968200000] [id=7396]
  0x00000218736c2800 GCTaskThread "GC Thread#4" [stack: 0x0000002968200000,0x0000002968300000] [id=2056]
  0x00000218736dd000 GCTaskThread "GC Thread#5" [stack: 0x0000002968300000,0x0000002968400000] [id=19988]
  0x0000021875d32800 GCTaskThread "GC Thread#6" [stack: 0x0000002969100000,0x0000002969200000] [id=23844]
  0x0000021874f72800 GCTaskThread "GC Thread#7" [stack: 0x0000002969200000,0x0000002969300000] [id=23820]
  0x0000021857bdd000 ConcurrentGCThread "G1 Main Marker" [stack: 0x0000002967000000,0x0000002967100000] [id=1644]
  0x0000021857bdf000 ConcurrentGCThread "G1 Conc#0" [stack: 0x0000002967100000,0x0000002967200000] [id=19868]
  0x000002187452d800 ConcurrentGCThread "G1 Conc#1" [stack: 0x0000002969300000,0x0000002969400000] [id=23952]
  0x0000021871efe800 ConcurrentGCThread "G1 Refine#0" [stack: 0x0000002967200000,0x0000002967300000] [id=11624]
  0x000002187834f800 ConcurrentGCThread "G1 Refine#1" [stack: 0x0000002969400000,0x0000002969500000] [id=23352]
  0x0000021879894000 ConcurrentGCThread "G1 Refine#2" [stack: 0x0000002969700000,0x0000002969800000] [id=9440]
  0x0000021879890800 ConcurrentGCThread "G1 Refine#3" [stack: 0x0000002969800000,0x0000002969900000] [id=17128]
  0x000002187988f000 ConcurrentGCThread "G1 Refine#4" [stack: 0x0000002969900000,0x0000002969a00000] [id=23884]
  0x000002187988f800 ConcurrentGCThread "G1 Refine#5" [stack: 0x0000002969a00000,0x0000002969b00000] [id=23892]
  0x0000021871f01000 ConcurrentGCThread "G1 Young RemSet Sampling" [stack: 0x0000002967300000,0x0000002967400000] [id=23672]

Threads with active compile tasks:
C2 CompilerThread1 351659 19577 %     4       com.android.tools.r8.dex.i::l @ 64 (2158 bytes)

VM state:not at safepoint (normal execution)

VM Mutex/Monitor currently owned by a thread: None

Heap address: 0x0000000080000000, size: 2048 MB, Compressed Oops mode: 32-bit
Narrow klass base: 0x0000000000000000, Narrow klass shift: 3
Compressed class space size: 1073741824 Address: 0x0000000100000000

Heap:
 garbage-first heap   total 262144K, used 154276K [0x0000000080000000, 0x0000000100000000)
  region size 1024K, 33 young (33792K), 10 survivors (10240K)
 Metaspace       used 131910K, capacity 135590K, committed 138736K, reserved 1169408K
  class space    used 16595K, capacity 17961K, committed 19232K, reserved 1048576K
Heap Regions: E=young(eden), S=young(survivor), O=old, HS=humongous(starts), HC=humongous(continues), CS=collection set, F=free, A=archive, TAMS=top-at-mark-start (previous, next)
|   0|0x0000000080000000, 0x0000000080100000, 0x0000000080100000|100%| O|  |TAMS 0x0000000080100000, 0x0000000080000000| Untracked 
|   1|0x0000000080100000, 0x0000000080200000, 0x0000000080200000|100%| O|  |TAMS 0x0000000080200000, 0x0000000080100000| Untracked 
|   2|0x0000000080200000, 0x0000000080300000, 0x0000000080300000|100%| O|  |TAMS 0x0000000080300000, 0x0000000080200000| Untracked 
|   3|0x0000000080300000, 0x0000000080400000, 0x0000000080400000|100%|HS|  |TAMS 0x0000000080400000, 0x0000000080300000| Complete 
|   4|0x0000000080400000, 0x0000000080500000, 0x0000000080500000|100%|HC|  |TAMS 0x0000000080500000, 0x0000000080400000| Complete 
|   5|0x0000000080500000, 0x0000000080600000, 0x0000000080600000|100%|HC|  |TAMS 0x0000000080600000, 0x0000000080500000| Complete 
|   6|0x0000000080600000, 0x0000000080700000, 0x0000000080700000|100%| O|  |TAMS 0x0000000080700000, 0x0000000080600000| Untracked 
|   7|0x0000000080700000, 0x0000000080800000, 0x0000000080800000|100%| O|  |TAMS 0x0000000080800000, 0x0000000080700000| Untracked 
|   8|0x0000000080800000, 0x0000000080900000, 0x0000000080900000|100%| O|  |TAMS 0x0000000080900000, 0x0000000080800000| Untracked 
|   9|0x0000000080900000, 0x0000000080a00000, 0x0000000080a00000|100%| O|  |TAMS 0x0000000080a00000, 0x0000000080900000| Untracked 
|  10|0x0000000080a00000, 0x0000000080b00000, 0x0000000080b00000|100%| O|  |TAMS 0x0000000080b00000, 0x0000000080a00000| Untracked 
|  11|0x0000000080b00000, 0x0000000080c00000, 0x0000000080c00000|100%| O|  |TAMS 0x0000000080c00000, 0x0000000080b00000| Complete 
|  12|0x0000000080c00000, 0x0000000080d00000, 0x0000000080d00000|100%| O|  |TAMS 0x0000000080d00000, 0x0000000080c00000| Untracked 
|  13|0x0000000080d00000, 0x0000000080e00000, 0x0000000080e00000|100%| O|  |TAMS 0x0000000080e00000, 0x0000000080d00000| Untracked 
|  14|0x0000000080e00000, 0x0000000080f00000, 0x0000000080f00000|100%| O|  |TAMS 0x0000000080f00000, 0x0000000080e00000| Untracked 
|  15|0x0000000080f00000, 0x0000000081000000, 0x0000000081000000|100%| O|  |TAMS 0x0000000081000000, 0x0000000080f00000| Untracked 
|  16|0x0000000081000000, 0x0000000081100000, 0x0000000081100000|100%| O|  |TAMS 0x0000000081100000, 0x0000000081000000| Untracked 
|  17|0x0000000081100000, 0x0000000081200000, 0x0000000081200000|100%|HS|  |TAMS 0x0000000081200000, 0x0000000081100000| Complete 
|  18|0x0000000081200000, 0x0000000081300000, 0x0000000081300000|100%|HS|  |TAMS 0x0000000081300000, 0x0000000081200000| Complete 
|  19|0x0000000081300000, 0x0000000081400000, 0x0000000081400000|100%|HS|  |TAMS 0x0000000081400000, 0x0000000081300000| Complete 
|  20|0x0000000081400000, 0x0000000081500000, 0x0000000081500000|100%|HS|  |TAMS 0x0000000081500000, 0x0000000081400000| Complete 
|  21|0x0000000081500000, 0x0000000081600000, 0x0000000081600000|100%|HC|  |TAMS 0x0000000081600000, 0x0000000081500000| Complete 
|  22|0x0000000081600000, 0x0000000081700000, 0x0000000081700000|100%|HC|  |TAMS 0x0000000081700000, 0x0000000081600000| Complete 
|  23|0x0000000081700000, 0x0000000081800000, 0x0000000081800000|100%|HC|  |TAMS 0x0000000081800000, 0x0000000081700000| Complete 
|  24|0x0000000081800000, 0x0000000081900000, 0x0000000081900000|100%| O|  |TAMS 0x0000000081900000, 0x0000000081800000| Untracked 
|  25|0x0000000081900000, 0x0000000081a00000, 0x0000000081a00000|100%|HS|  |TAMS 0x0000000081a00000, 0x0000000081900000| Complete 
|  26|0x0000000081a00000, 0x0000000081b00000, 0x0000000081b00000|100%|HC|  |TAMS 0x0000000081b00000, 0x0000000081a00000| Complete 
|  27|0x0000000081b00000, 0x0000000081c00000, 0x0000000081c00000|100%| O|  |TAMS 0x0000000081c00000, 0x0000000081b00000| Untracked 
|  28|0x0000000081c00000, 0x0000000081d00000, 0x0000000081d00000|100%| O|  |TAMS 0x0000000081d00000, 0x0000000081c00000| Untracked 
|  29|0x0000000081d00000, 0x0000000081e00000, 0x0000000081e00000|100%| O|  |TAMS 0x0000000081e00000, 0x0000000081d00000| Untracked 
|  30|0x0000000081e00000, 0x0000000081f00000, 0x0000000081f00000|100%| O|  |TAMS 0x0000000081f00000, 0x0000000081e00000| Untracked 
|  31|0x0000000081f00000, 0x0000000082000000, 0x0000000082000000|100%| O|  |TAMS 0x0000000082000000, 0x0000000081f00000| Complete 
|  32|0x0000000082000000, 0x0000000082100000, 0x0000000082100000|100%| O|  |TAMS 0x0000000082100000, 0x0000000082000000| Untracked 
|  33|0x0000000082100000, 0x0000000082200000, 0x0000000082200000|100%| O|  |TAMS 0x0000000082200000, 0x0000000082100000| Untracked 
|  34|0x0000000082200000, 0x0000000082300000, 0x0000000082300000|100%| O|  |TAMS 0x0000000082300000, 0x0000000082200000| Complete 
|  35|0x0000000082300000, 0x0000000082400000, 0x0000000082400000|100%| O|  |TAMS 0x0000000082400000, 0x0000000082300000| Complete 
|  36|0x0000000082400000, 0x0000000082500000, 0x0000000082500000|100%| O|  |TAMS 0x0000000082500000, 0x0000000082400000| Untracked 
|  37|0x0000000082500000, 0x0000000082600000, 0x0000000082600000|100%| O|  |TAMS 0x0000000082600000, 0x0000000082500000| Complete 
|  38|0x0000000082600000, 0x0000000082700000, 0x0000000082700000|100%| O|  |TAMS 0x0000000082700000, 0x0000000082600000| Untracked 
|  39|0x0000000082700000, 0x0000000082800000, 0x0000000082800000|100%| O|  |TAMS 0x0000000082800000, 0x0000000082700000| Complete 
|  40|0x0000000082800000, 0x0000000082900000, 0x0000000082900000|100%| O|  |TAMS 0x0000000082900000, 0x0000000082800000| Untracked 
|  41|0x0000000082900000, 0x0000000082a00000, 0x0000000082a00000|100%| O|  |TAMS 0x0000000082a00000, 0x0000000082900000| Untracked 
|  42|0x0000000082a00000, 0x0000000082b00000, 0x0000000082b00000|100%| O|  |TAMS 0x0000000082b00000, 0x0000000082a00000| Untracked 
|  43|0x0000000082b00000, 0x0000000082c00000, 0x0000000082c00000|100%| O|  |TAMS 0x0000000082c00000, 0x0000000082b00000| Complete 
|  44|0x0000000082c00000, 0x0000000082d00000, 0x0000000082d00000|100%| O|  |TAMS 0x0000000082d00000, 0x0000000082c00000| Complete 
|  45|0x0000000082d00000, 0x0000000082e00000, 0x0000000082e00000|100%| O|  |TAMS 0x0000000082e00000, 0x0000000082d00000| Complete 
|  46|0x0000000082e00000, 0x0000000082f00000, 0x0000000082f00000|100%| O|  |TAMS 0x0000000082f00000, 0x0000000082e00000| Complete 
|  47|0x0000000082f00000, 0x0000000083000000, 0x0000000083000000|100%| O|  |TAMS 0x0000000083000000, 0x0000000082f00000| Complete 
|  48|0x0000000083000000, 0x0000000083100000, 0x0000000083100000|100%| O|  |TAMS 0x0000000083100000, 0x0000000083000000| Complete 
|  49|0x0000000083100000, 0x0000000083200000, 0x0000000083200000|100%| O|  |TAMS 0x0000000083200000, 0x0000000083100000| Complete 
|  50|0x0000000083200000, 0x0000000083300000, 0x0000000083300000|100%| O|  |TAMS 0x0000000083300000, 0x0000000083200000| Untracked 
|  51|0x0000000083300000, 0x0000000083400000, 0x0000000083400000|100%| O|  |TAMS 0x0000000083400000, 0x0000000083300000| Untracked 
|  52|0x0000000083400000, 0x0000000083500000, 0x0000000083500000|100%| O|  |TAMS 0x0000000083500000, 0x0000000083400000| Untracked 
|  53|0x0000000083500000, 0x0000000083600000, 0x0000000083600000|100%| O|  |TAMS 0x0000000083600000, 0x0000000083500000| Untracked 
|  54|0x0000000083600000, 0x0000000083700000, 0x0000000083700000|100%| O|  |TAMS 0x0000000083700000, 0x0000000083600000| Untracked 
|  55|0x0000000083700000, 0x0000000083800000, 0x0000000083800000|100%| O|  |TAMS 0x0000000083800000, 0x0000000083700000| Untracked 
|  56|0x0000000083800000, 0x0000000083900000, 0x0000000083900000|100%| O|  |TAMS 0x0000000083900000, 0x0000000083800000| Untracked 
|  57|0x0000000083900000, 0x0000000083a00000, 0x0000000083a00000|100%| O|  |TAMS 0x0000000083a00000, 0x0000000083900000| Complete 
|  58|0x0000000083a00000, 0x0000000083b00000, 0x0000000083b00000|100%| O|  |TAMS 0x0000000083b00000, 0x0000000083a00000| Complete 
|  59|0x0000000083b00000, 0x0000000083c00000, 0x0000000083c00000|100%| O|  |TAMS 0x0000000083c00000, 0x0000000083b00000| Complete 
|  60|0x0000000083c00000, 0x0000000083d00000, 0x0000000083d00000|100%| O|  |TAMS 0x0000000083d00000, 0x0000000083c00000| Untracked 
|  61|0x0000000083d00000, 0x0000000083e00000, 0x0000000083e00000|100%| O|  |TAMS 0x0000000083e00000, 0x0000000083d00000| Untracked 
|  62|0x0000000083e00000, 0x0000000083f00000, 0x0000000083f00000|100%| O|  |TAMS 0x0000000083f00000, 0x0000000083e00000| Untracked 
|  63|0x0000000083f00000, 0x0000000084000000, 0x0000000084000000|100%| O|  |TAMS 0x0000000084000000, 0x0000000083f00000| Untracked 
|  64|0x0000000084000000, 0x0000000084100000, 0x0000000084100000|100%| O|  |TAMS 0x0000000084100000, 0x0000000084000000| Complete 
|  65|0x0000000084100000, 0x0000000084200000, 0x0000000084200000|100%| O|  |TAMS 0x0000000084200000, 0x0000000084100000| Complete 
|  66|0x0000000084200000, 0x0000000084300000, 0x0000000084300000|100%| O|  |TAMS 0x0000000084300000, 0x0000000084200000| Untracked 
|  67|0x0000000084300000, 0x0000000084400000, 0x0000000084400000|100%| O|  |TAMS 0x0000000084400000, 0x0000000084300000| Complete 
|  68|0x0000000084400000, 0x0000000084500000, 0x0000000084500000|100%| O|  |TAMS 0x0000000084500000, 0x0000000084400000| Complete 
|  69|0x0000000084500000, 0x0000000084600000, 0x0000000084600000|100%| O|  |TAMS 0x0000000084600000, 0x0000000084500000| Untracked 
|  70|0x0000000084600000, 0x0000000084700000, 0x0000000084700000|100%| O|  |TAMS 0x0000000084700000, 0x0000000084600000| Untracked 
|  71|0x0000000084700000, 0x0000000084800000, 0x0000000084800000|100%| O|  |TAMS 0x0000000084800000, 0x0000000084700000| Untracked 
|  72|0x0000000084800000, 0x0000000084900000, 0x0000000084900000|100%| O|  |TAMS 0x0000000084900000, 0x0000000084800000| Complete 
|  73|0x0000000084900000, 0x0000000084a00000, 0x0000000084a00000|100%| O|  |TAMS 0x0000000084a00000, 0x0000000084900000| Complete 
|  74|0x0000000084a00000, 0x0000000084b00000, 0x0000000084b00000|100%| O|  |TAMS 0x0000000084b00000, 0x0000000084a00000| Complete 
|  75|0x0000000084b00000, 0x0000000084c00000, 0x0000000084c00000|100%| O|  |TAMS 0x0000000084c00000, 0x0000000084b00000| Complete 
|  76|0x0000000084c00000, 0x0000000084d00000, 0x0000000084d00000|100%| O|  |TAMS 0x0000000084d00000, 0x0000000084c00000| Complete 
|  77|0x0000000084d00000, 0x0000000084e00000, 0x0000000084e00000|100%| O|  |TAMS 0x0000000084e00000, 0x0000000084d00000| Complete 
|  78|0x0000000084e00000, 0x0000000084f00000, 0x0000000084f00000|100%| O|  |TAMS 0x0000000084f00000, 0x0000000084e00000| Complete 
|  79|0x0000000084f00000, 0x0000000085000000, 0x0000000085000000|100%| O|  |TAMS 0x0000000085000000, 0x0000000084f00000| Complete 
|  80|0x0000000085000000, 0x0000000085000000, 0x0000000085100000|  0%| F|  |TAMS 0x0000000085000000, 0x0000000085000000| Untracked 
|  81|0x0000000085100000, 0x0000000085200000, 0x0000000085200000|100%| O|  |TAMS 0x0000000085200000, 0x0000000085100000| Complete 
|  82|0x0000000085200000, 0x0000000085300000, 0x0000000085300000|100%| O|  |TAMS 0x0000000085300000, 0x0000000085200000| Complete 
|  83|0x0000000085300000, 0x0000000085400000, 0x0000000085400000|100%| O|  |TAMS 0x0000000085400000, 0x0000000085300000| Complete 
|  84|0x0000000085400000, 0x0000000085500000, 0x0000000085500000|100%| O|  |TAMS 0x0000000085500000, 0x0000000085400000| Complete 
|  85|0x0000000085500000, 0x0000000085600000, 0x0000000085600000|100%| O|  |TAMS 0x0000000085600000, 0x0000000085500000| Untracked 
|  86|0x0000000085600000, 0x0000000085700000, 0x0000000085700000|100%| O|  |TAMS 0x0000000085700000, 0x0000000085600000| Complete 
|  87|0x0000000085700000, 0x0000000085800000, 0x0000000085800000|100%| O|  |TAMS 0x0000000085800000, 0x0000000085700000| Untracked 
|  88|0x0000000085800000, 0x0000000085900000, 0x0000000085900000|100%| O|  |TAMS 0x0000000085900000, 0x0000000085800000| Complete 
|  89|0x0000000085900000, 0x0000000085a00000, 0x0000000085a00000|100%| O|  |TAMS 0x0000000085a00000, 0x0000000085900000| Complete 
|  90|0x0000000085a00000, 0x0000000085b00000, 0x0000000085b00000|100%| O|  |TAMS 0x0000000085b00000, 0x0000000085a00000| Untracked 
|  91|0x0000000085b00000, 0x0000000085c00000, 0x0000000085c00000|100%| O|  |TAMS 0x0000000085c00000, 0x0000000085b00000| Untracked 
|  92|0x0000000085c00000, 0x0000000085d00000, 0x0000000085d00000|100%| O|  |TAMS 0x0000000085d00000, 0x0000000085c00000| Untracked 
|  93|0x0000000085d00000, 0x0000000085e00000, 0x0000000085e00000|100%| O|  |TAMS 0x0000000085e00000, 0x0000000085d00000| Complete 
|  94|0x0000000085e00000, 0x0000000085f00000, 0x0000000085f00000|100%| O|  |TAMS 0x0000000085f00000, 0x0000000085e00000| Complete 
|  95|0x0000000085f00000, 0x0000000086000000, 0x0000000086000000|100%| O|  |TAMS 0x0000000086000000, 0x0000000085f00000| Complete 
|  96|0x0000000086000000, 0x0000000086100000, 0x0000000086100000|100%| O|  |TAMS 0x0000000086100000, 0x0000000086000000| Complete 
|  97|0x0000000086100000, 0x0000000086200000, 0x0000000086200000|100%| O|  |TAMS 0x0000000086200000, 0x0000000086100000| Complete 
|  98|0x0000000086200000, 0x0000000086300000, 0x0000000086300000|100%| O|  |TAMS 0x0000000086300000, 0x0000000086200000| Complete 
|  99|0x0000000086300000, 0x0000000086400000, 0x0000000086400000|100%| O|  |TAMS 0x0000000086400000, 0x0000000086300000| Complete 
| 100|0x0000000086400000, 0x0000000086500000, 0x0000000086500000|100%| O|  |TAMS 0x0000000086500000, 0x0000000086400000| Complete 
| 101|0x0000000086500000, 0x0000000086600000, 0x0000000086600000|100%| O|  |TAMS 0x0000000086600000, 0x0000000086500000| Complete 
| 102|0x0000000086600000, 0x0000000086700000, 0x0000000086700000|100%| O|  |TAMS 0x0000000086700000, 0x0000000086600000| Complete 
| 103|0x0000000086700000, 0x0000000086800000, 0x0000000086800000|100%| O|  |TAMS 0x0000000086800000, 0x0000000086700000| Complete 
| 104|0x0000000086800000, 0x0000000086900000, 0x0000000086900000|100%| O|  |TAMS 0x0000000086900000, 0x0000000086800000| Complete 
| 105|0x0000000086900000, 0x0000000086900000, 0x0000000086a00000|  0%| F|  |TAMS 0x0000000086900000, 0x0000000086900000| Untracked 
| 106|0x0000000086a00000, 0x0000000086a00000, 0x0000000086b00000|  0%| F|  |TAMS 0x0000000086a00000, 0x0000000086a00000| Untracked 
| 107|0x0000000086b00000, 0x0000000086b00000, 0x0000000086c00000|  0%| F|  |TAMS 0x0000000086b00000, 0x0000000086b00000| Untracked 
| 108|0x0000000086c00000, 0x0000000086c00000, 0x0000000086d00000|  0%| F|  |TAMS 0x0000000086c00000, 0x0000000086c00000| Untracked 
| 109|0x0000000086d00000, 0x0000000086d00000, 0x0000000086e00000|  0%| F|  |TAMS 0x0000000086d00000, 0x0000000086d00000| Untracked 
| 110|0x0000000086e00000, 0x0000000086f00000, 0x0000000086f00000|100%| O|  |TAMS 0x0000000086f00000, 0x0000000086e00000| Complete 
| 111|0x0000000086f00000, 0x0000000087000000, 0x0000000087000000|100%| O|  |TAMS 0x0000000087000000, 0x0000000086f00000| Complete 
| 112|0x0000000087000000, 0x0000000087000000, 0x0000000087100000|  0%| F|  |TAMS 0x0000000087000000, 0x0000000087000000| Untracked 
| 113|0x0000000087100000, 0x0000000087200000, 0x0000000087200000|100%| O|  |TAMS 0x0000000087200000, 0x0000000087100000| Complete 
| 114|0x0000000087200000, 0x0000000087300000, 0x0000000087300000|100%| O|  |TAMS 0x0000000087300000, 0x0000000087200000| Untracked 
| 115|0x0000000087300000, 0x0000000087400000, 0x0000000087400000|100%| O|  |TAMS 0x0000000087400000, 0x0000000087300000| Complete 
| 116|0x0000000087400000, 0x0000000087500000, 0x0000000087500000|100%| O|  |TAMS 0x0000000087500000, 0x0000000087400000| Complete 
| 117|0x0000000087500000, 0x0000000087600000, 0x0000000087600000|100%| O|  |TAMS 0x0000000087600000, 0x0000000087500000| Complete 
| 118|0x0000000087600000, 0x0000000087700000, 0x0000000087700000|100%| O|  |TAMS 0x0000000087700000, 0x0000000087600000| Complete 
| 119|0x0000000087700000, 0x0000000087800000, 0x0000000087800000|100%| O|  |TAMS 0x0000000087800000, 0x0000000087700000| Complete 
| 120|0x0000000087800000, 0x0000000087900000, 0x0000000087900000|100%| O|  |TAMS 0x0000000087900000, 0x0000000087800000| Complete 
| 121|0x0000000087900000, 0x0000000087900000, 0x0000000087a00000|  0%| F|  |TAMS 0x0000000087900000, 0x0000000087900000| Untracked 
| 122|0x0000000087a00000, 0x0000000087b00000, 0x0000000087b00000|100%| O|  |TAMS 0x0000000087b00000, 0x0000000087a00000| Complete 
| 123|0x0000000087b00000, 0x0000000087c00000, 0x0000000087c00000|100%| O|  |TAMS 0x0000000087c00000, 0x0000000087b00000| Complete 
| 124|0x0000000087c00000, 0x0000000087c00000, 0x0000000087d00000|  0%| F|  |TAMS 0x0000000087c00000, 0x0000000087c00000| Untracked 
| 125|0x0000000087d00000, 0x0000000087d00000, 0x0000000087e00000|  0%| F|  |TAMS 0x0000000087d00000, 0x0000000087d00000| Untracked 
| 126|0x0000000087e00000, 0x0000000087e00000, 0x0000000087f00000|  0%| F|  |TAMS 0x0000000087e00000, 0x0000000087e00000| Untracked 
| 127|0x0000000087f00000, 0x0000000087f00000, 0x0000000088000000|  0%| F|  |TAMS 0x0000000087f00000, 0x0000000087f00000| Untracked 
| 128|0x0000000088000000, 0x0000000088100000, 0x0000000088100000|100%| O|  |TAMS 0x0000000088100000, 0x0000000088000000| Complete 
| 129|0x0000000088100000, 0x0000000088200000, 0x0000000088200000|100%| O|  |TAMS 0x0000000088200000, 0x0000000088100000| Complete 
| 130|0x0000000088200000, 0x0000000088300000, 0x0000000088300000|100%| O|  |TAMS 0x0000000088300000, 0x0000000088200000| Complete 
| 131|0x0000000088300000, 0x00000000883f5000, 0x0000000088400000| 95%| O|  |TAMS 0x00000000883f5000, 0x0000000088300000| Untracked 
| 132|0x0000000088400000, 0x0000000088400000, 0x0000000088500000|  0%| F|  |TAMS 0x0000000088400000, 0x0000000088400000| Untracked 
| 133|0x0000000088500000, 0x0000000088500000, 0x0000000088600000|  0%| F|  |TAMS 0x0000000088500000, 0x0000000088500000| Untracked 
| 134|0x0000000088600000, 0x0000000088600000, 0x0000000088700000|  0%| F|  |TAMS 0x0000000088600000, 0x0000000088600000| Untracked 
| 135|0x0000000088700000, 0x0000000088700000, 0x0000000088800000|  0%| F|  |TAMS 0x0000000088700000, 0x0000000088700000| Untracked 
| 136|0x0000000088800000, 0x0000000088800000, 0x0000000088900000|  0%| F|  |TAMS 0x0000000088800000, 0x0000000088800000| Untracked 
| 137|0x0000000088900000, 0x0000000088900000, 0x0000000088a00000|  0%| F|  |TAMS 0x0000000088900000, 0x0000000088900000| Untracked 
| 138|0x0000000088a00000, 0x0000000088a00000, 0x0000000088b00000|  0%| F|  |TAMS 0x0000000088a00000, 0x0000000088a00000| Untracked 
| 139|0x0000000088b00000, 0x0000000088b00000, 0x0000000088c00000|  0%| F|  |TAMS 0x0000000088b00000, 0x0000000088b00000| Untracked 
| 140|0x0000000088c00000, 0x0000000088c00000, 0x0000000088d00000|  0%| F|  |TAMS 0x0000000088c00000, 0x0000000088c00000| Untracked 
| 141|0x0000000088d00000, 0x0000000088d00000, 0x0000000088e00000|  0%| F|  |TAMS 0x0000000088d00000, 0x0000000088d00000| Untracked 
| 142|0x0000000088e00000, 0x0000000088e00000, 0x0000000088f00000|  0%| F|  |TAMS 0x0000000088e00000, 0x0000000088e00000| Untracked 
| 143|0x0000000088f00000, 0x0000000088f00000, 0x0000000089000000|  0%| F|  |TAMS 0x0000000088f00000, 0x0000000088f00000| Untracked 
| 144|0x0000000089000000, 0x0000000089000000, 0x0000000089100000|  0%| F|  |TAMS 0x0000000089000000, 0x0000000089000000| Untracked 
| 145|0x0000000089100000, 0x0000000089100000, 0x0000000089200000|  0%| F|  |TAMS 0x0000000089100000, 0x0000000089100000| Untracked 
| 146|0x0000000089200000, 0x0000000089200000, 0x0000000089300000|  0%| F|  |TAMS 0x0000000089200000, 0x0000000089200000| Untracked 
| 147|0x0000000089300000, 0x0000000089300000, 0x0000000089400000|  0%| F|  |TAMS 0x0000000089300000, 0x0000000089300000| Untracked 
| 148|0x0000000089400000, 0x0000000089400000, 0x0000000089500000|  0%| F|  |TAMS 0x0000000089400000, 0x0000000089400000| Untracked 
| 149|0x0000000089500000, 0x0000000089500000, 0x0000000089600000|  0%| F|  |TAMS 0x0000000089500000, 0x0000000089500000| Untracked 
| 150|0x0000000089600000, 0x0000000089600000, 0x0000000089700000|  0%| F|  |TAMS 0x0000000089600000, 0x0000000089600000| Untracked 
| 151|0x0000000089700000, 0x0000000089700000, 0x0000000089800000|  0%| F|  |TAMS 0x0000000089700000, 0x0000000089700000| Untracked 
| 152|0x0000000089800000, 0x0000000089800000, 0x0000000089900000|  0%| F|  |TAMS 0x0000000089800000, 0x0000000089800000| Untracked 
| 153|0x0000000089900000, 0x0000000089900000, 0x0000000089a00000|  0%| F|  |TAMS 0x0000000089900000, 0x0000000089900000| Untracked 
| 154|0x0000000089a00000, 0x0000000089a00000, 0x0000000089b00000|  0%| F|  |TAMS 0x0000000089a00000, 0x0000000089a00000| Untracked 
| 155|0x0000000089b00000, 0x0000000089b00000, 0x0000000089c00000|  0%| F|  |TAMS 0x0000000089b00000, 0x0000000089b00000| Untracked 
| 156|0x0000000089c00000, 0x0000000089c00000, 0x0000000089d00000|  0%| F|  |TAMS 0x0000000089c00000, 0x0000000089c00000| Untracked 
| 157|0x0000000089d00000, 0x0000000089d00000, 0x0000000089e00000|  0%| F|  |TAMS 0x0000000089d00000, 0x0000000089d00000| Untracked 
| 158|0x0000000089e00000, 0x0000000089e00000, 0x0000000089f00000|  0%| F|  |TAMS 0x0000000089e00000, 0x0000000089e00000| Untracked 
| 159|0x0000000089f00000, 0x0000000089f00000, 0x000000008a000000|  0%| F|  |TAMS 0x0000000089f00000, 0x0000000089f00000| Untracked 
| 160|0x000000008a000000, 0x000000008a000000, 0x000000008a100000|  0%| F|  |TAMS 0x000000008a000000, 0x000000008a000000| Untracked 
| 161|0x000000008a100000, 0x000000008a1b4288, 0x000000008a200000| 70%| S|CS|TAMS 0x000000008a100000, 0x000000008a100000| Complete 
| 162|0x000000008a200000, 0x000000008a300000, 0x000000008a300000|100%| S|CS|TAMS 0x000000008a200000, 0x000000008a200000| Complete 
| 163|0x000000008a300000, 0x000000008a400000, 0x000000008a400000|100%| S|CS|TAMS 0x000000008a300000, 0x000000008a300000| Complete 
| 164|0x000000008a400000, 0x000000008a500000, 0x000000008a500000|100%| S|CS|TAMS 0x000000008a400000, 0x000000008a400000| Complete 
| 165|0x000000008a500000, 0x000000008a600000, 0x000000008a600000|100%| S|CS|TAMS 0x000000008a500000, 0x000000008a500000| Complete 
| 166|0x000000008a600000, 0x000000008a700000, 0x000000008a700000|100%| S|CS|TAMS 0x000000008a600000, 0x000000008a600000| Complete 
| 167|0x000000008a700000, 0x000000008a800000, 0x000000008a800000|100%| S|CS|TAMS 0x000000008a700000, 0x000000008a700000| Complete 
| 168|0x000000008a800000, 0x000000008a900000, 0x000000008a900000|100%| S|CS|TAMS 0x000000008a800000, 0x000000008a800000| Complete 
| 169|0x000000008a900000, 0x000000008aa00000, 0x000000008aa00000|100%| S|CS|TAMS 0x000000008a900000, 0x000000008a900000| Complete 
| 170|0x000000008aa00000, 0x000000008ab00000, 0x000000008ab00000|100%| S|CS|TAMS 0x000000008aa00000, 0x000000008aa00000| Complete 
| 171|0x000000008ab00000, 0x000000008ab00000, 0x000000008ac00000|  0%| F|  |TAMS 0x000000008ab00000, 0x000000008ab00000| Untracked 
| 172|0x000000008ac00000, 0x000000008ac00000, 0x000000008ad00000|  0%| F|  |TAMS 0x000000008ac00000, 0x000000008ac00000| Untracked 
| 173|0x000000008ad00000, 0x000000008ad00000, 0x000000008ae00000|  0%| F|  |TAMS 0x000000008ad00000, 0x000000008ad00000| Untracked 
| 174|0x000000008ae00000, 0x000000008ae00000, 0x000000008af00000|  0%| F|  |TAMS 0x000000008ae00000, 0x000000008ae00000| Untracked 
| 175|0x000000008af00000, 0x000000008af00000, 0x000000008b000000|  0%| F|  |TAMS 0x000000008af00000, 0x000000008af00000| Untracked 
| 176|0x000000008b000000, 0x000000008b000000, 0x000000008b100000|  0%| F|  |TAMS 0x000000008b000000, 0x000000008b000000| Untracked 
| 177|0x000000008b100000, 0x000000008b100000, 0x000000008b200000|  0%| F|  |TAMS 0x000000008b100000, 0x000000008b100000| Untracked 
| 178|0x000000008b200000, 0x000000008b200000, 0x000000008b300000|  0%| F|  |TAMS 0x000000008b200000, 0x000000008b200000| Untracked 
| 179|0x000000008b300000, 0x000000008b300000, 0x000000008b400000|  0%| F|  |TAMS 0x000000008b300000, 0x000000008b300000| Untracked 
| 180|0x000000008b400000, 0x000000008b400000, 0x000000008b500000|  0%| F|  |TAMS 0x000000008b400000, 0x000000008b400000| Untracked 
| 181|0x000000008b500000, 0x000000008b500000, 0x000000008b600000|  0%| F|  |TAMS 0x000000008b500000, 0x000000008b500000| Untracked 
| 182|0x000000008b600000, 0x000000008b600000, 0x000000008b700000|  0%| F|  |TAMS 0x000000008b600000, 0x000000008b600000| Untracked 
| 183|0x000000008b700000, 0x000000008b700000, 0x000000008b800000|  0%| F|  |TAMS 0x000000008b700000, 0x000000008b700000| Untracked 
| 184|0x000000008b800000, 0x000000008b800000, 0x000000008b900000|  0%| F|  |TAMS 0x000000008b800000, 0x000000008b800000| Untracked 
| 185|0x000000008b900000, 0x000000008b900000, 0x000000008ba00000|  0%| F|  |TAMS 0x000000008b900000, 0x000000008b900000| Untracked 
| 186|0x000000008ba00000, 0x000000008ba00000, 0x000000008bb00000|  0%| F|  |TAMS 0x000000008ba00000, 0x000000008ba00000| Untracked 
| 187|0x000000008bb00000, 0x000000008bb00000, 0x000000008bc00000|  0%| F|  |TAMS 0x000000008bb00000, 0x000000008bb00000| Untracked 
| 188|0x000000008bc00000, 0x000000008bc00000, 0x000000008bd00000|  0%| F|  |TAMS 0x000000008bc00000, 0x000000008bc00000| Untracked 
| 189|0x000000008bd00000, 0x000000008bd00000, 0x000000008be00000|  0%| F|  |TAMS 0x000000008bd00000, 0x000000008bd00000| Untracked 
| 190|0x000000008be00000, 0x000000008be00000, 0x000000008bf00000|  0%| F|  |TAMS 0x000000008be00000, 0x000000008be00000| Untracked 
| 191|0x000000008bf00000, 0x000000008bf00000, 0x000000008c000000|  0%| F|  |TAMS 0x000000008bf00000, 0x000000008bf00000| Untracked 
| 192|0x000000008c000000, 0x000000008c000000, 0x000000008c100000|  0%| F|  |TAMS 0x000000008c000000, 0x000000008c000000| Untracked 
| 193|0x000000008c100000, 0x000000008c100000, 0x000000008c200000|  0%| F|  |TAMS 0x000000008c100000, 0x000000008c100000| Untracked 
| 194|0x000000008c200000, 0x000000008c200000, 0x000000008c300000|  0%| F|  |TAMS 0x000000008c200000, 0x000000008c200000| Untracked 
| 195|0x000000008c300000, 0x000000008c300000, 0x000000008c400000|  0%| F|  |TAMS 0x000000008c300000, 0x000000008c300000| Untracked 
| 196|0x000000008c400000, 0x000000008c400000, 0x000000008c500000|  0%| F|  |TAMS 0x000000008c400000, 0x000000008c400000| Untracked 
| 197|0x000000008c500000, 0x000000008c500000, 0x000000008c600000|  0%| F|  |TAMS 0x000000008c500000, 0x000000008c500000| Untracked 
| 198|0x000000008c600000, 0x000000008c600000, 0x000000008c700000|  0%| F|  |TAMS 0x000000008c600000, 0x000000008c600000| Untracked 
| 199|0x000000008c700000, 0x000000008c700000, 0x000000008c800000|  0%| F|  |TAMS 0x000000008c700000, 0x000000008c700000| Untracked 
| 200|0x000000008c800000, 0x000000008c800000, 0x000000008c900000|  0%| F|  |TAMS 0x000000008c800000, 0x000000008c800000| Untracked 
| 201|0x000000008c900000, 0x000000008c900000, 0x000000008ca00000|  0%| F|  |TAMS 0x000000008c900000, 0x000000008c900000| Untracked 
| 202|0x000000008ca00000, 0x000000008ca00000, 0x000000008cb00000|  0%| F|  |TAMS 0x000000008ca00000, 0x000000008ca00000| Untracked 
| 203|0x000000008cb00000, 0x000000008cb00000, 0x000000008cc00000|  0%| F|  |TAMS 0x000000008cb00000, 0x000000008cb00000| Untracked 
| 204|0x000000008cc00000, 0x000000008cc00000, 0x000000008cd00000|  0%| F|  |TAMS 0x000000008cc00000, 0x000000008cc00000| Untracked 
| 205|0x000000008cd00000, 0x000000008cd00000, 0x000000008ce00000|  0%| F|  |TAMS 0x000000008cd00000, 0x000000008cd00000| Untracked 
| 206|0x000000008ce00000, 0x000000008ce00000, 0x000000008cf00000|  0%| F|  |TAMS 0x000000008ce00000, 0x000000008ce00000| Untracked 
| 207|0x000000008cf00000, 0x000000008cf00000, 0x000000008d000000|  0%| F|  |TAMS 0x000000008cf00000, 0x000000008cf00000| Untracked 
| 208|0x000000008d000000, 0x000000008d000000, 0x000000008d100000|  0%| F|  |TAMS 0x000000008d000000, 0x000000008d000000| Untracked 
| 209|0x000000008d100000, 0x000000008d100000, 0x000000008d200000|  0%| F|  |TAMS 0x000000008d100000, 0x000000008d100000| Untracked 
| 210|0x000000008d200000, 0x000000008d200000, 0x000000008d300000|  0%| F|  |TAMS 0x000000008d200000, 0x000000008d200000| Untracked 
| 211|0x000000008d300000, 0x000000008d300000, 0x000000008d400000|  0%| F|  |TAMS 0x000000008d300000, 0x000000008d300000| Untracked 
| 212|0x000000008d400000, 0x000000008d400000, 0x000000008d500000|  0%| F|  |TAMS 0x000000008d400000, 0x000000008d400000| Untracked 
| 213|0x000000008d500000, 0x000000008d500000, 0x000000008d600000|  0%| F|  |TAMS 0x000000008d500000, 0x000000008d500000| Untracked 
| 214|0x000000008d600000, 0x000000008d600000, 0x000000008d700000|  0%| F|  |TAMS 0x000000008d600000, 0x000000008d600000| Untracked 
| 215|0x000000008d700000, 0x000000008d700000, 0x000000008d800000|  0%| F|  |TAMS 0x000000008d700000, 0x000000008d700000| Untracked 
| 216|0x000000008d800000, 0x000000008d800000, 0x000000008d900000|  0%| F|  |TAMS 0x000000008d800000, 0x000000008d800000| Untracked 
| 217|0x000000008d900000, 0x000000008d900000, 0x000000008da00000|  0%| F|  |TAMS 0x000000008d900000, 0x000000008d900000| Untracked 
| 218|0x000000008da00000, 0x000000008da00000, 0x000000008db00000|  0%| F|  |TAMS 0x000000008da00000, 0x000000008da00000| Untracked 
| 219|0x000000008db00000, 0x000000008db00000, 0x000000008dc00000|  0%| F|  |TAMS 0x000000008db00000, 0x000000008db00000| Untracked 
| 220|0x000000008dc00000, 0x000000008dc00000, 0x000000008dd00000|  0%| F|  |TAMS 0x000000008dc00000, 0x000000008dc00000| Untracked 
| 221|0x000000008dd00000, 0x000000008dd00000, 0x000000008de00000|  0%| F|  |TAMS 0x000000008dd00000, 0x000000008dd00000| Untracked 
| 222|0x000000008de00000, 0x000000008de00000, 0x000000008df00000|  0%| F|  |TAMS 0x000000008de00000, 0x000000008de00000| Untracked 
| 223|0x000000008df00000, 0x000000008df00000, 0x000000008e000000|  0%| F|  |TAMS 0x000000008df00000, 0x000000008df00000| Untracked 
| 224|0x000000008e000000, 0x000000008e000000, 0x000000008e100000|  0%| F|  |TAMS 0x000000008e000000, 0x000000008e000000| Untracked 
| 225|0x000000008e100000, 0x000000008e100000, 0x000000008e200000|  0%| F|  |TAMS 0x000000008e100000, 0x000000008e100000| Untracked 
| 226|0x000000008e200000, 0x000000008e200000, 0x000000008e300000|  0%| F|  |TAMS 0x000000008e200000, 0x000000008e200000| Untracked 
| 227|0x000000008e300000, 0x000000008e300000, 0x000000008e400000|  0%| F|  |TAMS 0x000000008e300000, 0x000000008e300000| Untracked 
| 228|0x000000008e400000, 0x000000008e400000, 0x000000008e500000|  0%| F|  |TAMS 0x000000008e400000, 0x000000008e400000| Untracked 
| 229|0x000000008e500000, 0x000000008e500000, 0x000000008e600000|  0%| F|  |TAMS 0x000000008e500000, 0x000000008e500000| Untracked 
| 230|0x000000008e600000, 0x000000008e600000, 0x000000008e700000|  0%| F|  |TAMS 0x000000008e600000, 0x000000008e600000| Untracked 
| 231|0x000000008e700000, 0x000000008e700000, 0x000000008e800000|  0%| F|  |TAMS 0x000000008e700000, 0x000000008e700000| Untracked 
| 232|0x000000008e800000, 0x000000008e800000, 0x000000008e900000|  0%| F|  |TAMS 0x000000008e800000, 0x000000008e800000| Untracked 
| 233|0x000000008e900000, 0x000000008e947c50, 0x000000008ea00000| 28%| E|  |TAMS 0x000000008e900000, 0x000000008e900000| Complete 
| 234|0x000000008ea00000, 0x000000008eafdfa0, 0x000000008eb00000| 99%| E|  |TAMS 0x000000008ea00000, 0x000000008ea00000| Complete 
| 235|0x000000008eb00000, 0x000000008ec00000, 0x000000008ec00000|100%| E|CS|TAMS 0x000000008eb00000, 0x000000008eb00000| Complete 
| 236|0x000000008ec00000, 0x000000008ed00000, 0x000000008ed00000|100%| E|CS|TAMS 0x000000008ec00000, 0x000000008ec00000| Complete 
| 237|0x000000008ed00000, 0x000000008ee00000, 0x000000008ee00000|100%| E|CS|TAMS 0x000000008ed00000, 0x000000008ed00000| Complete 
| 238|0x000000008ee00000, 0x000000008ef00000, 0x000000008ef00000|100%| E|CS|TAMS 0x000000008ee00000, 0x000000008ee00000| Complete 
| 239|0x000000008ef00000, 0x000000008f000000, 0x000000008f000000|100%| E|CS|TAMS 0x000000008ef00000, 0x000000008ef00000| Complete 
| 240|0x000000008f000000, 0x000000008f100000, 0x000000008f100000|100%| E|CS|TAMS 0x000000008f000000, 0x000000008f000000| Complete 
| 241|0x000000008f100000, 0x000000008f200000, 0x000000008f200000|100%| E|CS|TAMS 0x000000008f100000, 0x000000008f100000| Complete 
| 242|0x000000008f200000, 0x000000008f300000, 0x000000008f300000|100%| E|CS|TAMS 0x000000008f200000, 0x000000008f200000| Complete 
| 243|0x000000008f300000, 0x000000008f400000, 0x000000008f400000|100%| E|CS|TAMS 0x000000008f300000, 0x000000008f300000| Complete 
| 244|0x000000008f400000, 0x000000008f500000, 0x000000008f500000|100%| E|CS|TAMS 0x000000008f400000, 0x000000008f400000| Complete 
| 245|0x000000008f500000, 0x000000008f600000, 0x000000008f600000|100%| E|CS|TAMS 0x000000008f500000, 0x000000008f500000| Complete 
| 246|0x000000008f600000, 0x000000008f700000, 0x000000008f700000|100%| E|CS|TAMS 0x000000008f600000, 0x000000008f600000| Complete 
| 247|0x000000008f700000, 0x000000008f800000, 0x000000008f800000|100%| E|CS|TAMS 0x000000008f700000, 0x000000008f700000| Complete 
| 248|0x000000008f800000, 0x000000008f900000, 0x000000008f900000|100%| E|CS|TAMS 0x000000008f800000, 0x000000008f800000| Complete 
| 249|0x000000008f900000, 0x000000008fa00000, 0x000000008fa00000|100%| E|CS|TAMS 0x000000008f900000, 0x000000008f900000| Complete 
| 250|0x000000008fa00000, 0x000000008fb00000, 0x000000008fb00000|100%| E|CS|TAMS 0x000000008fa00000, 0x000000008fa00000| Complete 
| 251|0x000000008fb00000, 0x000000008fc00000, 0x000000008fc00000|100%| E|CS|TAMS 0x000000008fb00000, 0x000000008fb00000| Complete 
| 252|0x000000008fc00000, 0x000000008fd00000, 0x000000008fd00000|100%| E|CS|TAMS 0x000000008fc00000, 0x000000008fc00000| Complete 
| 253|0x000000008fd00000, 0x000000008fe00000, 0x000000008fe00000|100%| E|CS|TAMS 0x000000008fd00000, 0x000000008fd00000| Complete 
| 254|0x000000008fe00000, 0x000000008ff00000, 0x000000008ff00000|100%| E|CS|TAMS 0x000000008fe00000, 0x000000008fe00000| Complete 
| 255|0x000000008ff00000, 0x0000000090000000, 0x0000000090000000|100%| E|CS|TAMS 0x000000008ff00000, 0x000000008ff00000| Complete 

Card table byte_map: [0x000002186ade0000,0x000002186b1e0000] _byte_map_base: 0x000002186a9e0000

Marking Bits (Prev, Next): (CMBitMap*) 0x0000021857bd4130, (CMBitMap*) 0x0000021857bd40f8
 Prev Bits: [0x000002186d5e0000, 0x000002186f5e0000)
 Next Bits: [0x000002186b5e0000, 0x000002186d5e0000)

Polling page: 0x0000021857370000

Metaspace:

Usage:
  Non-class:    114.87 MB capacity,   112.61 MB ( 98%) used,     1.81 MB (  2%) free+waste,   457.25 KB ( <1%) overhead. 
      Class:     17.54 MB capacity,    16.21 MB ( 92%) used,     1.13 MB (  6%) free+waste,   204.19 KB (  1%) overhead. 
       Both:    132.41 MB capacity,   128.82 MB ( 97%) used,     2.95 MB (  2%) free+waste,   661.44 KB ( <1%) overhead. 

Virtual space:
  Non-class space:      118.00 MB reserved,     116.70 MB ( 99%) committed 
      Class space:        1.00 GB reserved,      18.78 MB (  2%) committed 
             Both:        1.12 GB reserved,     135.48 MB ( 12%) committed 

Chunk freelists:
   Non-Class:  1.83 MB
       Class:  1.21 MB
        Both:  3.04 MB

MaxMetaspaceSize: 17179869184.00 GB
CompressedClassSpaceSize: 1.00 GB
Initial GC threshold: 20.80 MB
Current GC threshold: 225.81 MB
CDS: off

CodeHeap 'non-profiled nmethods': size=120000Kb used=12059Kb max_used=12059Kb free=107940Kb
 bounds [0x0000021863180000, 0x0000021863d50000, 0x000002186a6b0000]
CodeHeap 'profiled nmethods': size=120000Kb used=40672Kb max_used=40672Kb free=79327Kb
 bounds [0x000002185bc50000, 0x000002185e410000, 0x0000021863180000]
CodeHeap 'non-nmethods': size=5760Kb used=2471Kb max_used=2553Kb free=3288Kb
 bounds [0x000002185b6b0000, 0x000002185b940000, 0x000002185bc50000]
 total_blobs=19634 nmethods=18619 adapters=926
 compilation: enabled
              stopped_count=0, restarted_count=0
 full_count=0

Compilation events (20 events):
Event: 351.413 Thread 0x000002187292c000 nmethod 19663 0x000002185e401390 code [0x000002185e401540, 0x000002185e401658]
Event: 351.451 Thread 0x000002187292c000 19665       2       sun.security.jca.Providers::getProviderList (14 bytes)
Event: 351.452 Thread 0x000002187292c000 nmethod 19665 0x000002185e401710 code [0x000002185e4018c0, 0x000002185e401a28]
Event: 351.452 Thread 0x000002187292c000 19666       2       sun.security.jca.Providers::getThreadProviderList (18 bytes)
Event: 351.452 Thread 0x000002187292c000 nmethod 19666 0x000002185e401b10 code [0x000002185e401cc0, 0x000002185e401e28]
Event: 351.452 Thread 0x000002187292c000 19667   !   2       java.security.Provider$Service::newInstance (379 bytes)
Event: 351.455 Thread 0x000002187292c000 nmethod 19667 0x000002185e401f10 code [0x000002185e402420, 0x000002185e403a88]
Event: 351.475 Thread 0x000002187292c000 19668   !   3       com.sun.crypto.provider.PKCS12PBECipherCore::derive (501 bytes)
Event: 351.479 Thread 0x000002187292c000 nmethod 19668 0x000002185e405090 code [0x000002185e4055a0, 0x000002185e4083e8]
Event: 351.481 Thread 0x0000021875c72000 nmethod 19442 0x0000021863d2d090 code [0x0000021863d2d920, 0x0000021863d35a38]
Event: 351.482 Thread 0x0000021875c72000 19577 %     4       com.android.tools.r8.dex.i::l @ 64 (2158 bytes)
Event: 351.512 Thread 0x000002187292c000 19669       2       com.sun.crypto.provider.DESedeCrypt::decryptBlock (77 bytes)
Event: 351.513 Thread 0x000002187292c000 nmethod 19669 0x000002185e409f10 code [0x000002185e40a0e0, 0x000002185e40a3a8]
Event: 351.536 Thread 0x00000218728e4800 nmethod 19550 0x0000021863d39a10 code [0x0000021863d3a0e0, 0x0000021863d40750]
Event: 351.537 Thread 0x00000218728e4800 19635       4       sun.nio.fs.NativeBuffer::release (5 bytes)
Event: 351.565 Thread 0x00000218728e4800 nmethod 19635 0x0000021863d44a10 code [0x0000021863d44c40, 0x0000021863d45c50]
Event: 351.565 Thread 0x00000218728e4800 19455       4       java.nio.MappedByteBuffer::<init> (15 bytes)
Event: 351.568 Thread 0x00000218728e4800 nmethod 19455 0x0000021863d46390 code [0x0000021863d46540, 0x0000021863d467b8]
Event: 351.589 Thread 0x000002187292c000 19670       3       java.nio.channels.spi.AbstractInterruptibleChannel::end (53 bytes)
Event: 351.590 Thread 0x000002187292c000 nmethod 19670 0x000002185e40a490 code [0x000002185e40a6c0, 0x000002185e40ae18]

GC Heap History (20 events):
Event: 29.471 GC heap before
{Heap before GC invocations=16 (full 0):
 garbage-first heap   total 262144K, used 171008K [0x0000000080000000, 0x0000000100000000)
  region size 1024K, 88 young (90112K), 7 survivors (7168K)
 Metaspace       used 99278K, capacity 101533K, committed 101616K, reserved 1136640K
  class space    used 12700K, capacity 13569K, committed 13600K, reserved 1048576K
}
Event: 29.483 GC heap after
{Heap after GC invocations=17 (full 0):
 garbage-first heap   total 262144K, used 94208K [0x0000000080000000, 0x0000000100000000)
  region size 1024K, 11 young (11264K), 11 survivors (11264K)
 Metaspace       used 99278K, capacity 101533K, committed 101616K, reserved 1136640K
  class space    used 12700K, capacity 13569K, committed 13600K, reserved 1048576K
}
Event: 30.760 GC heap before
{Heap before GC invocations=18 (full 0):
 garbage-first heap   total 262144K, used 195584K [0x0000000080000000, 0x0000000100000000)
  region size 1024K, 109 young (111616K), 11 survivors (11264K)
 Metaspace       used 104005K, capacity 106258K, committed 106608K, reserved 1142784K
  class space    used 13215K, capacity 14111K, committed 14240K, reserved 1048576K
}
Event: 30.775 GC heap after
{Heap after GC invocations=19 (full 0):
 garbage-first heap   total 262144K, used 101362K [0x0000000080000000, 0x0000000100000000)
  region size 1024K, 10 young (10240K), 10 survivors (10240K)
 Metaspace       used 104005K, capacity 106258K, committed 106608K, reserved 1142784K
  class space    used 13215K, capacity 14111K, committed 14240K, reserved 1048576K
}
Event: 89.578 GC heap before
{Heap before GC invocations=20 (full 0):
 garbage-first heap   total 262144K, used 199666K [0x0000000080000000, 0x0000000100000000)
  region size 1024K, 107 young (109568K), 10 survivors (10240K)
 Metaspace       used 109148K, capacity 111577K, committed 111856K, reserved 1146880K
  class space    used 13609K, capacity 14537K, committed 14624K, reserved 1048576K
}
Event: 89.594 GC heap after
{Heap after GC invocations=21 (full 0):
 garbage-first heap   total 262144K, used 106144K [0x0000000080000000, 0x0000000100000000)
  region size 1024K, 12 young (12288K), 12 survivors (12288K)
 Metaspace       used 109148K, capacity 111577K, committed 111856K, reserved 1146880K
  class space    used 13609K, capacity 14537K, committed 14624K, reserved 1048576K
}
Event: 100.276 GC heap before
{Heap before GC invocations=21 (full 0):
 garbage-first heap   total 262144K, used 205472K [0x0000000080000000, 0x0000000100000000)
  region size 1024K, 108 young (110592K), 12 survivors (12288K)
 Metaspace       used 113348K, capacity 116107K, committed 116336K, reserved 1150976K
  class space    used 14153K, capacity 15145K, committed 15264K, reserved 1048576K
}
Event: 100.306 GC heap after
{Heap after GC invocations=22 (full 0):
 garbage-first heap   total 262144K, used 113999K [0x0000000080000000, 0x0000000100000000)
  region size 1024K, 7 young (7168K), 7 survivors (7168K)
 Metaspace       used 113348K, capacity 116107K, committed 116336K, reserved 1150976K
  class space    used 14153K, capacity 15145K, committed 15264K, reserved 1048576K
}
Event: 101.301 GC heap before
{Heap before GC invocations=22 (full 0):
 garbage-first heap   total 262144K, used 209231K [0x0000000080000000, 0x0000000100000000)
  region size 1024K, 99 young (101376K), 7 survivors (7168K)
 Metaspace       used 118663K, capacity 121832K, committed 122096K, reserved 1155072K
  class space    used 14908K, capacity 16048K, committed 16160K, reserved 1048576K
}
Event: 101.320 GC heap after
{Heap after GC invocations=23 (full 0):
 garbage-first heap   total 262144K, used 124868K [0x0000000080000000, 0x0000000100000000)
  region size 1024K, 13 young (13312K), 13 survivors (13312K)
 Metaspace       used 118663K, capacity 121832K, committed 122096K, reserved 1155072K
  class space    used 14908K, capacity 16048K, committed 16160K, reserved 1048576K
}
Event: 102.169 GC heap before
{Heap before GC invocations=23 (full 0):
 garbage-first heap   total 262144K, used 208836K [0x0000000080000000, 0x0000000100000000)
  region size 1024K, 96 young (98304K), 13 survivors (13312K)
 Metaspace       used 127316K, capacity 131679K, committed 131952K, reserved 1163264K
  class space    used 16534K, capacity 18298K, committed 18336K, reserved 1048576K
}
Event: 102.189 GC heap after
{Heap after GC invocations=24 (full 0):
 garbage-first heap   total 262144K, used 134161K [0x0000000080000000, 0x0000000100000000)
  region size 1024K, 11 young (11264K), 11 survivors (11264K)
 Metaspace       used 127316K, capacity 131679K, committed 131952K, reserved 1163264K
  class space    used 16534K, capacity 18298K, committed 18336K, reserved 1048576K
}
Event: 102.876 GC heap before
{Heap before GC invocations=24 (full 0):
 garbage-first heap   total 262144K, used 176145K [0x0000000080000000, 0x0000000100000000)
  region size 1024K, 54 young (55296K), 11 survivors (11264K)
 Metaspace       used 129753K, capacity 134561K, committed 134768K, reserved 1165312K
  class space    used 16901K, capacity 18802K, committed 18848K, reserved 1048576K
}
Event: 102.898 GC heap after
{Heap after GC invocations=25 (full 0):
 garbage-first heap   total 262144K, used 134504K [0x0000000080000000, 0x0000000100000000)
  region size 1024K, 3 young (3072K), 3 survivors (3072K)
 Metaspace       used 129753K, capacity 134561K, committed 134768K, reserved 1165312K
  class space    used 16901K, capacity 18802K, committed 18848K, reserved 1048576K
}
Event: 274.420 GC heap before
{Heap before GC invocations=26 (full 0):
 garbage-first heap   total 262144K, used 254312K [0x0000000080000000, 0x0000000100000000)
  region size 1024K, 78 young (79872K), 3 survivors (3072K)
 Metaspace       used 132872K, capacity 137541K, committed 137968K, reserved 1167360K
  class space    used 17220K, capacity 19092K, committed 19232K, reserved 1048576K
}
Event: 274.426 GC heap after
{Heap after GC invocations=27 (full 0):
 garbage-first heap   total 262144K, used 133247K [0x0000000080000000, 0x0000000100000000)
  region size 1024K, 4 young (4096K), 4 survivors (4096K)
 Metaspace       used 132872K, capacity 137541K, committed 137968K, reserved 1167360K
  class space    used 17220K, capacity 19092K, committed 19232K, reserved 1048576K
}
Event: 347.830 GC heap before
{Heap before GC invocations=27 (full 0):
 garbage-first heap   total 262144K, used 140415K [0x0000000080000000, 0x0000000100000000)
  region size 1024K, 12 young (12288K), 4 survivors (4096K)
 Metaspace       used 133003K, capacity 137656K, committed 137968K, reserved 1167360K
  class space    used 17236K, capacity 19120K, committed 19232K, reserved 1048576K
}
Event: 347.840 GC heap after
{Heap after GC invocations=28 (full 0):
 garbage-first heap   total 262144K, used 125647K [0x0000000080000000, 0x0000000100000000)
  region size 1024K, 2 young (2048K), 2 survivors (2048K)
 Metaspace       used 133003K, capacity 137656K, committed 137968K, reserved 1167360K
  class space    used 17236K, capacity 19120K, committed 19232K, reserved 1048576K
}
Event: 351.022 GC heap before
{Heap before GC invocations=28 (full 0):
 garbage-first heap   total 262144K, used 209615K [0x0000000080000000, 0x0000000100000000)
  region size 1024K, 85 young (87040K), 2 survivors (2048K)
 Metaspace       used 133626K, capacity 138463K, committed 138736K, reserved 1169408K
  class space    used 17263K, capacity 19159K, committed 19232K, reserved 1048576K
}
Event: 351.042 GC heap after
{Heap after GC invocations=29 (full 0):
 garbage-first heap   total 262144K, used 133796K [0x0000000080000000, 0x0000000100000000)
  region size 1024K, 10 young (10240K), 10 survivors (10240K)
 Metaspace       used 133626K, capacity 138463K, committed 138736K, reserved 1169408K
  class space    used 17263K, capacity 19159K, committed 19232K, reserved 1048576K
}

Deoptimization events (20 events):
Event: 351.107 Thread 0x0000021878536000 DEOPT PACKING pc=0x00000218631eac20 sp=0x00000029713fd180
Event: 351.107 Thread 0x0000021878536000 DEOPT UNPACKING pc=0x000002185b6fa1af sp=0x00000029713fd150 mode 2
Event: 351.333 Thread 0x000002187b3d4000 Uncommon trap: trap_request=0xffffffc6 fr.pc=0x0000021863814bf0 relative=0x0000000000000310
Event: 351.333 Thread 0x000002187b3d4000 Uncommon trap: reason=bimorphic_or_optimized_type_check action=maybe_recompile pc=0x0000021863814bf0 method=org.gradle.internal.snapshot.ChildMapFactory.childMapFromSorted(Ljava/util/List;)Lorg/gradle/internal/snapshot/ChildMap; @ 1 c2
Event: 351.333 Thread 0x000002187b3d4000 DEOPT PACKING pc=0x0000021863814bf0 sp=0x00000029706fdd30
Event: 351.333 Thread 0x000002187b3d4000 DEOPT UNPACKING pc=0x000002185b6fa1af sp=0x00000029706fdcf8 mode 2
Event: 351.367 Thread 0x000002187853b000 Uncommon trap: trap_request=0xffffffc6 fr.pc=0x0000021863b9b9cc relative=0x00000000000005cc
Event: 351.367 Thread 0x000002187853b000 Uncommon trap: reason=bimorphic_or_optimized_type_check action=maybe_recompile pc=0x0000021863b9b9cc method=java.nio.charset.CharsetDecoder.decode(Ljava/nio/ByteBuffer;Ljava/nio/CharBuffer;Z)Ljava/nio/charset/CoderResult; @ 57 c2
Event: 351.367 Thread 0x000002187853b000 DEOPT PACKING pc=0x0000021863b9b9cc sp=0x00000029718fd510
Event: 351.367 Thread 0x000002187853b000 DEOPT UNPACKING pc=0x000002185b6fa1af sp=0x00000029718fd4c8 mode 2
Event: 351.411 Thread 0x000002187853b000 Uncommon trap: trap_request=0xffffffc6 fr.pc=0x0000021863b9b9cc relative=0x00000000000005cc
Event: 351.411 Thread 0x000002187853b000 Uncommon trap: reason=bimorphic_or_optimized_type_check action=maybe_recompile pc=0x0000021863b9b9cc method=java.nio.charset.CharsetDecoder.decode(Ljava/nio/ByteBuffer;Ljava/nio/CharBuffer;Z)Ljava/nio/charset/CoderResult; @ 57 c2
Event: 351.411 Thread 0x000002187853b000 DEOPT PACKING pc=0x0000021863b9b9cc sp=0x00000029718fd3b0
Event: 351.411 Thread 0x000002187853b000 DEOPT UNPACKING pc=0x000002185b6fa1af sp=0x00000029718fd368 mode 2
Event: 351.475 Thread 0x000002187853b000 Uncommon trap: trap_request=0x0000000d fr.pc=0x0000021863353c54 relative=0x0000000000000e14
Event: 351.475 Thread 0x000002187853b000 Uncommon trap: reason=unloaded action=reinterpret pc=0x0000021863353c54 method=com.sun.crypto.provider.PKCS12PBECipherCore.derive([C[BIIILjava/lang/String;I)[B @ 296 c2
Event: 351.475 Thread 0x000002187853b000 DEOPT PACKING pc=0x0000021863353c54 sp=0x00000029718fd1f0
Event: 351.475 Thread 0x000002187853b000 DEOPT UNPACKING pc=0x000002185b6fa1af sp=0x00000029718fd180 mode 2
Event: 351.495 Thread 0x000002187853b000 DEOPT PACKING pc=0x000002185e407e76 sp=0x00000029718fd0f0
Event: 351.495 Thread 0x000002187853b000 DEOPT UNPACKING pc=0x000002185b6fa95e sp=0x00000029718fc670 mode 0

Classes redefined (0 events):
No events

Internal exceptions (20 events):
Event: 103.985 Thread 0x00000218791a9800 Exception <a 'java/lang/NoSuchMethodError'{0x000000008c858a70}: 'java.lang.Object java.lang.invoke.Invokers$Holder.linkToTargetMethod(java.lang.Object, java.lang.Object, java.lang.Object, java.lang.Object, java.lang.Object, java.lang.Object, int, java.lang.Object)'> (0x000000008c858a70) thrown at [./src/hotspot/share/interpreter/linkResolver.cpp, line 773]
Event: 104.647 Thread 0x00000218749fd000 Implicit null exception at 0x000002186354c491 to 0x000002186354c8d8
Event: 104.649 Thread 0x00000218791a3000 Exception <a 'sun/nio/fs/WindowsException'{0x000000008b901078}> (0x000000008b901078) thrown at [./src/hotspot/share/prims/jni.cpp, line 616]
Event: 104.651 Thread 0x00000218749fd000 Exception <a 'sun/nio/fs/WindowsException'{0x000000008bae4380}> (0x000000008bae4380) thrown at [./src/hotspot/share/prims/jni.cpp, line 616]
Event: 104.651 Thread 0x00000218749fd000 Exception <a 'sun/nio/fs/WindowsException'{0x000000008bae4400}> (0x000000008bae4400) thrown at [./src/hotspot/share/prims/jni.cpp, line 616]
Event: 104.651 Thread 0x00000218749fd000 Exception <a 'sun/nio/fs/WindowsException'{0x000000008bae5cc8}> (0x000000008bae5cc8) thrown at [./src/hotspot/share/prims/jni.cpp, line 616]
Event: 347.739 Thread 0x00000218765fa800 Implicit null exception at 0x00000218638c76cc to 0x00000218638c7714
Event: 348.098 Thread 0x00000218765fa800 Exception <a 'sun/nio/fs/WindowsException'{0x000000008e9be710}> (0x000000008e9be710) thrown at [./src/hotspot/share/prims/jni.cpp, line 616]
Event: 348.134 Thread 0x00000218765fa800 Implicit null exception at 0x0000021863a30ffe to 0x0000021863a31110
Event: 348.322 Thread 0x00000218765fa800 Exception <a 'sun/nio/fs/WindowsException'{0x000000008dd8a508}> (0x000000008dd8a508) thrown at [./src/hotspot/share/prims/jni.cpp, line 616]
Event: 348.334 Thread 0x00000218765fa800 Exception <a 'sun/nio/fs/WindowsException'{0x000000008dc2e9d8}> (0x000000008dc2e9d8) thrown at [./src/hotspot/share/prims/jni.cpp, line 616]
Event: 348.335 Thread 0x00000218765fa800 Exception <a 'sun/nio/fs/WindowsException'{0x000000008dc2fd50}> (0x000000008dc2fd50) thrown at [./src/hotspot/share/prims/jni.cpp, line 616]
Event: 348.335 Thread 0x00000218765fa800 Exception <a 'sun/nio/fs/WindowsException'{0x000000008dc31118}> (0x000000008dc31118) thrown at [./src/hotspot/share/prims/jni.cpp, line 616]
Event: 348.335 Thread 0x00000218765fa800 Exception <a 'sun/nio/fs/WindowsException'{0x000000008dc324e0}> (0x000000008dc324e0) thrown at [./src/hotspot/share/prims/jni.cpp, line 616]
Event: 348.413 Thread 0x00000218765fa800 Exception <a 'sun/nio/fs/WindowsException'{0x000000008d9f55f0}> (0x000000008d9f55f0) thrown at [./src/hotspot/share/prims/jni.cpp, line 616]
Event: 349.493 Thread 0x0000021878537000 Exception <a 'java/lang/InterruptedException'{0x000000008b7e4f28}> (0x000000008b7e4f28) thrown at [./src/hotspot/share/runtime/objectMonitor.cpp, line 1635]
Event: 351.043 Thread 0x0000021878536000 Exception <a 'sun/nio/fs/WindowsException'{0x000000008ff77a58}> (0x000000008ff77a58) thrown at [./src/hotspot/share/prims/jni.cpp, line 616]
Event: 351.109 Thread 0x0000021878536000 Exception <a 'sun/nio/fs/WindowsException'{0x000000008fbb3630}> (0x000000008fbb3630) thrown at [./src/hotspot/share/prims/jni.cpp, line 616]
Event: 351.312 Thread 0x0000021878539000 Exception <a 'sun/nio/fs/WindowsException'{0x000000008fdc66f0}> (0x000000008fdc66f0) thrown at [./src/hotspot/share/prims/jni.cpp, line 616]
Event: 351.328 Thread 0x0000021878539000 Exception <a 'sun/nio/fs/WindowsException'{0x000000008f988710}> (0x000000008f988710) thrown at [./src/hotspot/share/prims/jni.cpp, line 616]

Events (20 events):
Event: 351.130 Executing VM operation: RevokeBias done
Event: 351.180 Executing VM operation: CGC_Operation
Event: 351.221 Executing VM operation: CGC_Operation done
Event: 351.288 Thread 0x000002187853c800 Thread added: 0x000002187853c800
Event: 351.295 Executing VM operation: CGC_Operation
Event: 351.295 Executing VM operation: CGC_Operation done
Event: 351.332 Executing VM operation: ICBufferFull
Event: 351.333 Executing VM operation: ICBufferFull done
Event: 351.358 Executing VM operation: RevokeBias
Event: 351.359 Executing VM operation: RevokeBias done
Event: 351.367 Executing VM operation: RevokeBias
Event: 351.367 Executing VM operation: RevokeBias done
Event: 351.367 Executing VM operation: RevokeBias
Event: 351.367 Executing VM operation: RevokeBias done
Event: 351.367 Executing VM operation: RevokeBias
Event: 351.367 Executing VM operation: RevokeBias done
Event: 351.367 Executing VM operation: RevokeBias
Event: 351.368 Executing VM operation: RevokeBias done
Event: 351.368 Executing VM operation: RevokeBias
Event: 351.368 Executing VM operation: RevokeBias done


Dynamic libraries:
0x00007ff77f980000 - 0x00007ff77f98a000 	C:\Users\kosmo\AppData\Local\JetBrains\Toolbox\apps\AndroidStudio\ch-0\213.7172.25.2113.9123335\jre\bin\java.exe
0x00007ffb52660000 - 0x00007ffb52869000 	C:\Windows\SYSTEM32\ntdll.dll
0x00007ffb50eb0000 - 0x00007ffb50f6e000 	C:\Windows\System32\KERNEL32.DLL
0x00007ffb4ff90000 - 0x00007ffb50313000 	C:\Windows\System32\KERNELBASE.dll
0x00007ffb4fe70000 - 0x00007ffb4ff81000 	C:\Windows\System32\ucrtbase.dll
0x00007ffb2cdd0000 - 0x00007ffb2cde9000 	C:\Users\kosmo\AppData\Local\JetBrains\Toolbox\apps\AndroidStudio\ch-0\213.7172.25.2113.9123335\jre\bin\jli.dll
0x00007ffb2ccd0000 - 0x00007ffb2cce7000 	C:\Users\kosmo\AppData\Local\JetBrains\Toolbox\apps\AndroidStudio\ch-0\213.7172.25.2113.9123335\jre\bin\VCRUNTIME140.dll
0x00007ffb50ca0000 - 0x00007ffb50e4d000 	C:\Windows\System32\USER32.dll
0x00007ffb38860000 - 0x00007ffb38b05000 	C:\Windows\WinSxS\amd64_microsoft.windows.common-controls_6595b64144ccf1df_6.0.22000.120_none_9d947278b86cc467\COMCTL32.dll
0x00007ffb4fc30000 - 0x00007ffb4fc56000 	C:\Windows\System32\win32u.dll
0x00007ffb505d0000 - 0x00007ffb505f9000 	C:\Windows\System32\GDI32.dll
0x00007ffb52490000 - 0x00007ffb52533000 	C:\Windows\System32\msvcrt.dll
0x00007ffb4fb10000 - 0x00007ffb4fc2a000 	C:\Windows\System32\gdi32full.dll
0x00007ffb4fdd0000 - 0x00007ffb4fe6d000 	C:\Windows\System32\msvcp_win.dll
0x00007ffb50600000 - 0x00007ffb50631000 	C:\Windows\System32\IMM32.DLL
0x00007ffb135c0000 - 0x00007ffb1365d000 	C:\Users\kosmo\AppData\Local\JetBrains\Toolbox\apps\AndroidStudio\ch-0\213.7172.25.2113.9123335\jre\bin\msvcp140.dll
0x00007ffaf7900000 - 0x00007ffaf8402000 	C:\Users\kosmo\AppData\Local\JetBrains\Toolbox\apps\AndroidStudio\ch-0\213.7172.25.2113.9123335\jre\bin\server\jvm.dll
0x00007ffb50500000 - 0x00007ffb505ae000 	C:\Windows\System32\ADVAPI32.dll
0x00007ffb509c0000 - 0x00007ffb50a5e000 	C:\Windows\System32\sechost.dll
0x00007ffb52030000 - 0x00007ffb52151000 	C:\Windows\System32\RPCRT4.dll
0x00007ffb504f0000 - 0x00007ffb504f8000 	C:\Windows\System32\PSAPI.DLL
0x00007ffb4ca70000 - 0x00007ffb4ca79000 	C:\Windows\SYSTEM32\WSOCK32.dll
0x00007ffb490b0000 - 0x00007ffb490e3000 	C:\Windows\SYSTEM32\WINMM.dll
0x00007ffb51110000 - 0x00007ffb5117f000 	C:\Windows\System32\WS2_32.dll
0x00007ffb4a310000 - 0x00007ffb4a31a000 	C:\Windows\SYSTEM32\VERSION.dll
0x00007ffb4eb50000 - 0x00007ffb4eb68000 	C:\Windows\SYSTEM32\kernel.appcore.dll
0x00007ffb49270000 - 0x00007ffb49281000 	C:\Users\kosmo\AppData\Local\JetBrains\Toolbox\apps\AndroidStudio\ch-0\213.7172.25.2113.9123335\jre\bin\verify.dll
0x00007ffb4d070000 - 0x00007ffb4d291000 	C:\Windows\SYSTEM32\DBGHELP.DLL
0x00007ffb35630000 - 0x00007ffb35661000 	C:\Windows\SYSTEM32\dbgcore.DLL
0x00007ffb503e0000 - 0x00007ffb5045f000 	C:\Windows\System32\bcryptPrimitives.dll
0x00007ffb49200000 - 0x00007ffb49229000 	C:\Users\kosmo\AppData\Local\JetBrains\Toolbox\apps\AndroidStudio\ch-0\213.7172.25.2113.9123335\jre\bin\java.dll
0x00007ffb4ca80000 - 0x00007ffb4ca8b000 	C:\Users\kosmo\AppData\Local\JetBrains\Toolbox\apps\AndroidStudio\ch-0\213.7172.25.2113.9123335\jre\bin\jimage.dll
0x00007ffb40770000 - 0x00007ffb40788000 	C:\Users\kosmo\AppData\Local\JetBrains\Toolbox\apps\AndroidStudio\ch-0\213.7172.25.2113.9123335\jre\bin\zip.dll
0x00007ffb51860000 - 0x00007ffb52025000 	C:\Windows\System32\SHELL32.dll
0x00007ffb4dbb0000 - 0x00007ffb4e414000 	C:\Windows\SYSTEM32\windows.storage.dll
0x00007ffb50640000 - 0x00007ffb509b6000 	C:\Windows\System32\combase.dll
0x00007ffb4da40000 - 0x00007ffb4dba7000 	C:\Windows\SYSTEM32\wintypes.dll
0x00007ffb523a0000 - 0x00007ffb5248a000 	C:\Windows\System32\SHCORE.dll
0x00007ffb50b80000 - 0x00007ffb50bdd000 	C:\Windows\System32\shlwapi.dll
0x00007ffb4fa40000 - 0x00007ffb4fa61000 	C:\Windows\SYSTEM32\profapi.dll
0x00007ffb3f860000 - 0x00007ffb3f87a000 	C:\Users\kosmo\AppData\Local\JetBrains\Toolbox\apps\AndroidStudio\ch-0\213.7172.25.2113.9123335\jre\bin\net.dll
0x00007ffb4a1f0000 - 0x00007ffb4a302000 	C:\Windows\SYSTEM32\WINHTTP.dll
0x00007ffb4efe0000 - 0x00007ffb4f047000 	C:\Windows\system32\mswsock.dll
0x00007ffb33790000 - 0x00007ffb337a4000 	C:\Users\kosmo\AppData\Local\JetBrains\Toolbox\apps\AndroidStudio\ch-0\213.7172.25.2113.9123335\jre\bin\nio.dll
0x00007ffb253b0000 - 0x00007ffb253d7000 	C:\Users\kosmo\.gradle\native\e1d6ef7f7dcc3fd88c89a11ec53ec762bb8ba0a96d01ffa2cd45eb1d1d8dd5c5\windows-amd64\native-platform.dll
0x00007ffb10a30000 - 0x00007ffb10b74000 	C:\Users\kosmo\.gradle\native\0d407fdbe67a94daf76414ababcb853783967236a71b16ec16e742cd7a986fd3\windows-amd64\native-platform-file-events.dll
0x00007ffb4b0f0000 - 0x00007ffb4b0fa000 	C:\Users\kosmo\AppData\Local\JetBrains\Toolbox\apps\AndroidStudio\ch-0\213.7172.25.2113.9123335\jre\bin\management.dll
0x00007ffb49260000 - 0x00007ffb4926d000 	C:\Users\kosmo\AppData\Local\JetBrains\Toolbox\apps\AndroidStudio\ch-0\213.7172.25.2113.9123335\jre\bin\management_ext.dll
0x00007ffb4f2b0000 - 0x00007ffb4f2c8000 	C:\Windows\SYSTEM32\CRYPTSP.dll
0x00007ffb4eab0000 - 0x00007ffb4eae5000 	C:\Windows\system32\rsaenh.dll
0x00007ffb4f080000 - 0x00007ffb4f0a9000 	C:\Windows\SYSTEM32\USERENV.dll
0x00007ffb4f470000 - 0x00007ffb4f497000 	C:\Windows\SYSTEM32\bcrypt.dll
0x00007ffb4f1d0000 - 0x00007ffb4f1dc000 	C:\Windows\SYSTEM32\CRYPTBASE.dll
0x00007ffb4e670000 - 0x00007ffb4e69d000 	C:\Windows\SYSTEM32\IPHLPAPI.DLL
0x00007ffb51760000 - 0x00007ffb51769000 	C:\Windows\System32\NSI.dll
0x00007ffb49890000 - 0x00007ffb498a9000 	C:\Windows\SYSTEM32\dhcpcsvc6.DLL
0x00007ffb4a4d0000 - 0x00007ffb4a4ee000 	C:\Windows\SYSTEM32\dhcpcsvc.DLL
0x00007ffb4e6a0000 - 0x00007ffb4e788000 	C:\Windows\SYSTEM32\DNSAPI.dll
0x00007ffb2b0e0000 - 0x00007ffb2b0fe000 	C:\Users\kosmo\AppData\Local\Temp\native-platform9709520906218550599dir\native-platform.dll
0x00007ffb40160000 - 0x00007ffb40168000 	C:\Users\kosmo\AppData\Local\JetBrains\Toolbox\apps\AndroidStudio\ch-0\213.7172.25.2113.9123335\jre\bin\rmi.dll
0x00007ffb2b070000 - 0x00007ffb2b097000 	C:\Users\kosmo\AppData\Local\JetBrains\Toolbox\apps\AndroidStudio\ch-0\213.7172.25.2113.9123335\jre\bin\sunec.dll

dbghelp: loaded successfully - version: 4.0.5 - missing functions: none
symbol engine: initialized successfully - sym options: 0x614 - pdb path: .;C:\Users\kosmo\AppData\Local\JetBrains\Toolbox\apps\AndroidStudio\ch-0\213.7172.25.2113.9123335\jre\bin;C:\Windows\SYSTEM32;C:\Windows\WinSxS\amd64_microsoft.windows.common-controls_6595b64144ccf1df_6.0.22000.120_none_9d947278b86cc467;C:\Users\kosmo\AppData\Local\JetBrains\Toolbox\apps\AndroidStudio\ch-0\213.7172.25.2113.9123335\jre\bin\server;C:\Users\kosmo\.gradle\native\e1d6ef7f7dcc3fd88c89a11ec53ec762bb8ba0a96d01ffa2cd45eb1d1d8dd5c5\windows-amd64;C:\Users\kosmo\.gradle\native\0d407fdbe67a94daf76414ababcb853783967236a71b16ec16e742cd7a986fd3\windows-amd64;C:\Users\kosmo\AppData\Local\Temp\native-platform9709520906218550599dir

VM Arguments:
jvm_args: --add-opens=java.base/java.util=ALL-UNNAMED --add-opens=java.base/java.lang=ALL-UNNAMED --add-opens=java.base/java.lang.invoke=ALL-UNNAMED --add-opens=java.base/java.util=ALL-UNNAMED --add-opens=java.prefs/java.util.prefs=ALL-UNNAMED --add-opens=java.prefs/java.util.prefs=ALL-UNNAMED --add-opens=java.base/java.nio.charset=ALL-UNNAMED --add-opens=java.base/java.net=ALL-UNNAMED --add-opens=java.base/java.util.concurrent.atomic=ALL-UNNAMED -Xmx2048m -Dfile.encoding=UTF-8 -Duser.country=US -Duser.language=en -Duser.variant 
java_command: org.gradle.launcher.daemon.bootstrap.GradleDaemon 7.4
java_class_path (initial): C:\Users\kosmo\.gradle\wrapper\dists\gradle-7.4-bin\c0gwcg53nkjbqw7r0h0umtfvt\gradle-7.4\lib\gradle-launcher-7.4.jar
Launcher Type: SUN_STANDARD

[Global flags]
     intx CICompilerCount                          = 4                                         {product} {ergonomic}
     uint ConcGCThreads                            = 2                                         {product} {ergonomic}
     uint G1ConcRefinementThreads                  = 8                                         {product} {ergonomic}
   size_t G1HeapRegionSize                         = 1048576                                   {product} {ergonomic}
    uintx GCDrainStackTargetSize                   = 64                                        {product} {ergonomic}
   size_t InitialHeapSize                          = 268435456                                 {product} {ergonomic}
   size_t MarkStackSize                            = 4194304                                   {product} {ergonomic}
   size_t MaxHeapSize                              = 2147483648                                {product} {command line}
   size_t MaxNewSize                               = 1287651328                                {product} {ergonomic}
   size_t MinHeapDeltaBytes                        = 1048576                                   {product} {ergonomic}
    uintx NonNMethodCodeHeapSize                   = 5836300                                {pd product} {ergonomic}
    uintx NonProfiledCodeHeapSize                  = 122910970                              {pd product} {ergonomic}
    uintx ProfiledCodeHeapSize                     = 122910970                              {pd product} {ergonomic}
    uintx ReservedCodeCacheSize                    = 251658240                              {pd product} {ergonomic}
     bool SegmentedCodeCache                       = true                                      {product} {ergonomic}
     bool UseCompressedClassPointers               = true                                 {lp64_product} {ergonomic}
     bool UseCompressedOops                        = true                                 {lp64_product} {ergonomic}
     bool UseG1GC                                  = true                                      {product} {ergonomic}
     bool UseLargePagesIndividualAllocation        = false                                  {pd product} {ergonomic}

Logging:
Log output configuration:
 #0: stdout all=warning uptime,level,tags
 #1: stderr all=off uptime,level,tags

Environment Variables:
PATH=C:\ProgramData\Oracle\Java\javapath;C:\Windows\system32;C:\Windows;C:\Windows\System32\Wbem;C:\Windows\System32\WindowsPowerShell\v1.0\;C:\Windows\System32\OpenSSH\;C:\Program Files\NVIDIA Corporation\NVIDIA NvDLISR;C:\Program Files (x86)\NVIDIA Corporation\PhysX\Common;D:\Soft\runtime\win64;D:\Soft\bin;C:\Program Files\Git\cmd;C:\Program Files\nodejs\;C:\Program Files\Graphviz\bin;C:\Program Files\dotnet\;C:\Program Files\Docker\Docker\resources\bin;C:\Users\kosmo\Desktop\iperf-3.1.3-win64;C:\Windows\System32\OpenSSH\;C:\Program Files\PuTTY\;%USERPROFILE%\AppData\Local\Microsoft\WindowsApps;C:\Users\kosmo\AppData\Roaming\npm;C:\Program Files (x86)\Graphviz\bin;C:\Exercism;C:\Users\kosmo\AppData\Local\JetBrains\Toolbox\scripts
USERNAME=kosmo
OS=Windows_NT
PROCESSOR_IDENTIFIER=Intel64 Family 6 Model 142 Stepping 10, GenuineIntel



---------------  S Y S T E M  ---------------

OS: Windows 11 , 64 bit Build 22000 (10.0.22000.1761)
OS uptime: 2 days 7:28 hours
Hyper-V role detected

CPU:total 8 (initial active 8) (4 cores per cpu, 2 threads per core) family 6 model 142 stepping 10 microcode 0xe0, cmov, cx8, fxsr, mmx, sse, sse2, sse3, ssse3, sse4.1, sse4.2, popcnt, avx, avx2, aes, clmul, erms, 3dnowpref, lzcnt, ht, tsc, tscinvbit, bmi1, bmi2, adx, fma

Memory: 4k page, system-wide physical 16262M (472M free)
TotalPageFile size 20360M (AvailPageFile size 21M)
current process WorkingSet (physical memory assigned to process): 617M, peak: 626M
current process commit charge ("private bytes"): 656M, peak: 666M

vm_info: OpenJDK 64-Bit Server VM (11.0.13+0-b1751.21-8125866) for windows-amd64 JRE (11.0.13+0-b1751.21-8125866), built on Feb  2 2022 03:00:22 by "builder" with MS VC++ 14.0 (VS2015)

END.
